[build-lock] package-transmutation acquired
   Compiling transmutation v0.1.0 (/Users/pascaldisse/projects/magic-crystal-play/packages/transmute)
    Finished `test` profile [unoptimized + debuginfo] target(s) in 1.85s
     Running unittests src/lib.rs (target/debug/deps/transmutation-cdc5d19174ce7478)

running 8 tests
test tests::gaia_primitives_tessellate_nonempty ... ok
test tests::header_rejects_garbage ... ok
test partition::scaling_tests::finding7_high_valence_scales_linearly ... ok
test tests::serialize_roundtrip_equality ... ok
test tests::leaf_tri_sum_equals_input ... ok
test tests::greedy_fallback_also_transmutes ... ok
test tests::sphere_transmutes_multi_level_chain ... ok
test tests::every_shard_within_budgets ... ok

test result: ok. 8 passed; 0 failed; 0 ignored; 0 measured; 0 filtered out; finished in 0.47s

     Running unittests src/bin/transmute-cli.rs (target/debug/deps/transmute_cli-3d038fefb0c5e3f9)

running 0 tests

test result: ok. 0 passed; 0 failed; 0 ignored; 0 measured; 0 filtered out; finished in 0.00s

     Running tests/inquisition.rs (target/debug/deps/inquisition-cb5b3457c242b84c)

running 24 tests
test budgets_default_is_engine_ceiling ... ok
test finding2_greedy_leftover_bounded_not_dumped ... ok
test finding3_single_triangle_terminal ... ok
test finding3_unsimplifiable_stays_terminal_no_orphans ... ok
test finding4_version_bumped_and_v1_rejected ... ok
test advisory_leaf_triangle_multiset_equals_input ... ok
test finding5_uv_seam_not_welded ... ok
test finding1_canonical_coordinate_offset_grids ... ok
test finding6_illegal_params_rejected ... ok
test finding5_uv_seam_survives_multi_level ... ok
test finding7_greedy_partition_balance_direct ... ok
test finding7_high_valence_completes ... ok
test finding1_boundary_locking_pathological ... ok
test finding2_group_records_share_metric ... ok
test finding4_pages_range_read_independently ... ok
test finding7_disconnected_components_balanced ... ok
test finding5_pathological_lossless ... ok
test finding4_root_loads_without_the_rest ... ok
test advisory_error_monotone_up_chain ... ok
test finding4_dependency_closure_covers_all_pages ... ok
test finding1_boundary_locking_sphere_and_plane ... ok
test finding8_metis_default_in_process_double_build_identical ... ok
== transmutation Great Chain stats ==
mesh:        sphere @ res 128
input verts: 12513
input tris:  24576
partitioner: metis
levels:      9
clusters:    666 total
groups:      169 total
leaf tri sum:24576 (== input: true)

level    clusters         tris  avg tris/cl
0             262        24576         93.8
1             185        12264         66.3
2             103         6120         59.4
3              58         3058         52.7
4              29         1554         53.6
5              16          778         48.6
6               8          390         48.8
7               4          194         48.5
8               1           96         96.0
wrote /Users/pascaldisse/projects/magic-crystal-play/target/tmp/det_a.cbdg (1856429 bytes)
test finding8_pipeline_deterministic_greedy ... ok
== transmutation Great Chain stats ==
mesh:        sphere @ res 128
input verts: 12513
input tris:  24576
partitioner: metis
levels:      9
clusters:    666 total
groups:      169 total
leaf tri sum:24576 (== input: true)

level    clusters         tris  avg tris/cl
0             262        24576         93.8
1             185        12264         66.3
2             103         6120         59.4
3              58         3058         52.7
4              29         1554         53.6
5              16          778         48.6
6               8          390         48.8
7               4          194         48.5
8               1           96         96.0
wrote /Users/pascaldisse/projects/magic-crystal-play/target/tmp/det_b.cbdg (1856429 bytes)
test finding8_two_independent_builds_byte_identical ... ok

test result: ok. 24 passed; 0 failed; 0 ignored; 0 measured; 0 filtered out; finished in 1.20s

   Doc-tests transmutation

running 0 tests

test result: ok. 0 passed; 0 failed; 0 ignored; 0 measured; 0 filtered out; finished in 0.00s

