[build-lock] package-elements acquired
    Finished `test` profile [unoptimized + debuginfo] target(s) in 0.07s
     Running unittests src/lib.rs (target/debug/deps/elements-2c071961db34bb8e)

running 0 tests

test result: ok. 0 passed; 0 failed; 0 ignored; 0 measured; 0 filtered out; finished in 0.00s

     Running tests/adv_chain.rs (target/debug/deps/adv_chain-97019affb17f5fa7)

running 1 test
test adv_chain_three_walls ... ok

test result: ok. 1 passed; 0 failed; 0 ignored; 0 measured; 0 filtered out; finished in 0.00s

     Running tests/adv_margin.rs (target/debug/deps/adv_margin-4be0ab7363625468)

running 2 tests
test adv_two_sided_overshoot ... ok
test adv_grid_boundary_superset ... ok

test result: ok. 2 passed; 0 failed; 0 ignored; 0 measured; 0 filtered out; finished in 0.01s

     Running tests/diag.rs (target/debug/deps/diag-9160f76f81ddff5e)

running 1 test
test diag_incline ... ok

test result: ok. 1 passed; 0 failed; 0 ignored; 0 measured; 0 filtered out; finished in 15.06s

     Running tests/fluid_ordeals.rs (target/debug/deps/fluid_ordeals-7fd56c7d1eae2450)

running 9 tests
test ordeal_buoyancy_rises ... ignored, OPEN ITEM (gate 4): buoyancy does not emerge. round-9 measured Akinci two-way coupling + rho0-below-packing (zero mass discrimination); round-10 BUILT + measured the container-boundary lambda lever — it DETONATES (surf 0.58->3.2m over 40 ticks, endurance fails at tick 0), kept OFF by default. Real fix needs pressure-mirrored/relaxation-tuned machinery. EXPECTED RED, escalated, not faked, not in the green suite
test sabotage_no_floor_collapses ... ignored, sabotage probe: disables the min-separation floor and IS EXPECTED TO FAIL (the round-7 collapse) — run explicitly with --ignored, not part of the green suite
test ordeal_mass_and_count_conservation ... ok
test ordeal_incompressibility_at_rest_derived ... ok
test ordeal_min_separation_holds ... ok
test ordeal_hydrostatic_endurance ... ok
test ordeal_rest_stays_at_rest ... ok
test ordeal_splash_deterministic ... ok
test ordeal_determinism_rest_byte_identical ... ok

test result: ok. 7 passed; 0 failed; 2 ignored; 0 measured; 0 filtered out; finished in 17.10s

     Running tests/fluid_profile_probe.rs (target/debug/deps/fluid_profile_probe-f79f3647027642e5)

running 2 tests
test container_discrimination_probe ... ignored, round-10 container-boundary discrimination probe; run explicitly --ignored --nocapture
test profile_sweep ... ignored, instrumentation probe (round-9): sweeps rho0 factor, prints profile + robust net box rise; run explicitly with --ignored --nocapture

test result: ok. 0 passed; 0 failed; 2 ignored; 0 measured; 0 filtered out; finished in 0.00s

     Running tests/ordeals.rs (target/debug/deps/ordeals-78904511bd19d5cc)

running 16 tests
test ordeal_fracture_weak_link_breaks ... ok
test ordeal_momentum_gate_catches_injected_leak - should panic ... ok
test ordeal_pendulum_period ... ok
test ordeal_restitution_apex_matches_param ... ok
test ordeal_mixed_radius_bodies_rest_at_derived_gap ... ok
test ordeal_stack_topple_momentum_drift_bounded ... ok
test ordeal_energy_behavior_documented ... ok
test ordeal_box_drop_settles_level_and_still ... ok
test ordeal_rigid_invariance_under_tumbling ... ok
test ordeal_chain_length_conservation ... ok
test ordeal_rigid_energy_honest ... ok
test ordeal_determinism_rigid_collision ... ok
test ordeal_determinism_byte_identical ... ok
test ordeal_stack_at_rest_stability_after_topple ... ok
test ordeal_stack_topple_replay_is_byte_identical ... ok
test ordeal_friction_incline_critical_angle ... ok

test result: ok. 16 passed; 0 failed; 0 ignored; 0 measured; 0 filtered out; finished in 2.63s

     Running tests/pscale_broadphase.rs (target/debug/deps/pscale_broadphase-a66ee907d87eb1ff)

running 4 tests
test ordeal_grid_query_is_complete ... ok
test ordeal_broadphase_deterministic ... ok
test ordeal_broadphase_replay_byte_identical ... ok
test ordeal_broadphase_pruned_pairs_never_contact has been running for over 60 seconds
test ordeal_broadphase_pruned_pairs_never_contact ... ok

test result: ok. 4 passed; 0 failed; 0 ignored; 0 measured; 0 filtered out; finished in 91.33s

     Running tests/pscale_ordeals.rs (target/debug/deps/pscale_ordeals-aa991dace00a58e4)

running 5 tests
test ordeal_per_tick_cost_recorded ... ok
test ordeal_building_at_rest_stays_at_rest ... ok
test ordeal_step_profiled_matches_step ... ok
test ordeal_building_collapse_replay_byte_identical has been running for over 60 seconds
test ordeal_building_fragments_do_not_interpenetrate has been running for over 60 seconds
test ordeal_building_collapse_replay_byte_identical ... ok
test ordeal_building_fragments_do_not_interpenetrate ... ok

test result: ok. 5 passed; 0 failed; 0 ignored; 0 measured; 0 filtered out; finished in 68.11s

     Running tests/vi2_break_ordeals.rs (target/debug/deps/vi2_break_ordeals-475c3dd6d6253ed1)

running 7 tests
test ordeal_momentum_gate_catches_injected_leak_through_fracture - should panic ... ok
test ordeal_momentum_through_fracture_bounded ... ok
test ordeal_equivalent_exchange_mass_exact ... ok
test ordeal_default_essence_love_breaks_under_full_scenario ... ok
test ordeal_fracture_threshold_reads_bond_love_not_a_hardcoded_break ... ok
test ordeal_fragments_do_not_interpenetrate_after_break ... ok
test ordeal_replay_determinism_drop_break_settle_including_fragments ... ok

test result: ok. 7 passed; 0 failed; 0 ignored; 0 measured; 0 filtered out; finished in 0.37s

   Doc-tests elements

running 0 tests

test result: ok. 0 passed; 0 failed; 0 ignored; 0 measured; 0 filtered out; finished in 0.00s

