[build-lock] package-crystal acquired
    Finished `test` profile [unoptimized + debuginfo] target(s) in 0.08s
     Running unittests src/lib.rs (target/debug/deps/crystal-e099c9244a850626)

running 10 tests
test prefab::tests::prefab_name_reads_string_or_link ... ok
test protocol::tests::parses_the_external_hub_world_when_available ... ok
test prefab::tests::diff_keeps_overridden_and_novel_components ... ok
test prefab::tests::objects_merge_recursively_arrays_replace ... ok
test prefab::tests::expand_then_diff_is_identity_on_deltas ... ok
test package_tests::package_registers_versioned_manifest ... ok
test protocol::tests::preserves_unknown_ops_and_messages ... ok
test protocol::tests::typed_boomtown_components_and_model_parts_deserialize ... ok
test protocol::tests::parses_and_roundtrips_the_committed_fixture_world ... ok
test protocol::tests::parses_boomtown_world_when_available ... ok

test result: ok. 10 passed; 0 failed; 0 ignored; 0 measured; 0 filtered out; finished in 0.72s

     Running tests/ecs.rs (target/debug/deps/ecs-e6bb76dcc84fe684)

running 4 tests
test fixed_group_accumulator_clamps_and_preserves_fraction ... ok
test command_buffer_replays_in_record_order_at_explicit_boundary ... ok
test dynamic_component_soa_roundtrip_query_and_gaia_map ... ok
test dotscity_compiled_order_conforms_to_reference_snapshot ... ok

test result: ok. 4 passed; 0 failed; 0 ignored; 0 measured; 0 filtered out; finished in 0.04s

     Running tests/world_loading.rs (target/debug/deps/world_loading-35dce829a55fee11)

running 3 tests
test world_json_composes_two_scenes_into_one_ecs ... ok
test prefab_instance_deep_merges_under_its_deltas ... ok
test naruko_blank_page_parses_and_populates_expected_entities ... ok

test result: ok. 3 passed; 0 failed; 0 ignored; 0 measured; 0 filtered out; finished in 0.01s

   Doc-tests crystal

running 0 tests

test result: ok. 0 passed; 0 failed; 0 ignored; 0 measured; 0 filtered out; finished in 0.00s

