   Compiling proc-macro2 v1.0.106
   Compiling unicode-ident v1.0.24
   Compiling quote v1.0.46
   Compiling libc v0.2.186
   Compiling serde_core v1.0.228
   Compiling find-msvc-tools v0.1.9
   Compiling shlex v2.0.1
   Compiling zmij v1.0.23
   Compiling thiserror v2.0.18
   Compiling autocfg v1.5.1
   Compiling siphasher v1.0.3
   Compiling serde v1.0.228
   Compiling phf_shared v0.13.1
   Compiling icu_normalizer_data v2.2.0
   Compiling icu_properties_data v2.2.0
   Compiling fastrand v2.4.1
   Compiling objc2 v0.6.4
   Compiling stable_deref_trait v1.2.1
   Compiling objc2-encode v4.1.0
   Compiling phf_generator v0.13.1
   Compiling cfg-if v1.0.4
   Compiling version_check v0.9.5
   Compiling memchr v2.8.3
   Compiling smallvec v1.15.2
   Compiling parking_lot_core v0.9.12
   Compiling thiserror v1.0.69
   Compiling syn v2.0.119
   Compiling itoa v1.0.18
   Compiling typeid v1.0.3
   Compiling num-conv v0.2.2
   Compiling time-core v0.1.9
   Compiling libm v0.2.16
   Compiling generic-array v0.14.7
   Compiling phf_codegen v0.13.1
   Compiling num-traits v0.2.19
   Compiling strsim v0.11.1
   Compiling ident_case v1.0.1
   Compiling litemap v0.8.2
   Compiling serde_json v1.0.150
   Compiling writeable v0.6.3
   Compiling erased-serde v0.4.10
   Compiling jobserver v0.1.35
   Compiling utf8_iter v1.0.4
   Compiling cc v1.2.67
   Compiling new_debug_unreachable v1.0.6
   Compiling bitflags v2.13.1
   Compiling scopeguard v1.2.0
   Compiling anyhow v1.0.103
   Compiling lock_api v0.4.14
   Compiling string_cache_codegen v0.6.1
   Compiling objc2-exception-helper v0.1.1
   Compiling winnow v1.0.4
   Compiling getrandom v0.4.3
   Compiling zerocopy v0.8.54
   Compiling foldhash v0.2.0
   Compiling precomputed-hash v0.1.1
   Compiling log v0.4.33
   Compiling crc32fast v1.5.0
   Compiling hashbrown v0.17.1
   Compiling toml_parser v1.1.2+spec-1.1.0
   Compiling web_atoms v0.2.5
   Compiling parking_lot v0.12.5
   Compiling serde_spanned v1.1.1
   Compiling toml_writer v1.1.2+spec-1.1.0
   Compiling equivalent v1.0.2
   Compiling synstructure v0.13.2
   Compiling darling_core v0.23.0
   Compiling cfg_aliases v0.2.1
   Compiling ctor-proc-macro v0.0.7
   Compiling string_cache v0.9.0
   Compiling semver v1.0.28
   Compiling percent-encoding v2.3.2
   Compiling indexmap v2.14.0
   Compiling dtoa v1.0.11
   Compiling form_urlencoded v1.2.2
   Compiling uuid v1.24.0
   Compiling dtoa-short v0.3.5
   Compiling tendril v0.5.1
   Compiling selectors v0.36.1
   Compiling toml_datetime v1.1.1+spec-1.1.0
   Compiling aho-corasick v1.1.4
   Compiling indexmap v1.9.3
   Compiling regex-syntax v0.8.11
   Compiling unic-common v0.9.0
   Compiling serde_derive v1.0.228
   Compiling zerofrom-derive v0.1.7
   Compiling yoke-derive v0.8.2
   Compiling zerovec-derive v0.11.3
   Compiling displaydoc v0.2.6
   Compiling thiserror-impl v2.0.18
   Compiling phf_macros v0.13.1
   Compiling zerofrom v0.1.8
   Compiling yoke v0.8.3
   Compiling thiserror-impl v1.0.69
   Compiling objc2-core-foundation v0.3.2
   Compiling zerovec v0.11.6
   Compiling zerotrie v0.2.4
   Compiling block2 v0.6.2
   Compiling darling_macro v0.23.0
   Compiling darling v0.23.0
   Compiling phf v0.13.1
   Compiling bytemuck_derive v1.11.0
   Compiling zerocopy-derive v0.8.54
   Compiling tinystr v0.8.3
   Compiling potential_utf v0.1.5
   Compiling icu_collections v2.2.0
   Compiling serde_with_macros v3.21.0
   Compiling icu_locale_core v2.2.0
   Compiling derive_more-impl v2.1.1
   Compiling objc2-foundation v0.3.2
   Compiling objc2-core-graphics v0.3.2
   Compiling bytemuck v1.25.1
   Compiling cssparser-macros v0.6.1
   Compiling raw-window-handle v0.6.2
   Compiling byteorder v1.5.0
   Compiling unic-char-range v0.9.0
   Compiling alloc-no-stdlib v2.0.4
   Compiling camino v1.2.4
   Compiling alloc-stdlib v0.2.4
   Compiling icu_provider v2.2.0
   Compiling unic-char-property v0.9.0
   Compiling derive_more v2.1.1
   Compiling cssparser v0.36.0
   Compiling markup5ever v0.38.0
   Compiling icu_normalizer v2.2.0
   Compiling icu_properties v2.2.0
   Compiling regex-automata v0.4.16
   Compiling swift-rs v1.0.7
   Compiling unic-ucd-version v0.9.0
   Compiling toml v1.1.3+spec-1.1.0
   Compiling serde_derive_internals v0.29.1
   Compiling servo_arc v0.4.3
   Compiling schemars v0.8.22
   Compiling powerfmt v0.2.0
   Compiling once_cell v1.21.4
   Compiling fnv v1.0.7
   Compiling deranged v0.5.8
   Compiling bit-vec v0.8.0
   Compiling rustc-hash v2.1.3
   Compiling hashbrown v0.12.3
   Compiling idna_adapter v1.2.2
   Compiling idna v1.1.0
   Compiling bit-set v0.8.0
   Compiling schemars_derive v0.8.22
   Compiling cfb v0.7.3
   Compiling url v2.5.8
   Compiling time v0.3.53
   Compiling regex v1.13.1
   Compiling unic-ucd-ident v0.9.0
   Compiling html5ever v0.38.0
   Compiling jsonptr v0.6.3
   Compiling cargo-platform v0.1.9
   Compiling brotli-decompressor v5.0.3
   Compiling metis-sys v0.3.2
   Compiling quick-xml v0.41.0
   Compiling bytes v1.12.1
   Compiling base64 v0.21.7
   Compiling dunce v1.0.5
   Compiling same-file v1.0.6
   Compiling base64 v0.22.1
   Compiling dyn-clone v1.0.20
   Compiling brotli v8.0.4
   Compiling http v1.4.2
   Compiling walkdir v2.5.0
   Compiling dom_query v0.27.0
   Compiling plist v1.10.0
   Compiling json-patch v3.0.1
   Compiling cargo_metadata v0.19.2
   Compiling urlpattern v0.3.0
   Compiling serde-untagged v0.1.9
   Compiling infer v0.19.0
   Compiling serde_with v3.21.0
   Compiling objc2-core-text v0.3.2
   Compiling objc2-core-video v0.3.2
   Compiling ctor v0.8.0
   Compiling meshopt v0.6.2
   Compiling glob v0.3.3
   Compiling rustc_version v0.4.1
   Compiling float-cmp v0.10.0
   Compiling time-macros v0.2.31
   Compiling toml_datetime v0.7.5+spec-1.1.0
   Compiling option-ext v0.2.0
   Compiling simd-adler32 v0.3.10
   Compiling winnow v0.7.15
   Compiling typenum v1.20.1
   Compiling rustc-hash v1.1.0
   Compiling naga-types v30.0.0
   Compiling dirs-sys v0.5.0
   Compiling tauri-utils v2.9.3
   Compiling embed-resource v3.0.11
   Compiling toml v0.9.12+spec-1.1.0
   Compiling bincode v1.3.3
   Compiling naga v30.0.0
   Compiling objc2-metal v0.3.2
   Compiling objc2-core-data v0.3.2
   Compiling objc2-core-image v0.3.2
   Compiling objc2-cloud-kit v0.3.2
   Compiling heck v0.5.0
   Compiling bit-vec v0.9.1
   Compiling unicode-width v0.2.2
   Compiling adler2 v2.0.1
   Compiling crossbeam-utils v0.8.22
   Compiling glam v0.30.10
   Compiling miniz_oxide v0.8.9
   Compiling codespan-reporting v0.13.1
   Compiling bit-set v0.10.0
   Compiling cargo_toml v0.22.3
   Compiling tauri-winres v0.3.6
   Compiling dirs v6.0.0
   Compiling objc2-quartz-core v0.3.2
   Compiling half v2.7.1
   Compiling crystal v0.1.0 (/Users/pascaldisse/projects/magic-crystal-fluid/crates/crystal)
   Compiling objc2-app-kit v0.3.2
   Compiling dpi v0.1.2
   Compiling cookie v0.18.1
   Compiling core-foundation-sys v0.8.7
   Compiling static_assertions v1.1.0
   Compiling arrayvec v0.7.8
   Compiling tauri-build v2.6.3
   Compiling wgpu-types v30.0.0
   Compiling core-foundation v0.10.1
   Compiling homunculus v0.1.0 (/Users/pascaldisse/projects/magic-crystal-fluid/packages/homunculus)
   Compiling flate2 v1.1.9
   Compiling block-buffer v0.10.4
   Compiling crypto-common v0.1.7
   Compiling fdeflate v0.3.7
   Compiling metis v0.2.2
   Compiling transmutation v0.1.0 (/Users/pascaldisse/projects/magic-crystal-fluid/packages/transmute)
   Compiling foreign-types-macros v0.2.3
   Compiling wgpu-hal v30.0.0
   Compiling bitflags v1.3.2
   Compiling pin-project-lite v0.2.17
   Compiling foreign-types-shared v0.3.1
   Compiling foreign-types v0.5.0
   Compiling png v0.17.16
   Compiling crossbeam-channel v0.5.16
   Compiling digest v0.10.7
   Compiling sama v0.1.0 (/Users/pascaldisse/projects/magic-crystal-fluid/packages/sama)
   Compiling core-graphics-types v0.2.0
   Compiling raw-window-metal v1.1.0
   Compiling tokio-macros v2.7.0
   Compiling cpufeatures v0.2.17
   Compiling mio v1.2.2
   Compiling getrandom v0.2.17
   Compiling socket2 v0.6.5
   Compiling tauri-runtime v2.11.3
   Compiling profiling v1.0.18
   Compiling wry v0.55.1
   Compiling tokio v1.52.3
   Compiling rand_core v0.6.4
   Compiling sha2 v0.10.9
   Compiling core-graphics v0.25.0
   Compiling vessel v0.1.0 (/Users/pascaldisse/projects/magic-crystal-fluid/packages/vessel)
   Compiling ico v0.5.0
   Compiling tauri v2.11.5
   Compiling ppv-lite86 v0.2.21
   Compiling dispatch2 v0.3.1
   Compiling wgpu-naga-bridge v30.0.0
   Compiling wgpu-core v30.0.0
   Compiling tauri-runtime-wry v2.11.4
   Compiling httparse v1.10.1
   Compiling unicode-segmentation v1.13.3
   Compiling litrs v1.0.0
   Compiling getrandom v0.3.4
   Compiling document-features v0.2.12
   Compiling keyboard-types v0.7.0
   Compiling rand_chacha v0.3.1
   Compiling tauri-codegen v2.6.3
   Compiling seed v0.1.0 (/Users/pascaldisse/projects/magic-crystal-fluid/packages/seed)
   Compiling png v0.18.1
   Compiling serialize-to-javascript-impl v0.1.2
   Compiling wgpu v30.0.0
   Compiling wgpu-core-deps-apple v30.0.0
   Compiling sha1 v0.10.7
   Compiling serialize-to-javascript v0.1.2
   Compiling tauri-macros v2.6.3
   Compiling rand v0.8.7
   Compiling scrying-glass v0.1.0 (/Users/pascaldisse/projects/magic-crystal-fluid/packages/scrying-glass)
   Compiling serde_repr v0.1.20
   Compiling futures-sink v0.3.32
   Compiling data-encoding v2.11.0
   Compiling futures-task v0.3.32
   Compiling utf-8 v0.7.6
   Compiling mime v0.3.17
   Compiling futures-core v0.3.32
   Compiling slab v0.4.12
   Compiling embed_plist v1.2.2
   Compiling elements v0.1.0 (/Users/pascaldisse/projects/magic-crystal-fluid/packages/elements)
   Compiling futures-util v0.3.32
   Compiling fracture v0.1.0 (/Users/pascaldisse/projects/magic-crystal-fluid/packages/fracture)
   Compiling tungstenite v0.24.0
   Compiling kami v0.1.0 (/Users/pascaldisse/projects/magic-crystal-fluid/packages/kami)
   Compiling pollster v0.4.0
   Compiling tokio-tungstenite v0.24.0
   Compiling oracle v0.1.0 (/Users/pascaldisse/projects/magic-crystal-fluid/packages/oracle)
   Compiling aether v0.1.0 (/Users/pascaldisse/projects/magic-crystal-fluid/packages/aether)
   Compiling wired v0.1.0 (/Users/pascaldisse/projects/magic-crystal-fluid/packages/wired)
   Compiling pleroma v0.1.0 (/Users/pascaldisse/projects/magic-crystal-fluid/packages/pleroma)
   Compiling char-editor v0.1.0 (/Users/pascaldisse/projects/magic-crystal-fluid/packages/char-editor)
   Compiling jormungandr v0.1.0 (/Users/pascaldisse/projects/magic-crystal-fluid/packages/jormungandr)
   Compiling steiner v0.1.0 (/Users/pascaldisse/projects/magic-crystal-fluid/packages/steiner)
   Compiling objc2-web-kit v0.3.2
   Compiling tao v0.35.3
   Compiling window-vibrancy v0.6.0
   Compiling muda v0.19.3
    Finished `release` profile [optimized] target(s) in 4m 40s
