[package] scrying-glass v0.1.0 registered
[world] /Users/pascaldisse/projects/magic-crystal-light/packages/scrying-glass/../../worlds/naruko scene(s)=["main"] entities=45 chains=23 clusters=913 transmute=74.9ms
[embodiment] spawn eye=Vec3(0.0, 7.0, 44.0) yaw=0 floor_triangles=10464 tick_dt=0.016666668
[pleroma] BVH nodes=15487 triangles=23192 (static 12368 + dynamic 10824) build=13.1ms; 22 dynamic entit(ies) — living layer
[pleroma] traced integrator spp=2 bounces=4 rr_start=2 — first_light is dead
[wgpu] traced 640x480 → upscale → surface 1920x1280 (bilinear); Bgra8UnormSrgb
[frame] trace 640x480 → surface 960x640: median 7.53ms mean 7.80ms/frame (spp=2, 60-frame sample)
[scry] GET http://127.0.0.1:8433/scry (alias: /screenshot; optional pos/yaw/pitch/fov/w/h)
[embodiment] GET http://127.0.0.1:8433/pose · POST http://127.0.0.1:8433/walk {keys,yaw?,pitch?,ticks?}
[scrying-glass] child webview overlay created; render, capture, PNG, and HTTP run off the main thread
[hud] window.__gaiaHud && window.__gaiaHud(25.1,39.80)
[hud] window.__gaiaHud && window.__gaiaHud(25.1,39.80)
[hud] window.__gaiaHud && window.__gaiaHud(41.5,24.09)
[hud] window.__gaiaHud && window.__gaiaHud(41.5,24.09)
[hud] window.__gaiaHud && window.__gaiaHud(53.3,18.75)
[wgpu-input] passthrough click x=638.1 y=187.3
[wgpu-input] passthrough click x=620.5 y=117.6
[wgpu-input] passthrough click x=58.0 y=171.3
[wgpu-input] passthrough click x=39.0 y=179.1
[wgpu-input] passthrough click x=217.9 y=305.8
