
===== package:crystal | timeout=300s =====
   Compiling proc-macro2 v1.0.106
   Compiling quote v1.0.46
   Compiling unicode-ident v1.0.24
   Compiling serde_core v1.0.228
   Compiling syn v2.0.119
   Compiling serde_json v1.0.150
   Compiling serde v1.0.228
   Compiling serde_derive v1.0.228
   Compiling memchr v2.8.3
   Compiling crystal v0.1.0 (/Users/pascaldisse/projects/magic-crystal-play/crates/crystal)
    Finished `test` profile [unoptimized + debuginfo] target(s) in 9.09s
     Running unittests src/lib.rs (target/debug/deps/crystal-e099c9244a850626)

running 10 tests
test prefab::tests::prefab_name_reads_string_or_link ... ok
test protocol::tests::parses_the_external_hub_world_when_available ... ok
test prefab::tests::expand_then_diff_is_identity_on_deltas ... ok
test package_tests::package_registers_versioned_manifest ... ok
test prefab::tests::diff_keeps_overridden_and_novel_components ... ok
test prefab::tests::objects_merge_recursively_arrays_replace ... ok
test protocol::tests::preserves_unknown_ops_and_messages ... ok
test protocol::tests::typed_boomtown_components_and_model_parts_deserialize ... ok
test protocol::tests::parses_and_roundtrips_the_committed_fixture_world ... ok
test protocol::tests::parses_boomtown_world_when_available ... ok

test result: ok. 10 passed; 0 failed; 0 ignored; 0 measured; 0 filtered out; finished in 0.73s

     Running tests/ecs.rs (target/debug/deps/ecs-e6bb76dcc84fe684)

running 4 tests
test fixed_group_accumulator_clamps_and_preserves_fraction ... ok
test command_buffer_replays_in_record_order_at_explicit_boundary ... ok
test dynamic_component_soa_roundtrip_query_and_gaia_map ... ok
test dotscity_compiled_order_conforms_to_reference_snapshot ... ok

test result: ok. 4 passed; 0 failed; 0 ignored; 0 measured; 0 filtered out; finished in 0.04s

     Running tests/world_loading.rs (target/debug/deps/world_loading-35dce829a55fee11)

running 3 tests
test world_json_composes_two_scenes_into_one_ecs ... ok
test prefab_instance_deep_merges_under_its_deltas ... ok
test naruko_blank_page_parses_and_populates_expected_entities ... ok

test result: ok. 3 passed; 0 failed; 0 ignored; 0 measured; 0 filtered out; finished in 0.01s

   Doc-tests crystal

running 0 tests

test result: ok. 0 passed; 0 failed; 0 ignored; 0 measured; 0 filtered out; finished in 0.00s


===== package:aether | timeout=300s =====
    Finished `test` profile [unoptimized + debuginfo] target(s) in 0.13s
     Running unittests src/lib.rs (target/debug/deps/aether-6cc4c7f0edc23b66)

running 0 tests

test result: ok. 0 passed; 0 failed; 0 ignored; 0 measured; 0 filtered out; finished in 0.00s

     Running tests/ordeals.rs (target/debug/deps/ordeals-bcbb8448d943b1cf)

running 5 tests
test ordeal_1_analytic_slab ... ok
test ordeal_4_determinism ... ok
test ordeal_5_grid_vs_analytic ... ok
test ordeal_2_hg_phase_normalized ... ok
test ordeal_3_energy_budget ... ok

test result: ok. 5 passed; 0 failed; 0 ignored; 0 measured; 0 filtered out; finished in 0.06s

   Doc-tests aether

running 0 tests

test result: ok. 0 passed; 0 failed; 0 ignored; 0 measured; 0 filtered out; finished in 0.00s


===== package:char-editor | timeout=300s =====
   Compiling generic-array v0.14.7
   Compiling typenum v1.20.1
   Compiling cpufeatures v0.2.17
   Compiling tokio v1.52.3
   Compiling block-buffer v0.10.4
   Compiling crypto-common v0.1.7
   Compiling digest v0.10.7
   Compiling sha2 v0.10.9
   Compiling tauri-codegen v2.6.3
   Compiling tauri-macros v2.6.3
   Compiling tauri v2.11.5
   Compiling scrying-glass v0.1.0 (/Users/pascaldisse/projects/magic-crystal-play/packages/scrying-glass)
   Compiling char-editor v0.1.0 (/Users/pascaldisse/projects/magic-crystal-play/packages/char-editor)
    Finished `test` profile [unoptimized + debuginfo] target(s) in 12.66s
     Running unittests src/lib.rs (target/debug/deps/char_editor-5c94c69a25d18297)

running 0 tests

test result: ok. 0 passed; 0 failed; 0 ignored; 0 measured; 0 filtered out; finished in 0.00s

     Running tests/ordeals.rs (target/debug/deps/ordeals-a01668bc8209ff89)

running 5 tests
test out_of_range_params_clamp_and_surface_never_panic ... ok
test parity_nari_byte_identical ... ok
test parity_pink_cat_byte_identical ... ok
test determinism_byte_identical ... ok
test watertight_across_sampled_params ... ok

test result: ok. 5 passed; 0 failed; 0 ignored; 0 measured; 0 filtered out; finished in 6.36s

   Doc-tests char_editor

running 1 test
test packages/char-editor/src/lib.rs - (line 31) ... ok

test result: ok. 1 passed; 0 failed; 0 ignored; 0 measured; 0 filtered out; finished in 0.43s


===== package:elements | timeout=300s =====
    Finished `test` profile [unoptimized + debuginfo] target(s) in 0.08s
     Running unittests src/lib.rs (target/debug/deps/elements-2c071961db34bb8e)

running 0 tests

test result: ok. 0 passed; 0 failed; 0 ignored; 0 measured; 0 filtered out; finished in 0.00s

     Running tests/adv_chain.rs (target/debug/deps/adv_chain-97019affb17f5fa7)

running 1 test
test adv_chain_three_walls ... ok

test result: ok. 1 passed; 0 failed; 0 ignored; 0 measured; 0 filtered out; finished in 0.00s

     Running tests/adv_margin.rs (target/debug/deps/adv_margin-4be0ab7363625468)

running 2 tests
test adv_two_sided_overshoot ... ok
test adv_grid_boundary_superset ... ok

test result: ok. 2 passed; 0 failed; 0 ignored; 0 measured; 0 filtered out; finished in 0.01s

     Running tests/diag.rs (target/debug/deps/diag-9160f76f81ddff5e)

running 1 test
test diag_incline ... ok

test result: ok. 1 passed; 0 failed; 0 ignored; 0 measured; 0 filtered out; finished in 15.22s

     Running tests/fluid_ordeals.rs (target/debug/deps/fluid_ordeals-7fd56c7d1eae2450)

running 9 tests
test ordeal_buoyancy_rises ... ignored, OPEN ITEM (gate 4): buoyancy does not emerge. round-9 measured Akinci two-way coupling + rho0-below-packing (zero mass discrimination); round-10 BUILT + measured the container-boundary lambda lever — it DETONATES (surf 0.58->3.2m over 40 ticks, endurance fails at tick 0), kept OFF by default. Real fix needs pressure-mirrored/relaxation-tuned machinery. EXPECTED RED, escalated, not faked, not in the green suite
test sabotage_no_floor_collapses ... ignored, sabotage probe: disables the min-separation floor and IS EXPECTED TO FAIL (the round-7 collapse) — run explicitly with --ignored, not part of the green suite
test ordeal_mass_and_count_conservation ... ok
test ordeal_incompressibility_at_rest_derived ... ok
test ordeal_min_separation_holds ... ok
test ordeal_hydrostatic_endurance ... ok
test ordeal_rest_stays_at_rest ... ok
test ordeal_splash_deterministic ... ok
test ordeal_determinism_rest_byte_identical ... ok

test result: ok. 7 passed; 0 failed; 2 ignored; 0 measured; 0 filtered out; finished in 18.00s

     Running tests/fluid_profile_probe.rs (target/debug/deps/fluid_profile_probe-f79f3647027642e5)

running 2 tests
test container_discrimination_probe ... ignored, round-10 container-boundary discrimination probe; run explicitly --ignored --nocapture
test profile_sweep ... ignored, instrumentation probe (round-9): sweeps rho0 factor, prints profile + robust net box rise; run explicitly with --ignored --nocapture

test result: ok. 0 passed; 0 failed; 2 ignored; 0 measured; 0 filtered out; finished in 0.00s

     Running tests/ordeals.rs (target/debug/deps/ordeals-78904511bd19d5cc)

running 16 tests
test ordeal_fracture_weak_link_breaks ... ok
test ordeal_momentum_gate_catches_injected_leak - should panic ... ok
test ordeal_pendulum_period ... ok
test ordeal_restitution_apex_matches_param ... ok
test ordeal_mixed_radius_bodies_rest_at_derived_gap ... ok
test ordeal_stack_topple_momentum_drift_bounded ... ok
test ordeal_energy_behavior_documented ... ok
test ordeal_box_drop_settles_level_and_still ... ok
test ordeal_rigid_invariance_under_tumbling ... ok
test ordeal_chain_length_conservation ... ok
test ordeal_rigid_energy_honest ... ok
test ordeal_determinism_rigid_collision ... ok
test ordeal_determinism_byte_identical ... ok
test ordeal_stack_at_rest_stability_after_topple ... ok
test ordeal_stack_topple_replay_is_byte_identical ... ok
test ordeal_friction_incline_critical_angle ... ok

test result: ok. 16 passed; 0 failed; 0 ignored; 0 measured; 0 filtered out; finished in 2.69s

     Running tests/pscale_broadphase.rs (target/debug/deps/pscale_broadphase-a66ee907d87eb1ff)

running 4 tests
test ordeal_grid_query_is_complete ... ok
test ordeal_broadphase_deterministic ... ok
test ordeal_broadphase_replay_byte_identical ... ok
test ordeal_broadphase_pruned_pairs_never_contact has been running for over 60 seconds
test ordeal_broadphase_pruned_pairs_never_contact ... ok

test result: ok. 4 passed; 0 failed; 0 ignored; 0 measured; 0 filtered out; finished in 93.06s

     Running tests/pscale_ordeals.rs (target/debug/deps/pscale_ordeals-aa991dace00a58e4)

running 5 tests
test ordeal_per_tick_cost_recorded ... ok
test ordeal_building_at_rest_stays_at_rest ... ok
test ordeal_step_profiled_matches_step ... ok
test ordeal_building_collapse_replay_byte_identical has been running for over 60 seconds
test ordeal_building_fragments_do_not_interpenetrate has been running for over 60 seconds
test ordeal_building_collapse_replay_byte_identical ... ok
test ordeal_building_fragments_do_not_interpenetrate ... ok

test result: ok. 5 passed; 0 failed; 0 ignored; 0 measured; 0 filtered out; finished in 73.79s

     Running tests/vi2_break_ordeals.rs (target/debug/deps/vi2_break_ordeals-475c3dd6d6253ed1)

running 7 tests
test ordeal_momentum_gate_catches_injected_leak_through_fracture - should panic ... ok
test ordeal_momentum_through_fracture_bounded ... ok
test ordeal_default_essence_love_breaks_under_full_scenario ... ok
test ordeal_equivalent_exchange_mass_exact ... ok
test ordeal_fracture_threshold_reads_bond_love_not_a_hardcoded_break ... ok
test ordeal_fragments_do_not_interpenetrate_after_break ... ok
test ordeal_replay_determinism_drop_break_settle_including_fragments ... ok

test result: ok. 7 passed; 0 failed; 0 ignored; 0 measured; 0 filtered out; finished in 0.39s

   Doc-tests elements

running 0 tests

test result: ok. 0 passed; 0 failed; 0 ignored; 0 measured; 0 filtered out; finished in 0.00s


===== package:fracture | timeout=300s =====
   Compiling proc-macro2 v1.0.106
   Compiling libc v0.2.186
   Compiling jobserver v0.1.35
   Compiling cc v1.2.67
   Compiling quote v1.0.46
   Compiling syn v2.0.119
   Compiling num-traits v0.2.19
   Compiling metis-sys v0.3.2
   Compiling serde_derive v1.0.228
   Compiling serde v1.0.228
   Compiling thiserror-impl v2.0.18
   Compiling meshopt v0.6.2
   Compiling float-cmp v0.10.0
   Compiling thiserror v2.0.18
   Compiling bytemuck_derive v1.11.0
   Compiling bitflags v2.13.1
   Compiling bytemuck v1.25.1
   Compiling metis v0.2.2
   Compiling bincode v1.3.3
   Compiling transmutation v0.1.0 (/Users/pascaldisse/projects/magic-crystal-play/packages/transmute)
   Compiling crystal v0.1.0 (/Users/pascaldisse/projects/magic-crystal-play/crates/crystal)
   Compiling fracture v0.1.0 (/Users/pascaldisse/projects/magic-crystal-play/packages/fracture)
    Finished `test` profile [unoptimized + debuginfo] target(s) in 14.40s
     Running unittests src/lib.rs (target/debug/deps/fracture-cbe3f72ffe0271c7)

running 3 tests
test tests::fragments_split_the_chain_in_two ... ok
test tests::fragment_dag_round_trips_transmute ... ok
test tests::ordeal_fragment_chains_byte_deterministic ... ok

test result: ok. 3 passed; 0 failed; 0 ignored; 0 measured; 0 filtered out; finished in 0.00s

   Doc-tests fracture

running 0 tests

test result: ok. 0 passed; 0 failed; 0 ignored; 0 measured; 0 filtered out; finished in 0.00s


===== package:homunculus | timeout=300s =====
    Finished `test` profile [unoptimized + debuginfo] target(s) in 0.14s
     Running unittests src/lib.rs (target/debug/deps/homunculus-42c9bcf1dcd4e7e3)

running 0 tests

test result: ok. 0 passed; 0 failed; 0 ignored; 0 measured; 0 filtered out; finished in 0.00s

     Running tests/ordeals.rs (target/debug/deps/ordeals-d6087ebc0b693e58)

running 8 tests
test ordeal_generator_counts_and_lengths ... ok
test ordeal_socket_follows_elbow ... ok
test ordeal_defaults_preserve_v0 ... ok
test ordeal_bind_pose_roundtrip ... ok
test ordeal_socket_bind_derivation ... ok
test ordeal_socket_determinism ... ok
test ordeal_morphology_continuity ... ok
test ordeal_weights_normalized ... ok

test result: ok. 8 passed; 0 failed; 0 ignored; 0 measured; 0 filtered out; finished in 0.01s

   Doc-tests homunculus

running 0 tests

test result: ok. 0 passed; 0 failed; 0 ignored; 0 measured; 0 filtered out; finished in 0.00s


===== package:jormungandr | timeout=300s =====
   Compiling jormungandr v0.1.0 (/Users/pascaldisse/projects/magic-crystal-play/packages/jormungandr)
    Finished `test` profile [unoptimized + debuginfo] target(s) in 1.05s
     Running unittests src/lib.rs (target/debug/deps/jormungandr-b0ebad620245d273)

running 1 test
test tests::aabb_distance_zero_inside_and_grows_outside ... ok

test result: ok. 1 passed; 0 failed; 0 ignored; 0 measured; 0 filtered out; finished in 0.00s

     Running tests/ordeals.rs (target/debug/deps/ordeals-1c28eefbcaf7d4b0)

running 5 tests
test ordeal_missing_artifact_is_typed_error ... ok
test ordeal_torn_page_is_typed_error_no_panic ... ok
test ordeal_unknown_page_is_typed_error ... ok
test ordeal_eviction_order_honors_distance ... ok
test ordeals_flight ... ok

test result: ok. 5 passed; 0 failed; 0 ignored; 0 measured; 0 filtered out; finished in 8.77s

   Doc-tests jormungandr

running 0 tests

test result: ok. 0 passed; 0 failed; 0 ignored; 0 measured; 0 filtered out; finished in 0.00s


===== package:kami | timeout=300s =====
   Compiling kami v0.1.0 (/Users/pascaldisse/projects/magic-crystal-play/packages/kami)
    Finished `test` profile [unoptimized + debuginfo] target(s) in 1.33s
     Running unittests src/lib.rs (target/debug/deps/kami-4ed830bc9293d2eb)

running 0 tests

test result: ok. 0 passed; 0 failed; 0 ignored; 0 measured; 0 filtered out; finished in 0.00s

     Running tests/cat.rs (target/debug/deps/cat-6894b431497cb1ea)

running 3 tests
test cat_walk_is_bounded_and_returns_home ... ok
test cat_loop_visits_sit_then_flick_then_walk ... ok
test cat_drive_stream_is_byte_identical ... ok

test result: ok. 3 passed; 0 failed; 0 ignored; 0 measured; 0 filtered out; finished in 0.00s

     Running tests/ordeals.rs (target/debug/deps/ordeals-2c57896e0ae26eb5)

running 13 tests
test ordeal_orbit_formula_parity ... ok
test ordeal_bob_formula_parity ... ok
test ordeal_path_formula_parity ... ok
test ordeal_flicker_formula_parity ... ok
test ordeal_pulse_formula_parity ... ok
test ordeal_spin_formula_parity ... ok
test ordeal_emissive_is_always_a_color_string ... ok
test ordeal_look_at_yaw_error_goes_to_zero ... ok
test ordeal_patrol_visits_every_waypoint_and_loop_closes ... ok
test ordeal_follow_converges_without_overshoot ... ok
test ordeal_wander_stays_in_bounds_10k_ticks ... ok
test ordeal_decorative_determinism_byte_identical ... ok
test ordeal_determinism_byte_identical_over_1000_ticks ... ok

test result: ok. 13 passed; 0 failed; 0 ignored; 0 measured; 0 filtered out; finished in 0.19s

   Doc-tests kami

running 0 tests

test result: ok. 0 passed; 0 failed; 0 ignored; 0 measured; 0 filtered out; finished in 0.00s


===== package:oracle | timeout=300s =====
   Compiling oracle v0.1.0 (/Users/pascaldisse/projects/magic-crystal-play/packages/oracle)
    Finished `test` profile [unoptimized + debuginfo] target(s) in 4.03s
     Running unittests src/lib.rs (target/debug/deps/oracle-cd5d2dcf51394a8f)

running 27 tests
test tests::boomtown_loads_once_and_gazes_stay_cheap ... ok
test model::aabb_tests::cylinder_honors_radius_top_and_bottom ... ok
test model::aabb_tests::tube_default_radius_is_three_not_half ... ok
test model::aabb_tests::tube_bounds_cover_spline_sag_beyond_control_points ... ok
test model::aabb_tests::tube_absent_path_defaults_to_reference_segment ... ok
test model::aabb_tests::tube_short_radii_clamp_last_not_point_five ... ok
test model::aabb_tests::direct_mesh_is_one_implicit_part ... ok
test model::aabb_tests::rotation_rotates_the_world_aabb ... ok
test model::aabb_tests::visible_false_part_is_excluded ... ok
test tests::from_core_live_path_constructs_a_world ... ok
test tests::loads_naruko_scene_into_ecs ... ok
test tests::invalid_params_are_typed_errors ... ok
test tests::lighthouse_cells_and_depth_are_geometry_truth_at_grid_32 ... ok
test tests::default_naruko_excludes_ground_from_captions ... ok
test tests::invalid_tie_eps_is_a_typed_error ... ok
test tests::live_ecs_mutation_is_reflected_on_next_gaze ... ok
test tests::lazy_layers_are_proven_by_the_op_counter ... ok
test tests::oversized_grid_is_a_typed_error_not_oom ... ok
test tests::proprio_reports_pose_and_components ... ok
test tests::horizon_row_tracks_pitch ... ok
test tests::look_is_pure_geometry_and_directional ... ok
test tests::yaw_west_rejects_the_lighthouse_entirely ... ok
test tests::spawn_pose_faces_the_lighthouse ... ok
test tests::serialized_channels_are_honest_no_null_no_unrequested_keys ... ok
test tests::deeper_grid_levels_are_just_a_param ... ok
test tests::stamped_cells_are_all_true_ray_hits_no_fabricated_depth ... ok
test tests::byte_budget_is_enforced_before_allocation ... ok

test result: ok. 27 passed; 0 failed; 0 ignored; 0 measured; 0 filtered out; finished in 4.18s

     Running unittests src/bin/oracle_cli.rs (target/debug/deps/oracle_cli-a6074ad98622d555)

running 0 tests

test result: ok. 0 passed; 0 failed; 0 ignored; 0 measured; 0 filtered out; finished in 0.00s

     Running tests/canon.rs (target/debug/deps/canon-35b84ffe6f6f55fb)

running 8 tests
test canon_terrain_patch_bounds_and_range_are_derived ... ok
test canon_tower_cells_and_depth_band_at_grid_32 ... ok
test canon_default_glance_frustum_set_is_the_ten_meshed_vessels ... FAILED
test canon_depth_band_column_16_is_front_face_path_length ... ok
test canon_tower_owns_no_grid8_cell ... ok
test canon_moved_eye_pier_glance ... ok
test canon_glance_serialization_is_deterministic ... ok
test canon_nearest_ordering_and_ranges_are_derived ... ok

failures:

---- canon_default_glance_frustum_set_is_the_ten_meshed_vessels stdout ----

thread 'canon_default_glance_frustum_set_is_the_ten_meshed_vessels' (1343130) panicked at packages/oracle/tests/canon.rs:403:5:
assertion `left == right` failed: exactly thirty-six meshed vessels are in-frustum (Rite V: + nari, + cat; P3: + crate; rings: + a/b/c; Mirror Proof: + mirror, + minor, + orb; VI-1: + stack_crate_0/1/2; Realm Shine: + show_chrome, + show_mirror, + show_light_a/b/c; Physics Playground: + stack_1/2/3/4, + pyramid_0/1/2)
  left: 38
 right: 36
note: run with `RUST_BACKTRACE=1` environment variable to display a backtrace


failures:
    canon_default_glance_frustum_set_is_the_ten_meshed_vessels

test result: FAILED. 7 passed; 1 failed; 0 ignored; 0 measured; 0 filtered out; finished in 17.72s

error: test failed, to rerun pass `-p oracle --test canon`

===== scrying-glass:bloodbend_ordeals | timeout=300s =====
   Compiling scrying-glass v0.1.0 (/Users/pascaldisse/projects/magic-crystal-play/packages/scrying-glass)
    Finished `test` profile [unoptimized + debuginfo] target(s) in 7.70s
     Running tests/bloodbend_ordeals.rs (target/debug/deps/bloodbend_ordeals-60000dec8d5953d5)

running 7 tests
test shader_journal_snapshots_previous_before_swap ... ok
test journal_snapshots_previous_before_apply ... ok
test no_op_bend_skips_journal_and_rebuild ... ok
test broken_json_is_rejected_and_world_hash_unchanged ... ok
test valid_crate_recolor_is_applied_and_reflected ... ok
test toctou_validated_bytes_match_stored_last_good_by_construction ... ok
test bad_wgsl_keeps_old_pipeline_and_valid_swap_works ... ok

test result: ok. 7 passed; 0 failed; 0 ignored; 0 measured; 0 filtered out; finished in 0.19s


===== scrying-glass:body_sigil | timeout=300s =====
   Compiling scrying-glass v0.1.0 (/Users/pascaldisse/projects/magic-crystal-play/packages/scrying-glass)
    Finished `test` profile [unoptimized + debuginfo] target(s) in 0.87s
     Running tests/body_sigil.rs (target/debug/deps/body_sigil-a799eb73edb40e05)

running 4 tests
test f2_unknown_body_field_is_loud ... ok
test f2_both_preset_and_shape_refuses_the_realm ... ok
test f2_shape_body_is_a_rigid_not_a_vessel ... ok
test f2_preset_body_on_meshed_entity_is_vessel_only ... ok

test result: ok. 4 passed; 0 failed; 0 ignored; 0 measured; 0 filtered out; finished in 0.04s


===== scrying-glass:floor_fallthrough | timeout=300s =====
   Compiling scrying-glass v0.1.0 (/Users/pascaldisse/projects/magic-crystal-play/packages/scrying-glass)
    Finished `test` profile [unoptimized + debuginfo] target(s) in 0.83s
     Running tests/floor_fallthrough.rs (target/debug/deps/floor_fallthrough-3a546f763d6f0385)

running 2 tests
test terra_north_rim_steps_down_onto_sea_plate_grounded ... ok
test walk_the_realm_has_no_interior_fallthrough ... ok

test result: ok. 2 passed; 0 failed; 0 ignored; 0 measured; 0 filtered out; finished in 11.16s


===== scrying-glass:horizon | timeout=300s =====
   Compiling scrying-glass v0.1.0 (/Users/pascaldisse/projects/magic-crystal-play/packages/scrying-glass)
    Finished `test` profile [unoptimized + debuginfo] target(s) in 1.43s
     Running tests/horizon.rs (target/debug/deps/horizon-1e09712891791c70)

running 5 tests
test ordeal4_evicted_tile_leaves_the_collision_world ... ok
test ordeal1_horizon_materializes_ahead_evicts_behind_under_budget ... ok
test ordeal2_render_origin_rebases_pose_trace_continuous ... ok
test ordeal3_planetary_magnitude_walk_holds_the_invariants ... ok
test ordeal2b_sabotaged_rebase_trips_the_continuity_guard has been running for over 60 seconds
test ordeal2b_sabotaged_rebase_trips_the_continuity_guard ... ok

test result: ok. 5 passed; 0 failed; 0 ignored; 0 measured; 0 filtered out; finished in 80.27s

