nice: setpriority: Permission denied
   Compiling scrying-glass v0.1.0 (/Users/pascaldisse/projects/magic-crystal-chain/packages/scrying-glass)
    Finished `test` profile [unoptimized + debuginfo] target(s) in 2.67s
     Running unittests src/lib.rs (target/debug/deps/aether-6cc4c7f0edc23b66)

running 0 tests

test result: ok. 0 passed; 0 failed; 0 ignored; 0 measured; 0 filtered out; finished in 0.00s

     Running tests/ordeals.rs (target/debug/deps/ordeals-bcbb8448d943b1cf)

running 5 tests
test ordeal_1_analytic_slab ... ok
test ordeal_4_determinism ... ok
test ordeal_5_grid_vs_analytic ... ok
test ordeal_2_hg_phase_normalized ... ok
test ordeal_3_energy_budget ... ok

test result: ok. 5 passed; 0 failed; 0 ignored; 0 measured; 0 filtered out; finished in 0.06s

     Running unittests src/lib.rs (target/debug/deps/char_editor-0a91d17a02e67b9c)

running 0 tests

test result: ok. 0 passed; 0 failed; 0 ignored; 0 measured; 0 filtered out; finished in 0.00s

     Running tests/ordeals.rs (target/debug/deps/ordeals-d5b0fb96d48701c7)

running 5 tests
test out_of_range_params_clamp_and_surface_never_panic ... ok
test parity_nari_byte_identical ... ok
test parity_pink_cat_byte_identical ... ok
test determinism_byte_identical ... ok
test watertight_across_sampled_params ... ok

test result: ok. 5 passed; 0 failed; 0 ignored; 0 measured; 0 filtered out; finished in 6.42s

     Running unittests src/lib.rs (target/debug/deps/crystal-e82dd0a2536f105f)

running 10 tests
test prefab::tests::prefab_name_reads_string_or_link ... ok
test protocol::tests::parses_the_external_hub_world_when_available ... ok
test package_tests::package_registers_versioned_manifest ... ok
test prefab::tests::objects_merge_recursively_arrays_replace ... ok
test prefab::tests::diff_keeps_overridden_and_novel_components ... ok
test prefab::tests::expand_then_diff_is_identity_on_deltas ... ok
test protocol::tests::preserves_unknown_ops_and_messages ... ok
test protocol::tests::typed_boomtown_components_and_model_parts_deserialize ... ok
test protocol::tests::parses_and_roundtrips_the_committed_fixture_world ... ok
test protocol::tests::parses_boomtown_world_when_available ... ok

test result: ok. 10 passed; 0 failed; 0 ignored; 0 measured; 0 filtered out; finished in 0.74s

     Running tests/ecs.rs (target/debug/deps/ecs-faa99e814a10566c)

running 4 tests
test fixed_group_accumulator_clamps_and_preserves_fraction ... ok
test command_buffer_replays_in_record_order_at_explicit_boundary ... ok
test dynamic_component_soa_roundtrip_query_and_gaia_map ... ok
test dotscity_compiled_order_conforms_to_reference_snapshot ... ok

test result: ok. 4 passed; 0 failed; 0 ignored; 0 measured; 0 filtered out; finished in 0.04s

     Running tests/world_loading.rs (target/debug/deps/world_loading-513b743a55fbe64c)

running 3 tests
test world_json_composes_two_scenes_into_one_ecs ... ok
test prefab_instance_deep_merges_under_its_deltas ... ok
test naruko_blank_page_parses_and_populates_expected_entities ... ok

test result: ok. 3 passed; 0 failed; 0 ignored; 0 measured; 0 filtered out; finished in 0.01s

     Running unittests src/lib.rs (target/debug/deps/elements-2c071961db34bb8e)

running 0 tests

test result: ok. 0 passed; 0 failed; 0 ignored; 0 measured; 0 filtered out; finished in 0.00s

     Running tests/adv_chain.rs (target/debug/deps/adv_chain-97019affb17f5fa7)

running 1 test
test adv_chain_three_walls ... ok

test result: ok. 1 passed; 0 failed; 0 ignored; 0 measured; 0 filtered out; finished in 0.00s

     Running tests/adv_margin.rs (target/debug/deps/adv_margin-4be0ab7363625468)

running 2 tests
test adv_two_sided_overshoot ... ok
test adv_grid_boundary_superset ... ok

test result: ok. 2 passed; 0 failed; 0 ignored; 0 measured; 0 filtered out; finished in 0.01s

     Running tests/diag.rs (target/debug/deps/diag-9160f76f81ddff5e)

running 1 test
test diag_incline ... ok

test result: ok. 1 passed; 0 failed; 0 ignored; 0 measured; 0 filtered out; finished in 15.19s

     Running tests/ordeals.rs (target/debug/deps/ordeals-78904511bd19d5cc)

running 16 tests
test ordeal_momentum_gate_catches_injected_leak - should panic ... ok
test ordeal_fracture_weak_link_breaks ... ok
test ordeal_restitution_apex_matches_param ... ok
test ordeal_pendulum_period ... ok
test ordeal_mixed_radius_bodies_rest_at_derived_gap ... ok
test ordeal_stack_topple_momentum_drift_bounded ... ok
test ordeal_energy_behavior_documented ... ok
test ordeal_box_drop_settles_level_and_still ... ok
test ordeal_rigid_invariance_under_tumbling ... ok
test ordeal_chain_length_conservation ... ok
test ordeal_rigid_energy_honest ... ok
test ordeal_determinism_rigid_collision ... ok
test ordeal_stack_at_rest_stability_after_topple ... ok
test ordeal_determinism_byte_identical ... ok
test ordeal_stack_topple_replay_is_byte_identical ... ok
test ordeal_friction_incline_critical_angle ... ok

test result: ok. 16 passed; 0 failed; 0 ignored; 0 measured; 0 filtered out; finished in 2.83s

     Running tests/pscale_broadphase.rs (target/debug/deps/pscale_broadphase-a66ee907d87eb1ff)

running 4 tests
test ordeal_grid_query_is_complete ... ok
test ordeal_broadphase_deterministic ... ok
test ordeal_broadphase_replay_byte_identical ... ok
test ordeal_broadphase_pruned_pairs_never_contact has been running for over 60 seconds
test ordeal_broadphase_pruned_pairs_never_contact ... ok

test result: ok. 4 passed; 0 failed; 0 ignored; 0 measured; 0 filtered out; finished in 93.34s

     Running tests/pscale_ordeals.rs (target/debug/deps/pscale_ordeals-aa991dace00a58e4)

running 5 tests
