=== START scrying-glass/lib ===
   Compiling steiner v0.1.0 (/Users/pascaldisse/projects/magic-crystal-chain/packages/steiner)
   Compiling scrying-glass v0.1.0 (/Users/pascaldisse/projects/magic-crystal-chain/packages/scrying-glass)
    Finished `test` profile [unoptimized + debuginfo] target(s) in 5.32s
     Running unittests src/lib.rs (target/debug/deps/scrying_glass-ab1207f035140a12)

running 49 tests
test bvh::tests::empty_build_has_one_leaf ... ok
test bvh::tests::merge_handles_single_leaf_sides ... ok
test bvh::tests::ray_hits_and_shadow_occludes ... ok
test bvh::tests::dynamic_splice_default_gate_fires_on_blowup ... ok
test bvh::tests::leaf_indices_cover_every_triangle_once ... ok
test denoiser::tests::forward_is_pure_and_repeatable ... ok
test denoiser::tests::sha256_matches_nist_test_vector_abc ... ok
test denoiser::tests::sha256_matches_nist_test_vector_empty ... ok
test bvh::tests::dynamic_splice_refits_then_rebuilds ... ok
test bvh::tests::refit_matches_rebuild_geometry ... ok
test error_metric::tests::empty_images_are_zero_not_nan ... ok
test error_metric::tests::mae_self_is_exactly_zero ... ok
test error_metric::tests::rmse_and_mae_discriminate_a_real_difference ... ok
test error_metric::tests::rmse_self_is_exactly_zero ... ok
test horizon::tests::radius_derives_from_budget_and_fits ... ok
test player::tests::floor_query_ignores_walls_and_finds_top ... ok
test bvh::tests::merge_equals_full_rebuild ... ok
test horizon::tests::tiny_budget_is_rejected_not_panicked ... ok
test denoiser::tests::weights_roundtrip_through_serialization ... ok
test player::tests::jump_arc_apex_matches_v_squared_over_two_g ... ok
test player::tests::walk_covers_speed_times_time_forward ... ok
test player::tests::ground_clamp_settles_at_eye_height_and_never_sinks ... ok
test bvh::tests::dynamic_splice_default_holds_across_bounded_oscillation ... ok
test player::tests::gravity_integration_is_deterministic ... ok
test retina::tests::geometry_cache_reuses_epoch_and_invalidates_on_change ... ok
test scene::tests::from_ecs_derives_world_space_box_vertices_and_spawn_camera ... ok
test scene::tests::emissive_sources_read_the_real_lantern ... ok
test presence::tests::body_transform_tracks_the_pose ... ok
test presence::tests::join_and_reap_track_the_pose_set ... ok
test scene::tests::stall_top_flat_surface_is_derived_from_geometry ... ok
test scene::tests::sun_reads_environment_over_defaults ... ok
test scene::tests::terrain_placement_offset_is_translation_invariant_at_planetary_tile_magnitude ... ok
test presence::tests::motion_drives_the_gait ... ok
test presence::tests::splice_byte_deterministic ... ok
test upscaler::tests::bilinear_upsample_is_exact_identity_at_scale_one ... ok
test upscaler::tests::forward_is_pure_and_repeatable ... ok
test upscaler::tests::input_feature_count_is_twentyone ... ok
test denoiser::tests::training_reduces_loss_on_a_trivial_identity_task ... ok
test upscaler::tests::untrained_net_is_exactly_bilinear ... ok
test upscaler::tests::weights_roundtrip_through_serialization ... ok
test scene::tests::naruko_leaf_stream_preserves_every_material_band ... ok
test scene::tests::leaf_triangles_split_albedo_and_emission_by_material ... ok
test upscaler::tests::training_reduces_residual_loss_on_a_learnable_task ... ok
test scene::tests::vertex_stream_always_reproduces_leaf_geometry ... ok
test scene::tests::dynamic_split_leaf_parity_holds ... ok
test scene::tests::naruko_chain_is_deterministic_and_double_builds_byte_identical ... ok
test retina::tests::naruko_retina_cache_latency_and_truth ... ok
test scene::tests::bob_matches_kami_through_the_pipeline ... ok
test scene::tests::tick_determinism_byte_identical_model_buffer ... ok

test result: ok. 49 passed; 0 failed; 0 ignored; 0 measured; 0 filtered out; finished in 35.32s

=== END scrying-glass/lib rc=0 elapsed=42s ===
=== START scrying-glass/bloodbend_ordeals ===
   Compiling scrying-glass v0.1.0 (/Users/pascaldisse/projects/magic-crystal-chain/packages/scrying-glass)
    Finished `test` profile [unoptimized + debuginfo] target(s) in 10.59s
     Running tests/bloodbend_ordeals.rs (target/debug/deps/bloodbend_ordeals-f63ce1fac3ce165f)

running 7 tests
test shader_journal_snapshots_previous_before_swap ... ok
test journal_snapshots_previous_before_apply ... ok
test no_op_bend_skips_journal_and_rebuild ... ok
test broken_json_is_rejected_and_world_hash_unchanged ... ok
test valid_crate_recolor_is_applied_and_reflected ... ok
test toctou_validated_bytes_match_stored_last_good_by_construction ... ok
test bad_wgsl_keeps_old_pipeline_and_valid_swap_works ... ok

test result: ok. 7 passed; 0 failed; 0 ignored; 0 measured; 0 filtered out; finished in 0.44s

=== END scrying-glass/bloodbend_ordeals rc=0 elapsed=11s ===
=== START scrying-glass/body_sigil ===
   Compiling scrying-glass v0.1.0 (/Users/pascaldisse/projects/magic-crystal-chain/packages/scrying-glass)
    Finished `test` profile [unoptimized + debuginfo] target(s) in 0.86s
     Running tests/body_sigil.rs (target/debug/deps/body_sigil-a9a50164d41b5eb2)

running 4 tests
test f2_both_preset_and_shape_refuses_the_realm ... ok
test f2_shape_body_is_a_rigid_not_a_vessel ... ok
test f2_unknown_body_field_is_loud ... ok
test f2_preset_body_on_meshed_entity_is_vessel_only ... ok

test result: ok. 4 passed; 0 failed; 0 ignored; 0 measured; 0 filtered out; finished in 0.04s

=== END scrying-glass/body_sigil rc=0 elapsed=2s ===
=== START scrying-glass/floor_fallthrough ===
   Compiling scrying-glass v0.1.0 (/Users/pascaldisse/projects/magic-crystal-chain/packages/scrying-glass)
    Finished `test` profile [unoptimized + debuginfo] target(s) in 0.88s
     Running tests/floor_fallthrough.rs (target/debug/deps/floor_fallthrough-93b874788fb7ef89)

running 2 tests
test terra_north_rim_steps_down_onto_sea_plate_grounded ... ok
test walk_the_realm_has_no_interior_fallthrough ... ok

test result: ok. 2 passed; 0 failed; 0 ignored; 0 measured; 0 filtered out; finished in 11.01s

=== END scrying-glass/floor_fallthrough rc=0 elapsed=12s ===
=== START scrying-glass/horizon ===
   Compiling scrying-glass v0.1.0 (/Users/pascaldisse/projects/magic-crystal-chain/packages/scrying-glass)
    Finished `test` profile [unoptimized + debuginfo] target(s) in 0.61s
     Running tests/horizon.rs (target/debug/deps/horizon-a290a8a7482617f5)

running 5 tests
test ordeal4_evicted_tile_leaves_the_collision_world ... ok
test ordeal1_horizon_materializes_ahead_evicts_behind_under_budget ... ok
test ordeal2_render_origin_rebases_pose_trace_continuous ... ok
test ordeal3_planetary_magnitude_walk_holds_the_invariants ... ok
test ordeal2b_sabotaged_rebase_trips_the_continuity_guard ... ok

test result: ok. 5 passed; 0 failed; 0 ignored; 0 measured; 0 filtered out; finished in 57.70s

=== END scrying-glass/horizon rc=0 elapsed=59s ===
=== START scrying-glass/light_temporal ===
   Compiling scrying-glass v0.1.0 (/Users/pascaldisse/projects/magic-crystal-chain/packages/scrying-glass)
warning: function `rmse` is never used
   --> packages/scrying-glass/tests/light_temporal.rs:406:4
    |
406 | fn rmse(a: &[GVec3], b: &[GVec3]) -> f64 {
    |    ^^^^
    |
    = note: `#[warn(dead_code)]` (part of `#[warn(unused)]`) on by default

warning: `scrying-glass` (test "light_temporal") generated 1 warning
    Finished `test` profile [unoptimized + debuginfo] target(s) in 0.80s
     Running tests/light_temporal.rs (target/debug/deps/light_temporal-5aeba7d6578ae699)

running 7 tests
test temporal_relight_reconverges_while_still ... ignored, relight-while-still needs a per-pixel temporal-variance channel; always-on clamp breaks still-camera exactness (documented conflict)
test temporal_frame_budget_640x480 ... ok
test temporal_slow_pan_no_smear ... ok
test temporal_micro_jitter_still_converges ... ok
test temporal_motion_reprojection_accepts ... ok
test temporal_teleport_rejects_stale_history ... ok
test temporal_static_convergence ... ok

test result: ok. 6 passed; 0 failed; 1 ignored; 0 measured; 0 filtered out; finished in 0.77s

=== END scrying-glass/light_temporal rc=0 elapsed=2s ===
=== START scrying-glass/medium_parity ===
   Compiling scrying-glass v0.1.0 (/Users/pascaldisse/projects/magic-crystal-chain/packages/scrying-glass)
    Finished `test` profile [unoptimized + debuginfo] target(s) in 0.62s
     Running tests/medium_parity.rs (target/debug/deps/medium_parity-931a0fc66555a53e)

running 2 tests
test medium_parity_gpu_matches_aether_reference ... ok
test point_light_parity_gpu_matches_aether_reference ... ok

test result: ok. 2 passed; 0 failed; 0 ignored; 0 measured; 0 filtered out; finished in 0.41s

=== END scrying-glass/medium_parity rc=0 elapsed=2s ===
=== START scrying-glass/ordeals ===
   Compiling scrying-glass v0.1.0 (/Users/pascaldisse/projects/magic-crystal-chain/packages/scrying-glass)
    Finished `test` profile [unoptimized + debuginfo] target(s) in 0.66s
     Running tests/ordeals.rs (target/debug/deps/ordeals-a4fb60bbf59ac4f6)

running 4 tests
test shadowed_point_receives_no_sun ... ok
test determinism_same_seed_frames_byte_identical ... ok
test parity_gpu_tracer_matches_pleroma ... ok
test specular_parity_gpu_mirror_matches_pleroma ... ok

test result: ok. 4 passed; 0 failed; 0 ignored; 0 measured; 0 filtered out; finished in 0.91s

=== END scrying-glass/ordeals rc=0 elapsed=2s ===
=== START scrying-glass/patch_gate ===
   Compiling scrying-glass v0.1.0 (/Users/pascaldisse/projects/magic-crystal-chain/packages/scrying-glass)
    Finished `test` profile [unoptimized + debuginfo] target(s) in 0.87s
     Running tests/patch_gate.rs (target/debug/deps/patch_gate-de26125bf37feb8f)

running 7 tests
test sliver_low_enough_above_floor_is_admitted_by_design ... ok
test patch_radius_gate_discriminates_both_directions ... ok
test contact_radius_matches_measured_foot_half_extent ... ok
test mirror_panel_top_seam_dies ... ok
test pier_plank_is_unchanged ... ok
test patch_gate_query_is_deterministic ... ok
test legitimate_floors_are_unchanged ... ok

test result: ok. 7 passed; 0 failed; 0 ignored; 0 measured; 0 filtered out; finished in 0.66s

=== END scrying-glass/patch_gate rc=0 elapsed=2s ===
=== START scrying-glass/physics ===
   Compiling scrying-glass v0.1.0 (/Users/pascaldisse/projects/magic-crystal-chain/packages/scrying-glass)
    Finished `test` profile [unoptimized + debuginfo] target(s) in 0.92s
     Running tests/physics.rs (target/debug/deps/physics-6dc7ddc65bc83f0d)

running 6 tests
test no_body_declared_is_byte_unchanged ... ok
test stack_settles_at_derived_chained_heights ... ok
test two_runs_are_byte_identical_state_hashes ... ok
test crate_falls_and_rests_on_the_planks_at_derived_height ... ok
test stack_topple_never_falls_through_the_pier_deck ... ok
test stack_topple_via_impulse_replays_byte_identical has been running for over 60 seconds
test stack_topple_via_impulse_replays_byte_identical ... ok

test result: ok. 6 passed; 0 failed; 0 ignored; 0 measured; 0 filtered out; finished in 84.56s

=== END scrying-glass/physics rc=0 elapsed=86s ===
=== START scrying-glass/pose_trace ===
   Compiling scrying-glass v0.1.0 (/Users/pascaldisse/projects/magic-crystal-chain/packages/scrying-glass)
    Finished `test` profile [unoptimized + debuginfo] target(s) in 1.11s
     Running tests/pose_trace.rs (target/debug/deps/pose_trace-1d4e26eea5dd4c39)

running 1 test
test pose_trace_script ... ok

test result: ok. 1 passed; 0 failed; 0 ignored; 0 measured; 0 filtered out; finished in 0.00s

=== END scrying-glass/pose_trace rc=0 elapsed=1s ===
=== START scrying-glass/rite5 ===
   Compiling scrying-glass v0.1.0 (/Users/pascaldisse/projects/magic-crystal-chain/packages/scrying-glass)
    Finished `test` profile [unoptimized + debuginfo] target(s) in 1.06s
     Running tests/rite5.rs (target/debug/deps/rite5-1ba67efc008a2511)

running 17 tests
test v1_contact_and_passing_are_distinct_poses ... ok
test v0_body_composes_from_the_sigil ... ok
test v1_body_grounds_on_the_walker_floor_f1 ... ok
test v1_derived_foot_ground_contact_no_hover ... ok
test v2_cat_body_is_minded_nari_is_not ... ok
test v0_body_enters_dynamic_partition_each_tick ... ok
test v1_body_casts_a_traced_shadow_on_the_seawall ... ok
test v1_sama_pose_is_the_skinning_input_each_tick ... ok
test v0_body_render_is_deterministic ... ok
test weld_attachment_sigil_is_read ... ok
test weld_own_eye_cull_excludes_attached_body_foreign_eye_includes_it ... ok
test weld_attached_body_position_equals_walker_0e0 ... ok
test weld_gait_speed_is_derived_not_broadcast ... ok
test v1_gait_is_deterministic_byte_identical ... ok
test weld_shadow_follows_the_walked_body ... ok
test v2_cat_animation_is_byte_identical ... ok
test v2_cat_walks_its_circuit_while_nari_holds has been running for over 60 seconds
test v2_cat_walks_its_circuit_while_nari_holds ... ok

test result: ok. 17 passed; 0 failed; 0 ignored; 0 measured; 0 filtered out; finished in 67.90s

=== END scrying-glass/rite5 rc=0 elapsed=70s ===
=== START scrying-glass/seam_step ===
   Compiling scrying-glass v0.1.0 (/Users/pascaldisse/projects/magic-crystal-chain/packages/scrying-glass)
    Finished `test` profile [unoptimized + debuginfo] target(s) in 0.93s
     Running tests/seam_step.rs (target/debug/deps/seam_step-f54c155d9f3de69b)

running 5 tests
test ruling6_contact_patch_gate_bites_generated_geometry ... ok
test seam_height_mismatch_is_caught_by_the_guard ... ok
test walker_crosses_seam_forward_and_back_is_pose_trace_continuous ... ok
test rigid_body_rests_on_generated_terrain_at_planetary_render_origin ... ok
test rigid_body_rests_on_generated_terrain_in_the_solver_collision_world ... ok

test result: ok. 5 passed; 0 failed; 0 ignored; 0 measured; 0 filtered out; finished in 3.66s

=== END scrying-glass/seam_step rc=0 elapsed=5s ===
=== START scrying-glass/vii0b_terrain ===
   Compiling scrying-glass v0.1.0 (/Users/pascaldisse/projects/magic-crystal-chain/packages/scrying-glass)
    Finished `test` profile [unoptimized + debuginfo] target(s) in 0.99s
     Running tests/vii0b_terrain.rs (target/debug/deps/vii0b_terrain-61617c507d3beee9)

running 4 tests
test terrain_entity_with_a_mesh_component_is_refused ... ok
test generated_patch_enters_the_walker_floor_at_the_analytic_field_value ... ok
test no_storage_cold_double_load_is_byte_identical_and_json_carries_no_geometry ... ok
test render_origin_at_planetary_tile_magnitude_reproduces_the_local_mesh_through_the_real_weld ... ok

test result: ok. 4 passed; 0 failed; 0 ignored; 0 measured; 0 filtered out; finished in 0.64s

=== END scrying-glass/vii0b_terrain rc=0 elapsed=2s ===
=== START scrying-glass/viii0_ordeals ===
   Compiling scrying-glass v0.1.0 (/Users/pascaldisse/projects/magic-crystal-chain/packages/scrying-glass)
    Finished `test` profile [unoptimized + debuginfo] target(s) in 0.72s
     Running tests/viii0_ordeals.rs (target/debug/deps/viii0_ordeals-4ca7a911967d9e6b)

running 6 tests
test ban_aov_signature_takes_current_frame_inputs_only ... ok
test ban_no_temporal_vocabulary_in_the_new_aov_error_module ... ok
test aov_off_matches_pre_atom_golden_hash ... ok
test aov_export_is_deterministic_cold_run ... ok
test reference_accumulation_is_reproducible ... ok
test error_metric_discriminates_a_real_gpu_difference ... ok

test result: ok. 6 passed; 0 failed; 0 ignored; 0 measured; 0 filtered out; finished in 0.26s

=== END scrying-glass/viii0_ordeals rc=0 elapsed=2s ===
=== START scrying-glass/viii1_ordeals ===
   Compiling scrying-glass v0.1.0 (/Users/pascaldisse/projects/magic-crystal-chain/packages/scrying-glass)
    Finished `test` profile [unoptimized + debuginfo] target(s) in 1.09s
     Running tests/viii1_ordeals.rs (target/debug/deps/viii1_ordeals-cfb8961f4bc72639)

running 6 tests
test d_ban_every_public_fn_signature_in_denoiser_takes_current_frame_inputs_only ... ok
test d_ban_denoiser_module_is_picked_up_by_the_forward_proof_grep_gate ... ok
test a4_committed_weights_bytes_match_pinned_provenance_sha256 ... ok
test a_inference_is_byte_identical_same_frame_twice_cold ... ok
test e_senses_unchanged_oracle_sha_equal_pass_on_or_off ... ok
test b_and_c_denoised_beats_pinned_bound_and_beats_noisy_on_every_validation_frame ... ok

test result: ok. 6 passed; 0 failed; 0 ignored; 0 measured; 0 filtered out; finished in 2.27s

=== END scrying-glass/viii1_ordeals rc=0 elapsed=3s ===
=== START scrying-glass/viii2_ordeals ===
   Compiling scrying-glass v0.1.0 (/Users/pascaldisse/projects/magic-crystal-chain/packages/scrying-glass)
    Finished `test` profile [unoptimized + debuginfo] target(s) in 1.03s
     Running tests/viii2_ordeals.rs (target/debug/deps/viii2_ordeals-9fae01591e151c07)

running 5 tests
test f_ban_every_public_fn_signature_in_denoiser_gpu_takes_current_frame_inputs_only ... ok
test d_ban_no_temporal_vocabulary_in_the_gpu_shader ... ok
test e_gpu_uploads_weights_matching_the_hash_pinned_committed_artifact ... ok
test a_gpu_inference_is_byte_identical_same_frame_twice ... ok
test b_and_c_gpu_matches_cpu_within_derived_bound_and_beats_noisy ... ok

test result: ok. 5 passed; 0 failed; 0 ignored; 0 measured; 0 filtered out; finished in 2.02s

=== END scrying-glass/viii2_ordeals rc=0 elapsed=4s ===
=== START scrying-glass/viii3_ordeals ===
   Compiling scrying-glass v0.1.0 (/Users/pascaldisse/projects/magic-crystal-chain/packages/scrying-glass)
    Finished `test` profile [unoptimized + debuginfo] target(s) in 1.08s
     Running tests/viii3_ordeals.rs (target/debug/deps/viii3_ordeals-7fd1da39bfe4b1ec)

running 6 tests
test f_ban_every_public_fn_signature_in_upscaler_takes_current_frame_inputs_only ... ok
test f_ban_upscaler_module_is_picked_up_by_the_forward_proof_grep_gate ... ok
test e_committed_weights_bytes_match_pinned_provenance_sha256 ... ok
test d_scale_one_degenerates_to_exact_identity ... ok
test a_inference_is_byte_identical_same_frame_twice_cold ... ok
test b_and_c_neural_beats_bilinear_and_meets_pinned_bound_on_every_validation_frame ... ok

test result: ok. 6 passed; 0 failed; 0 ignored; 0 measured; 0 filtered out; finished in 3.63s

=== END scrying-glass/viii3_ordeals rc=0 elapsed=5s ===
=== START scrying-glass/viii3b_ordeals ===
   Compiling scrying-glass v0.1.0 (/Users/pascaldisse/projects/magic-crystal-chain/packages/scrying-glass)
    Finished `test` profile [unoptimized + debuginfo] target(s) in 1.02s
     Running tests/viii3b_ordeals.rs (target/debug/deps/viii3b_ordeals-e5da2d297b5e6d10)

running 4 tests
test d_ban_no_temporal_vocabulary_in_the_gpu_shader ... ok
test g_full_neural_path_is_deterministic_end_to_end ... ok
test a_gpu_inference_is_byte_identical_same_frame_twice ... ok
test b_and_c_gpu_matches_cpu_within_derived_bound_and_beats_bilinear ... ok

test result: ok. 4 passed; 0 failed; 0 ignored; 0 measured; 0 filtered out; finished in 3.41s

=== END scrying-glass/viii3b_ordeals rc=0 elapsed=6s ===
=== START crystal ===
    Finished `test` profile [unoptimized + debuginfo] target(s) in 0.07s
     Running unittests src/lib.rs (target/debug/deps/crystal-e099c9244a850626)

running 10 tests
test protocol::tests::parses_the_external_hub_world_when_available ... ok
test prefab::tests::prefab_name_reads_string_or_link ... ok
test package_tests::package_registers_versioned_manifest ... ok
test prefab::tests::diff_keeps_overridden_and_novel_components ... ok
test prefab::tests::objects_merge_recursively_arrays_replace ... ok
test prefab::tests::expand_then_diff_is_identity_on_deltas ... ok
test protocol::tests::preserves_unknown_ops_and_messages ... ok
test protocol::tests::typed_boomtown_components_and_model_parts_deserialize ... ok
test protocol::tests::parses_and_roundtrips_the_committed_fixture_world ... ok
test protocol::tests::parses_boomtown_world_when_available ... ok

test result: ok. 10 passed; 0 failed; 0 ignored; 0 measured; 0 filtered out; finished in 0.72s

     Running tests/ecs.rs (target/debug/deps/ecs-e6bb76dcc84fe684)

running 4 tests
test command_buffer_replays_in_record_order_at_explicit_boundary ... ok
test fixed_group_accumulator_clamps_and_preserves_fraction ... ok
test dynamic_component_soa_roundtrip_query_and_gaia_map ... ok
test dotscity_compiled_order_conforms_to_reference_snapshot ... ok

test result: ok. 4 passed; 0 failed; 0 ignored; 0 measured; 0 filtered out; finished in 0.04s

     Running tests/world_loading.rs (target/debug/deps/world_loading-35dce829a55fee11)

running 3 tests
test world_json_composes_two_scenes_into_one_ecs ... ok
test prefab_instance_deep_merges_under_its_deltas ... ok
test naruko_blank_page_parses_and_populates_expected_entities ... ok

test result: ok. 3 passed; 0 failed; 0 ignored; 0 measured; 0 filtered out; finished in 0.01s

   Doc-tests crystal

running 0 tests

test result: ok. 0 passed; 0 failed; 0 ignored; 0 measured; 0 filtered out; finished in 0.00s

=== END crystal rc=0 elapsed=1s ===
=== START aether ===
    Finished `test` profile [unoptimized + debuginfo] target(s) in 0.06s
     Running unittests src/lib.rs (target/debug/deps/aether-6cc4c7f0edc23b66)

running 0 tests

test result: ok. 0 passed; 0 failed; 0 ignored; 0 measured; 0 filtered out; finished in 0.00s

     Running tests/ordeals.rs (target/debug/deps/ordeals-bcbb8448d943b1cf)

running 5 tests
test ordeal_1_analytic_slab ... ok
test ordeal_4_determinism ... ok
test ordeal_5_grid_vs_analytic ... ok
test ordeal_2_hg_phase_normalized ... ok
test ordeal_3_energy_budget ... ok

test result: ok. 5 passed; 0 failed; 0 ignored; 0 measured; 0 filtered out; finished in 0.06s

   Doc-tests aether

running 0 tests

test result: ok. 0 passed; 0 failed; 0 ignored; 0 measured; 0 filtered out; finished in 0.00s

=== END aether rc=0 elapsed=0s ===
=== START char-editor ===
   Compiling scrying-glass v0.1.0 (/Users/pascaldisse/projects/magic-crystal-chain/packages/scrying-glass)
   Compiling char-editor v0.1.0 (/Users/pascaldisse/projects/magic-crystal-chain/packages/char-editor)
    Finished `test` profile [unoptimized + debuginfo] target(s) in 3.99s
     Running unittests src/lib.rs (target/debug/deps/char_editor-9d67e0cdcae9136b)

running 0 tests

test result: ok. 0 passed; 0 failed; 0 ignored; 0 measured; 0 filtered out; finished in 0.00s

     Running tests/ordeals.rs (target/debug/deps/ordeals-9ffc5257f8a766d3)

running 5 tests
test out_of_range_params_clamp_and_surface_never_panic ... ok
test parity_nari_byte_identical ... ok
test parity_pink_cat_byte_identical ... ok
test determinism_byte_identical ... ok
test watertight_across_sampled_params ... ok

test result: ok. 5 passed; 0 failed; 0 ignored; 0 measured; 0 filtered out; finished in 6.33s

   Doc-tests char_editor

running 1 test
test packages/char-editor/src/lib.rs - (line 31) ... ok

test result: ok. 1 passed; 0 failed; 0 ignored; 0 measured; 0 filtered out; finished in 0.39s

=== END char-editor rc=0 elapsed=12s ===
=== START homunculus ===
    Finished `test` profile [unoptimized + debuginfo] target(s) in 0.06s
     Running unittests src/lib.rs (target/debug/deps/homunculus-42c9bcf1dcd4e7e3)

running 0 tests

test result: ok. 0 passed; 0 failed; 0 ignored; 0 measured; 0 filtered out; finished in 0.00s

     Running tests/ordeals.rs (target/debug/deps/ordeals-d6087ebc0b693e58)

running 8 tests
test ordeal_socket_follows_elbow ... ok
test ordeal_generator_counts_and_lengths ... ok
test ordeal_bind_pose_roundtrip ... ok
test ordeal_defaults_preserve_v0 ... ok
test ordeal_socket_determinism ... ok
test ordeal_socket_bind_derivation ... ok
test ordeal_morphology_continuity ... ok
test ordeal_weights_normalized ... ok

test result: ok. 8 passed; 0 failed; 0 ignored; 0 measured; 0 filtered out; finished in 0.01s

   Doc-tests homunculus

running 0 tests

test result: ok. 0 passed; 0 failed; 0 ignored; 0 measured; 0 filtered out; finished in 0.00s

=== END homunculus rc=0 elapsed=0s ===
=== START vessel ===
    Finished `test` profile [unoptimized + debuginfo] target(s) in 0.06s
     Running unittests src/lib.rs (target/debug/deps/vessel-5970defc39423534)

running 4 tests
test color::tests::hex_roundtrips_canonical ... ok
test color::tests::white_black_roundtrip ... ok
test color::tests::unknown_is_none ... ok
test color::tests::short_hex_expands ... ok

test result: ok. 4 passed; 0 failed; 0 ignored; 0 measured; 0 filtered out; finished in 0.00s

     Running tests/ordeals.rs (target/debug/deps/ordeals-1522a2cdf733557a)

running 11 tests
test ordeal_deformation_regions ... ok
test ordeal_every_vertex_one_region ... ok
test ordeal_both_morphologies_regions_nonempty ... ok
test ordeal_mesh_sanity ... ok
test ordeal_region_coverage_geometric ... ok
test ordeal_closedness ... ok
test ordeal_color_validity ... ok
test ordeal_both_morphologies_no_nan ... ok
test ordeal_weights_normalized ... ok
test ordeal_colored_determinism ... ok
test ordeal_determinism ... ok

test result: ok. 11 passed; 0 failed; 0 ignored; 0 measured; 0 filtered out; finished in 0.54s

     Running tests/rite5.rs (target/debug/deps/rite5-dce64f58209d694e)

running 4 tests
test v0_nari_palette_is_avatar_canon ... ok
test v0_bone_vertex_transform_parity ... ok
test v0_watertight_after_skinning ... ok
test v0_skinning_is_byte_identical ... ok

test result: ok. 4 passed; 0 failed; 0 ignored; 0 measured; 0 filtered out; finished in 0.07s

     Running tests/rite5_v2.rs (target/debug/deps/rite5_v2-b127f30f3d160864)

running 4 tests
test v2_cat_palette_paints_every_region ... ok
test v2_cat_lowest_vertex_is_a_paw ... ok
test v2_cat_watertight_after_skinning ... ok
test v2_cat_skinning_is_byte_identical ... ok

test result: ok. 4 passed; 0 failed; 0 ignored; 0 measured; 0 filtered out; finished in 0.38s

   Doc-tests vessel

running 0 tests

test result: ok. 0 passed; 0 failed; 0 ignored; 0 measured; 0 filtered out; finished in 0.00s

=== END vessel rc=0 elapsed=1s ===
=== START sama ===
    Finished `test` profile [unoptimized + debuginfo] target(s) in 0.06s
     Running unittests src/lib.rs (target/debug/deps/sama-8e106125778aaf17)

running 0 tests

test result: ok. 0 passed; 0 failed; 0 ignored; 0 measured; 0 filtered out; finished in 0.00s

     Running tests/ordeals.rs (target/debug/deps/ordeals-e79c22970279686c)

running 7 tests
test ordeal_look_at_clamps_and_error ... ok
test v0_sama_idle_tick0_is_bind_pose ... ok
test ordeal_state_machine_timing_and_continuity ... ok
test ordeal_walk_parity_with_canon ... ok
test ordeal_gait_walk_determinism ... ok
test ordeal_determinism_byte_identical ... ok
test ordeal_both_morphologies_valid ... ok

test result: ok. 7 passed; 0 failed; 0 ignored; 0 measured; 0 filtered out; finished in 0.01s

   Doc-tests sama

running 0 tests

test result: ok. 0 passed; 0 failed; 0 ignored; 0 measured; 0 filtered out; finished in 0.00s

=== END sama rc=0 elapsed=1s ===
=== START elements ===
    Finished `test` profile [unoptimized + debuginfo] target(s) in 0.06s
     Running unittests src/lib.rs (target/debug/deps/elements-2c071961db34bb8e)

running 0 tests

test result: ok. 0 passed; 0 failed; 0 ignored; 0 measured; 0 filtered out; finished in 0.00s

     Running tests/adv_chain.rs (target/debug/deps/adv_chain-97019affb17f5fa7)

running 1 test
test adv_chain_three_walls ... ok

test result: ok. 1 passed; 0 failed; 0 ignored; 0 measured; 0 filtered out; finished in 0.00s

     Running tests/adv_margin.rs (target/debug/deps/adv_margin-4be0ab7363625468)

running 2 tests
test adv_two_sided_overshoot ... ok
test adv_grid_boundary_superset ... ok

test result: ok. 2 passed; 0 failed; 0 ignored; 0 measured; 0 filtered out; finished in 0.01s

     Running tests/diag.rs (target/debug/deps/diag-9160f76f81ddff5e)

running 1 test
test diag_incline ... ok

test result: ok. 1 passed; 0 failed; 0 ignored; 0 measured; 0 filtered out; finished in 15.01s

     Running tests/ordeals.rs (target/debug/deps/ordeals-78904511bd19d5cc)

running 16 tests
test ordeal_fracture_weak_link_breaks ... ok
test ordeal_momentum_gate_catches_injected_leak - should panic ... ok
test ordeal_restitution_apex_matches_param ... ok
test ordeal_mixed_radius_bodies_rest_at_derived_gap ... ok
test ordeal_pendulum_period ... ok
test ordeal_stack_topple_momentum_drift_bounded ... ok
test ordeal_energy_behavior_documented ... ok
test ordeal_box_drop_settles_level_and_still ... ok
test ordeal_rigid_invariance_under_tumbling ... ok
test ordeal_chain_length_conservation ... ok
test ordeal_rigid_energy_honest ... ok
test ordeal_determinism_rigid_collision ... ok
test ordeal_determinism_byte_identical ... ok
test ordeal_stack_at_rest_stability_after_topple ... ok
test ordeal_stack_topple_replay_is_byte_identical ... ok
test ordeal_friction_incline_critical_angle ... ok

test result: ok. 16 passed; 0 failed; 0 ignored; 0 measured; 0 filtered out; finished in 2.64s

     Running tests/pscale_broadphase.rs (target/debug/deps/pscale_broadphase-a66ee907d87eb1ff)

running 4 tests
test ordeal_grid_query_is_complete ... ok
test ordeal_broadphase_deterministic ... ok
test ordeal_broadphase_replay_byte_identical ... ok
test ordeal_broadphase_pruned_pairs_never_contact has been running for over 60 seconds
test ordeal_broadphase_pruned_pairs_never_contact ... ok

test result: ok. 4 passed; 0 failed; 0 ignored; 0 measured; 0 filtered out; finished in 94.62s

     Running tests/pscale_ordeals.rs (target/debug/deps/pscale_ordeals-aa991dace00a58e4)

running 5 tests
test ordeal_per_tick_cost_recorded ... ok
test ordeal_building_at_rest_stays_at_rest ... ok
test ordeal_step_profiled_matches_step ... ok
test ordeal_building_collapse_replay_byte_identical has been running for over 60 seconds
test ordeal_building_fragments_do_not_interpenetrate has been running for over 60 seconds
test ordeal_building_collapse_replay_byte_identical ... ok
test ordeal_building_fragments_do_not_interpenetrate ... ok

test result: ok. 5 passed; 0 failed; 0 ignored; 0 measured; 0 filtered out; finished in 70.96s

     Running tests/vi2_break_ordeals.rs (target/debug/deps/vi2_break_ordeals-475c3dd6d6253ed1)

running 7 tests
test ordeal_momentum_gate_catches_injected_leak_through_fracture - should panic ... ok
test ordeal_momentum_through_fracture_bounded ... ok
test ordeal_equivalent_exchange_mass_exact ... ok
test ordeal_default_essence_love_breaks_under_full_scenario ... ok
test ordeal_fracture_threshold_reads_bond_love_not_a_hardcoded_break ... ok
test ordeal_fragments_do_not_interpenetrate_after_break ... ok
test ordeal_replay_determinism_drop_break_settle_including_fragments ... ok

test result: ok. 7 passed; 0 failed; 0 ignored; 0 measured; 0 filtered out; finished in 0.48s

   Doc-tests elements

running 0 tests

test result: ok. 0 passed; 0 failed; 0 ignored; 0 measured; 0 filtered out; finished in 0.00s

=== END elements rc=0 elapsed=185s ===
=== START fracture ===
    Finished `test` profile [unoptimized + debuginfo] target(s) in 0.21s
     Running unittests src/lib.rs (target/debug/deps/fracture-5ae33c089418a660)

running 3 tests
test tests::fragments_split_the_chain_in_two ... ok
test tests::fragment_dag_round_trips_transmute ... ok
test tests::ordeal_fragment_chains_byte_deterministic ... ok

test result: ok. 3 passed; 0 failed; 0 ignored; 0 measured; 0 filtered out; finished in 0.00s

   Doc-tests fracture

running 0 tests

test result: ok. 0 passed; 0 failed; 0 ignored; 0 measured; 0 filtered out; finished in 0.00s

=== END fracture rc=0 elapsed=0s ===
=== START transmutation ===
    Finished `test` profile [unoptimized + debuginfo] target(s) in 0.10s
     Running unittests src/lib.rs (target/debug/deps/transmutation-eeb31cbf18ac965f)

running 7 tests
test partition::tests::entropy_seed_is_a_function_of_all_required_coordinates ... ok
test tests::gaia_primitives_tessellate_nonempty ... ok
test tests::header_rejects_garbage ... ok
test tests::serialize_roundtrip_equality ... ok
test tests::leaf_tri_sum_equals_input ... ok
test tests::sphere_transmutes_multi_level_chain ... ok
test tests::every_shard_within_budgets ... ok

test result: ok. 7 passed; 0 failed; 0 ignored; 0 measured; 0 filtered out; finished in 0.65s

     Running unittests src/bin/transmute-cli.rs (target/debug/deps/transmute_cli-c73eee11e033f708)

running 0 tests

test result: ok. 0 passed; 0 failed; 0 ignored; 0 measured; 0 filtered out; finished in 0.00s

     Running tests/inquisition.rs (target/debug/deps/inquisition-8497cde8452892b8)

running 20 tests
test budgets_default_is_engine_ceiling ... ok
test finding3_single_triangle_terminal ... ok
test finding3_unsimplifiable_stays_terminal_no_orphans ... ok
test finding4_version_bumped_and_v1_rejected ... ok
test finding1_canonical_coordinate_offset_grids ... ok
test finding5_uv_seam_not_welded ... ok
test advisory_leaf_triangle_multiset_equals_input ... ok
test finding6_illegal_params_rejected ... ok
test finding5_uv_seam_survives_multi_level ... ok
test finding1_boundary_locking_pathological ... ok
test finding5_pathological_lossless ... ok
test finding4_root_loads_without_the_rest ... ok
test finding2_group_records_share_metric ... ok
test advisory_error_monotone_up_chain ... ok
test finding4_pages_range_read_independently ... ok
test finding4_dependency_closure_covers_all_pages ... ok
test finding8_entropy_state_is_byte_identical ... ok
test finding8_metis_default_in_process_double_build_identical ... ok
test finding1_boundary_locking_sphere_and_plane ... ok
== transmutation Great Chain stats ==
mesh:        sphere @ res 128
input verts: 12513
input tris:  24576
partitioner: metis
levels:      10
clusters:    663 total
groups:      169 total
leaf tri sum:24576 (== input: true)

level    clusters         tris  avg tris/cl
0             262        24576         93.8
1             185        12276         66.4
2             101         6130         60.7
3              55         3058         55.6
4              30         1554         51.8
5              15          794         52.9
6               8          398         49.8
7               4          198         49.5
8               2           98         49.0
9               1           48         48.0
wrote /Users/pascaldisse/projects/magic-crystal-chain/target/tmp/det_a.cbdg (1858383 bytes)
== transmutation Great Chain stats ==
mesh:        sphere @ res 128
input verts: 12513
input tris:  24576
partitioner: metis
levels:      10
clusters:    663 total
groups:      169 total
leaf tri sum:24576 (== input: true)

level    clusters         tris  avg tris/cl
0             262        24576         93.8
1             185        12276         66.4
2             101         6130         60.7
3              55         3058         55.6
4              30         1554         51.8
5              15          794         52.9
6               8          398         49.8
7               4          198         49.5
8               2           98         49.0
9               1           48         48.0
wrote /Users/pascaldisse/projects/magic-crystal-chain/target/tmp/det_b.cbdg (1858383 bytes)
test finding8_two_independent_builds_byte_identical ... ok

test result: ok. 20 passed; 0 failed; 0 ignored; 0 measured; 0 filtered out; finished in 1.60s

   Doc-tests transmutation

running 0 tests

test result: ok. 0 passed; 0 failed; 0 ignored; 0 measured; 0 filtered out; finished in 0.00s

=== END transmutation rc=0 elapsed=3s ===
=== START kami ===
    Finished `test` profile [unoptimized + debuginfo] target(s) in 0.08s
     Running unittests src/lib.rs (target/debug/deps/kami-4ed830bc9293d2eb)

running 0 tests

test result: ok. 0 passed; 0 failed; 0 ignored; 0 measured; 0 filtered out; finished in 0.00s

     Running tests/cat.rs (target/debug/deps/cat-6894b431497cb1ea)

running 3 tests
test cat_walk_is_bounded_and_returns_home ... ok
test cat_loop_visits_sit_then_flick_then_walk ... ok
test cat_drive_stream_is_byte_identical ... ok

test result: ok. 3 passed; 0 failed; 0 ignored; 0 measured; 0 filtered out; finished in 0.00s

     Running tests/ordeals.rs (target/debug/deps/ordeals-2c57896e0ae26eb5)

running 13 tests
test ordeal_bob_formula_parity ... ok
test ordeal_flicker_formula_parity ... ok
test ordeal_orbit_formula_parity ... ok
test ordeal_path_formula_parity ... ok
test ordeal_pulse_formula_parity ... ok
test ordeal_spin_formula_parity ... ok
test ordeal_emissive_is_always_a_color_string ... ok
test ordeal_look_at_yaw_error_goes_to_zero ... ok
test ordeal_patrol_visits_every_waypoint_and_loop_closes ... ok
test ordeal_follow_converges_without_overshoot ... ok
test ordeal_decorative_determinism_byte_identical ... ok
test ordeal_wander_stays_in_bounds_10k_ticks ... ok
test ordeal_determinism_byte_identical_over_1000_ticks ... ok

test result: ok. 13 passed; 0 failed; 0 ignored; 0 measured; 0 filtered out; finished in 0.22s

   Doc-tests kami

running 0 tests

test result: ok. 0 passed; 0 failed; 0 ignored; 0 measured; 0 filtered out; finished in 0.00s

=== END kami rc=0 elapsed=1s ===
=== START seed ===
    Finished `test` profile [unoptimized + debuginfo] target(s) in 0.09s
     Running unittests src/lib.rs (target/debug/deps/seed-71cff932726168a3)

running 3 tests
test terrain_sigil::tests::defaults_match_terrain_params_default_when_nothing_overridden ... ok
test terrain_sigil::tests::tile_size_override_re_derives_dependent_dials ... ok
test terrain_sigil::tests::deny_unknown_fields_rejects_a_typo ... ok

test result: ok. 3 passed; 0 failed; 0 ignored; 0 measured; 0 filtered out; finished in 0.00s

     Running tests/ordeals.rs (target/debug/deps/ordeals-450740a5b4b3bd6e)

running 6 tests
test fbm_defaults_in_range ... ok
test ordeal_isolation_region_regenerates_alone ... ok
test ordeal_density_scatter_ratio ... ok
test ordeal_poisson_min_distance_exhaustive ... ok
test ordeal_determinism_two_runs_and_iteration_order ... ok
test ordeal_noise_statistics ... ok

test result: ok. 6 passed; 0 failed; 0 ignored; 0 measured; 0 filtered out; finished in 0.81s

     Running tests/terrain_ordeals.rs (target/debug/deps/terrain_ordeals-79c74c35c45107bf)

running 9 tests
test height_field_is_a_pure_function_of_world_xz ... ok
test ordeal_different_seed_different_mesh ... ok
test ordeal_no_storage_cold_rebuild ... ok
test ordeal_tile_seed_and_coord_key_i64_distinguish_coordinates ... ok
test ordeal_regeneration_determinism ... ok
test ordeal_local_vertex_spacing_stable_at_large_tile_coordinate ... ok
test ordeal_tile_isolation ... ok
test ordeal_seam_all_four_directions_byte_identical ... ok
test ordeal_seam_large_tile_coordinate ... ok

test result: ok. 9 passed; 0 failed; 0 ignored; 0 measured; 0 filtered out; finished in 0.01s

   Doc-tests seed

running 0 tests

test result: ok. 0 passed; 0 failed; 0 ignored; 0 measured; 0 filtered out; finished in 0.00s

=== END seed rc=0 elapsed=1s ===
=== START pleroma ===
    Finished `test` profile [unoptimized + debuginfo] target(s) in 0.09s
     Running unittests src/lib.rs (target/debug/deps/pleroma-acfac95b224a7bf2)

running 19 tests
test color::tests::mid_gray_decodes_below_half ... ok
test color::tests::short_hex_expands ... ok
test color::tests::black_is_zero ... ok
test color::tests::unknown_is_none ... ok
test geometry::tests::box_face_normal ... ok
test geometry::tests::box_from_inside ... ok
test color::tests::white_is_linear_one ... ok
test geometry::tests::sphere_from_inside_flips_normal ... ok
test geometry::tests::plane_hit_and_parallel ... ok
test geometry::tests::box_miss ... ok
test geometry::tests::sphere_front_hit ... ok
test geometry::tests::sphere_miss ... ok
test sampler::tests::distinct_keys_differ ... ok
test sampler::tests::uniform_is_stable_and_in_range ... ok
test vec::tests::dot_cross_hand_values ... ok
test vec::tests::onb_is_orthonormal ... ok
test sampler::tests::cosine_pdf_matches_and_hemisphere_respected ... ok
test sampler::tests::uniform_mean_near_half ... ok
test sampler::tests::cosine_average_is_two_thirds ... ok

test result: ok. 19 passed; 0 failed; 0 ignored; 0 measured; 0 filtered out; finished in 0.04s

     Running tests/medium_ordeals.rs (target/debug/deps/medium_ordeals-82bacabfac147731)

running 2 tests
test ordeal_steam_localized ... ok
test ordeal_equivalent_exchange ... ok

test result: ok. 2 passed; 0 failed; 0 ignored; 0 measured; 0 filtered out; finished in 0.37s

     Running tests/ordeals.rs (target/debug/deps/ordeals-bb8d6105686cf834)

running 8 tests
test ordeal_energy ... ok
test ordeal_mirror_image ... ok
test ordeal_metallic_furnace ... ok
test ordeal_furnace ... ok
test radiance_is_public ... ok
test ordeal_metallic_energy ... ok
test ordeal_determinism ... ok
test ordeal_direct_analytic ... ok

test result: ok. 8 passed; 0 failed; 0 ignored; 0 measured; 0 filtered out; finished in 0.10s

   Doc-tests pleroma

running 1 test
test packages/pleroma/src/lib.rs - (line 18) ... ok

test result: ok. 1 passed; 0 failed; 0 ignored; 0 measured; 0 filtered out; finished in 0.62s

=== END pleroma rc=0 elapsed=2s ===
=== START wired ===
    Finished `test` profile [unoptimized + debuginfo] target(s) in 0.13s
     Running unittests src/lib.rs (target/debug/deps/wired-147ecea654a33a29)

running 13 tests
test codec::tests::hello_and_ops_batch_roundtrip_wire_shape ... ok
test codec::tests::move_presence_emits_position_and_yaw ... ok
test interp::tests::own_presence_never_buffered ... ok
test interp::tests::delay_param_honored_exactly ... ok
test interp::tests::extrapolation_cap_honored ... ok
test interp::tests::rejects_non_monotonic_arrivals ... ok
test interp::tests::yaw_slerps_shortest_arc ... ok
test interp::tests::smooth_vs_slam_bound ... ok
test codec::tests::despawn_and_event_and_clear ... ok
test codec::tests::set_null_clears_component_and_unknown_components_survive ... ok
test interp::tests::determinism_byte_identical ... ok
test interp::tests::observe_extracts_from_entity_map ... ok
test codec::tests::folds_snapshot_then_ops ... ok

test result: ok. 13 passed; 0 failed; 0 ignored; 0 measured; 0 filtered out; finished in 0.00s

   Doc-tests wired

running 1 test
test packages/wired/src/lib.rs - (line 9) - compile ... ok

test result: ok. 1 passed; 0 failed; 0 ignored; 0 measured; 0 filtered out; finished in 0.12s

=== END wired rc=0 elapsed=0s ===
=== START jormungandr ===
    Finished `test` profile [unoptimized + debuginfo] target(s) in 0.08s
     Running unittests src/lib.rs (target/debug/deps/jormungandr-b051c186be1e5aa8)

running 1 test
test tests::aabb_distance_zero_inside_and_grows_outside ... ok

test result: ok. 1 passed; 0 failed; 0 ignored; 0 measured; 0 filtered out; finished in 0.00s

     Running tests/ordeals.rs (target/debug/deps/ordeals-a34ce5a5014dd02e)

running 5 tests
test ordeal_missing_artifact_is_typed_error ... ok
test ordeal_torn_page_is_typed_error_no_panic ... ok
test ordeal_unknown_page_is_typed_error ... ok
test ordeal_eviction_order_honors_distance ... ok
test ordeals_flight ... ok

test result: ok. 5 passed; 0 failed; 0 ignored; 0 measured; 0 filtered out; finished in 9.77s

   Doc-tests jormungandr

running 0 tests

test result: ok. 0 passed; 0 failed; 0 ignored; 0 measured; 0 filtered out; finished in 0.00s

=== END jormungandr rc=0 elapsed=10s ===
=== START oracle ===
   Compiling oracle v0.1.0 (/Users/pascaldisse/projects/magic-crystal-chain/packages/oracle)
    Finished `test` profile [unoptimized + debuginfo] target(s) in 4.56s
     Running unittests src/lib.rs (target/debug/deps/oracle-7affdffaf3f28442)

running 27 tests
test tests::boomtown_loads_once_and_gazes_stay_cheap ... ok
test model::aabb_tests::tube_bounds_cover_spline_sag_beyond_control_points ... ok
test model::aabb_tests::cylinder_honors_radius_top_and_bottom ... ok
test model::aabb_tests::rotation_rotates_the_world_aabb ... ok
test model::aabb_tests::direct_mesh_is_one_implicit_part ... ok
test model::aabb_tests::tube_default_radius_is_three_not_half ... ok
test model::aabb_tests::tube_absent_path_defaults_to_reference_segment ... ok
test model::aabb_tests::visible_false_part_is_excluded ... ok
test model::aabb_tests::tube_short_radii_clamp_last_not_point_five ... ok
test tests::from_core_live_path_constructs_a_world ... ok
test tests::invalid_params_are_typed_errors ... ok
test tests::invalid_tie_eps_is_a_typed_error ... ok
test tests::live_ecs_mutation_is_reflected_on_next_gaze ... ok
test tests::lazy_layers_are_proven_by_the_op_counter ... ok
test tests::default_naruko_excludes_ground_from_captions ... ok
test tests::loads_naruko_scene_into_ecs ... ok
test tests::lighthouse_cells_and_depth_are_geometry_truth_at_grid_32 ... ok
test tests::horizon_row_tracks_pitch ... ok
test tests::look_is_pure_geometry_and_directional ... ok
test tests::proprio_reports_pose_and_components ... ok
test tests::spawn_pose_faces_the_lighthouse ... ok
test tests::yaw_west_rejects_the_lighthouse_entirely ... ok
test tests::serialized_channels_are_honest_no_null_no_unrequested_keys ... ok
test tests::oversized_grid_is_a_typed_error_not_oom ... ok
test tests::deeper_grid_levels_are_just_a_param ... ok
test tests::stamped_cells_are_all_true_ray_hits_no_fabricated_depth ... ok
test tests::byte_budget_is_enforced_before_allocation ... ok

test result: ok. 27 passed; 0 failed; 0 ignored; 0 measured; 0 filtered out; finished in 4.52s

     Running unittests src/bin/oracle_cli.rs (target/debug/deps/oracle_cli-88d95503442c9ae1)

running 0 tests

test result: ok. 0 passed; 0 failed; 0 ignored; 0 measured; 0 filtered out; finished in 0.00s

     Running tests/canon.rs (target/debug/deps/canon-21dabd47335c9a33)

running 8 tests
test canon_terrain_patch_bounds_and_range_are_derived ... ok
test canon_tower_cells_and_depth_band_at_grid_32 ... ok
test canon_default_glance_frustum_set_is_the_ten_meshed_vessels ... ok
test canon_depth_band_column_16_is_front_face_path_length ... ok
test canon_tower_owns_no_grid8_cell ... ok
test canon_moved_eye_pier_glance ... ok
test canon_glance_serialization_is_deterministic ... ok
test canon_nearest_ordering_and_ranges_are_derived ... ok

test result: ok. 8 passed; 0 failed; 0 ignored; 0 measured; 0 filtered out; finished in 8.27s

     Running tests/rest_pose_canon.rs (target/debug/deps/rest_pose_canon-dba03aab19c8229b)

running 2 tests
test senses_read_solver_rested_pose ... ok
test rest_is_deterministic ... ok

test result: ok. 2 passed; 0 failed; 0 ignored; 0 measured; 0 filtered out; finished in 14.70s

     Running tests/vi2_fracture_canon.rs (target/debug/deps/vi2_fracture_canon-b519482a63269940)

running 2 tests
test ordeal_no_orphan_matter_every_fragment_traces_to_its_parent ... ok
test ordeal_oracle_learns_fragments_same_wave ... ok

test result: ok. 2 passed; 0 failed; 0 ignored; 0 measured; 0 filtered out; finished in 0.03s

     Running tests/vii0b_gaze.rs (target/debug/deps/vii0b_gaze-a62ae988f60a596c)

running 2 tests
test gaze_facing_away_from_the_patch_does_not_return_it ... ok
test gaze_facing_the_patch_returns_naruko_first_ground_at_the_derived_range ... ok

test result: ok. 2 passed; 0 failed; 0 ignored; 0 measured; 0 filtered out; finished in 0.00s

   Doc-tests oracle

running 0 tests

test result: ok. 0 passed; 0 failed; 0 ignored; 0 measured; 0 filtered out; finished in 0.00s

=== END oracle rc=0 elapsed=35s ===
=== START steiner ===
   Compiling steiner v0.1.0 (/Users/pascaldisse/projects/magic-crystal-chain/packages/steiner)
    Finished `test` profile [unoptimized + debuginfo] target(s) in 1.94s
     Running unittests src/lib.rs (target/debug/deps/steiner-5aeb72254e82be25)

running 0 tests

test result: ok. 0 passed; 0 failed; 0 ignored; 0 measured; 0 filtered out; finished in 0.00s

     Running tests/ordeals.rs (target/debug/deps/ordeals-f9710b76a16e0ee8)

running 8 tests
test ordeal_v1_file_compatibility ... ok
test ordeal_snapshot_journal_torn_tail ... ok
test ordeal_snapshot_prefix_replay ... ok
test ordeal_torn_write ... ok
test ordeal_any_point_reconstruction ... ok
test ordeal_roundtrip ... ok
test ordeal_determinism ... ok
test ordeal_worldline_fork ... ok

test result: ok. 8 passed; 0 failed; 0 ignored; 0 measured; 0 filtered out; finished in 0.14s

     Running tests/world_core.rs (target/debug/deps/world_core-256ed93c60d5f4f6)

running 7 tests
test http_door_batch_shape_preserves_dev_set_and_reset ... ok
test boot_from_superscene_materializes_every_scene_into_crystal ... ok
test runtime_set_mutates_live_crystal_without_touching_disk ... ok
test dev_noop_keeps_authored_bytes_stable ... ok
test dev_set_persists_diff_to_owning_scene_only ... ok
test set_lands_in_steiner_and_replays_to_identical_state ... ok
test reset_rereads_scene_and_restores_disk_truth ... ok

test result: ok. 7 passed; 0 failed; 0 ignored; 0 measured; 0 filtered out; finished in 0.01s

   Doc-tests steiner

running 0 tests

test result: ok. 0 passed; 0 failed; 0 ignored; 0 measured; 0 filtered out; finished in 0.00s

=== END steiner rc=0 elapsed=3s ===
=== GRAND TOTAL commands=35 elapsed=573s PASS ===
