[package] scrying-glass v0.1.0 registered
[world] /Users/pascaldisse/projects/magic-crystal-neural-live/packages/scrying-glass/../../worlds/naruko scene(s)=["main"] entities=45 chains=23 clusters=913 transmute=91.9ms
[worker-window] GAIA_NATIVE_WORKER_WINDOW=true: window built focused=false focusable=false (never-key) title="GAIA — Scrying Glass [worker]"
[embodiment] spawn eye=Vec3(0.0, 7.0, 44.0) yaw=0 floor_triangles=10464 tick_dt=0.016666668
[pleroma] BVH nodes=15487 triangles=23192 (static 12368 + dynamic 10824) build=13.0ms; 22 dynamic entit(ies) — living layer
[pleroma] traced integrator spp=2 bounces=4 rr_start=2 — first_light is dead
[wgpu] traced 640x480 → upscale → surface 960x640 (bilinear); Bgra8UnormSrgb
[bloodbend] 🩸 watching 1 scene file(s) + /Users/pascaldisse/projects/magic-crystal-neural-live/packages/scrying-glass/src/integrator.wgsl @ 500ms poll
[frame] trace 640x480 → surface 480x320: median 7.62ms mean 9.63ms/frame (spp=2, 60-frame sample)
[scry] GET http://127.0.0.1:8436/scry (alias: /screenshot; optional pos/yaw/pitch/fov/w/h)
[embodiment] GET http://127.0.0.1:8436/pose · POST http://127.0.0.1:8436/walk {keys,yaw?,pitch?,ticks?}
[scrying-glass] child webview overlay created; render, capture, PNG, and HTTP run off the main thread
[n0c] net-present rig pooled (God's res): trace 640x480 → net 640x480 → nearest blit → surface 960x640 (307200 px)
[n0g] frames=60 640x480→640x480 (ms median/p95 vs 16.67): trace 11.64/20.16 gather 0.98/2.50 net[wall 4.06/7.84 gpu 5.85/13.42] demod 0.62/1.21 present 0.20/0.27 TOTAL 19.87/27.65
[n0g] frames=120 640x480→640x480 (ms median/p95 vs 16.67): trace 12.84/19.40 gather 1.04/2.50 net[wall 4.33/7.63 gpu 6.23/13.42] demod 0.67/1.36 present 0.17/0.26 TOTAL 20.76/27.25
[n0g] frames=180 640x480→640x480 (ms median/p95 vs 16.67): trace 12.58/19.40 gather 1.00/2.04 net[wall 4.24/7.39 gpu 6.25/13.90] demod 0.63/1.37 present 0.13/0.24 TOTAL 19.94/26.55
[n0g] frames=240 640x480→640x480 (ms median/p95 vs 16.67): trace 12.56/19.19 gather 1.02/2.50 net[wall 4.24/7.25 gpu 6.30/13.42] demod 0.63/1.37 present 0.12/0.23 TOTAL 19.94/26.55
[n0g] frames=300 640x480→640x480 (ms median/p95 vs 16.67): trace 12.65/19.09 gather 1.03/2.50 net[wall 4.24/7.27 gpu 6.34/13.82] demod 0.63/1.42 present 0.12/0.23 TOTAL 20.07/26.19
[n0g] frames=360 640x480→640x480 (ms median/p95 vs 16.67): trace 12.58/19.03 gather 1.01/2.49 net[wall 4.20/7.27 gpu 6.31/13.77] demod 0.63/1.39 present 0.11/0.22 TOTAL 19.93/26.16
[n0g] frames=420 640x480→640x480 (ms median/p95 vs 16.67): trace 12.68/19.09 gather 1.02/2.50 net[wall 4.20/7.25 gpu 6.40/14.14] demod 0.63/1.39 present 0.11/0.22 TOTAL 20.14/26.16
[n0g] frames=480 640x480→640x480 (ms median/p95 vs 16.67): trace 12.74/19.09 gather 1.02/2.49 net[wall 4.17/7.24 gpu 6.43/14.14] demod 0.63/1.37 present 0.11/0.21 TOTAL 20.14/26.16
[n0g] frames=540 640x480→640x480 (ms median/p95 vs 16.67): trace 12.73/18.89 gather 1.00/2.49 net[wall 4.17/7.24 gpu 6.39/14.38] demod 0.62/1.37 present 0.11/0.21 TOTAL 20.14/26.11
[n0g] frames=600 640x480→640x480 (ms median/p95 vs 16.67): trace 12.74/18.87 gather 1.01/2.52 net[wall 4.17/7.23 gpu 6.43/14.31] demod 0.62/1.37 present 0.11/0.21 TOTAL 20.15/26.00
[n0g] frames=660 640x480→640x480 (ms median/p95 vs 16.67): trace 12.71/18.85 gather 1.01/2.54 net[wall 4.13/7.20 gpu 6.41/14.14] demod 0.61/1.37 present 0.10/0.20 TOTAL 20.07/25.99
[n0g] frames=720 640x480→640x480 (ms median/p95 vs 16.67): trace 12.71/18.75 gather 1.02/2.57 net[wall 4.15/7.17 gpu 6.43/14.04] demod 0.62/1.38 present 0.10/0.20 TOTAL 20.11/25.95
[n0g] frames=780 640x480→640x480 (ms median/p95 vs 16.67): trace 12.69/18.87 gather 1.02/2.54 net[wall 4.15/7.18 gpu 6.41/13.82] demod 0.62/1.37 present 0.10/0.20 TOTAL 20.00/26.00
[n0g] frames=840 640x480→640x480 (ms median/p95 vs 16.67): trace 12.67/18.85 gather 1.02/2.52 net[wall 4.15/7.16 gpu 6.41/13.90] demod 0.62/1.38 present 0.10/0.20 TOTAL 20.00/25.99
[n0g] frames=900 640x480→640x480 (ms median/p95 vs 16.67): trace 12.69/18.85 gather 1.02/2.49 net[wall 4.16/7.16 gpu 6.41/14.04] demod 0.62/1.38 present 0.10/0.20 TOTAL 20.07/25.99
[n0g] frames=960 640x480→640x480 (ms median/p95 vs 16.67): trace 12.69/18.85 gather 1.01/2.50 net[wall 4.15/7.16 gpu 6.41/13.97] demod 0.62/1.38 present 0.10/0.19 TOTAL 20.00/25.95
[n0g] frames=1020 640x480→640x480 (ms median/p95 vs 16.67): trace 12.74/18.88 gather 1.02/2.47 net[wall 4.17/7.17 gpu 6.42/14.05] demod 0.62/1.38 present 0.10/0.19 TOTAL 20.10/26.01
[n0g] frames=1080 640x480→640x480 (ms median/p95 vs 16.67): trace 12.77/18.89 gather 1.02/2.42 net[wall 4.16/7.17 gpu 6.41/14.32] demod 0.62/1.39 present 0.10/0.19 TOTAL 20.12/26.06
[n0g] frames=1140 640x480→640x480 (ms median/p95 vs 16.67): trace 12.77/18.88 gather 1.02/2.38 net[wall 4.16/7.17 gpu 6.43/14.25] demod 0.63/1.39 present 0.10/0.19 TOTAL 20.12/26.06
[n0g] frames=1200 640x480→640x480 (ms median/p95 vs 16.67): trace 12.89/18.89 gather 1.02/2.38 net[wall 4.16/7.18 gpu 6.44/14.25] demod 0.63/1.39 present 0.11/0.19 TOTAL 20.22/26.07
[n0g] frames=1260 640x480→640x480 (ms median/p95 vs 16.67): trace 12.89/18.87 gather 1.02/2.38 net[wall 4.15/7.17 gpu 6.42/14.24] demod 0.63/1.39 present 0.10/0.18 TOTAL 20.22/26.07
[n0g] frames=1320 640x480→640x480 (ms median/p95 vs 16.67): trace 12.98/19.03 gather 1.02/2.29 net[wall 4.16/7.23 gpu 6.44/14.31] demod 0.63/1.39 present 0.10/0.18 TOTAL 20.34/26.11
[n0g] frames=1380 640x480→640x480 (ms median/p95 vs 16.67): trace 13.08/19.20 gather 1.02/2.28 net[wall 4.16/7.22 gpu 6.44/14.32] demod 0.63/1.38 present 0.10/0.18 TOTAL 20.41/26.19
[n0g] frames=1440 640x480→640x480 (ms median/p95 vs 16.67): trace 13.11/19.27 gather 1.02/2.26 net[wall 4.17/7.24 gpu 6.45/14.39] demod 0.63/1.38 present 0.10/0.18 TOTAL 20.47/26.31
[n0g] frames=1500 640x480→640x480 (ms median/p95 vs 16.67): trace 13.21/19.31 gather 1.02/2.28 net[wall 4.17/7.25 gpu 6.45/14.38] demod 0.63/1.38 present 0.10/0.18 TOTAL 20.56/26.52
[n0g] frames=1560 640x480→640x480 (ms median/p95 vs 16.67): trace 13.30/19.44 gather 1.02/2.28 net[wall 4.19/7.28 gpu 6.45/14.43] demod 0.64/1.39 present 0.10/0.18 TOTAL 20.62/26.78
