[package] scrying-glass v0.1.0 registered
[world] /Users/pascaldisse/projects/magic-crystal-neural-live/packages/scrying-glass/../../worlds/naruko scene(s)=["main"] entities=45 chains=23 clusters=913 transmute=72.6ms
[embodiment] spawn eye=Vec3(0.0, 7.0, 44.0) yaw=0 floor_triangles=10464 tick_dt=0.016666668
[pleroma] BVH nodes=15487 triangles=23192 (static 12368 + dynamic 10824) build=13.3ms; 22 dynamic entit(ies) — living layer
[pleroma] traced integrator spp=2 bounces=4 rr_start=2 — first_light is dead
[wgpu] traced 640x480 → upscale → surface 960x640 (bilinear); Bgra8UnormSrgb
[frame] trace 640x480 → offscreen 960x640: median 7.89ms mean 8.35ms/frame (spp=2, 60-frame sample)
[scry] GET http://127.0.0.1:8441/scry (alias: /screenshot; optional pos/yaw/pitch/fov/w/h)
[embodiment] GET http://127.0.0.1:8441/pose · POST http://127.0.0.1:8441/walk {keys,yaw?,pitch?,ticks?}
[offscreen] GAIA_NATIVE_OFFSCREEN=true: NO NSWindow — rendering to offscreen 960x640; /scry (?eye=belief|presented), /budget, /state on http://127.0.0.1:8441
[n0c] net-present rig pooled (God's res): trace 640x480 → net 640x480 → nearest blit → surface 960x640 (307200 px)
[n0i] frames=60 640x480→640x480 (ms median/p95 vs 16.67): trace 5.60/7.00 gather 0.94/1.28 net[wall 13.62/36.88 gpu 4.90/6.03 commit 0.01/0.01 wait 13.60/36.86] demod 0.68/2.88 present 0.10/0.15 TOTAL 21.46/46.36 | WALL-FPS 31.7
[n0i] frames=120 640x480→640x480 (ms median/p95 vs 16.67): trace 5.61/6.21 gather 0.92/1.19 net[wall 13.41/23.89 gpu 4.77/5.81 commit 0.01/0.01 wait 13.40/23.87] demod 0.67/2.88 present 0.10/0.14 TOTAL 21.00/31.20 | WALL-FPS 33.3
[n0i] frames=180 640x480→640x480 (ms median/p95 vs 16.67): trace 5.63/6.64 gather 0.91/1.17 net[wall 13.38/23.89 gpu 4.80/5.71 commit 0.01/0.01 wait 13.37/23.87] demod 0.67/2.91 present 0.10/0.14 TOTAL 20.94/37.92 | WALL-FPS 32.8
[n0i] frames=240 640x480→640x480 (ms median/p95 vs 16.67): trace 5.61/6.21 gather 0.92/1.17 net[wall 13.31/23.08 gpu 4.76/5.59 commit 0.01/0.01 wait 13.30/23.06] demod 0.66/2.81 present 0.10/0.15 TOTAL 20.65/30.67 | WALL-FPS 33.7
[n0i] frames=300 640x480→640x480 (ms median/p95 vs 16.67): trace 5.61/6.28 gather 0.91/1.15 net[wall 13.25/22.87 gpu 4.75/5.53 commit 0.01/0.01 wait 13.24/22.84] demod 0.66/2.77 present 0.10/0.15 TOTAL 20.65/30.42 | WALL-FPS 34.0
[n0i] frames=360 640x480→640x480 (ms median/p95 vs 16.67): trace 5.65/6.32 gather 0.91/1.15 net[wall 13.26/22.81 gpu 4.76/5.53 commit 0.01/0.01 wait 13.25/22.80] demod 0.67/2.77 present 0.10/0.15 TOTAL 20.73/30.49 | WALL-FPS 33.9
[n0i] frames=420 640x480→640x480 (ms median/p95 vs 16.67): trace 5.63/6.21 gather 0.90/1.14 net[wall 13.17/22.75 gpu 4.69/5.50 commit 0.01/0.01 wait 13.16/22.74] demod 0.66/2.73 present 0.10/0.15 TOTAL 20.57/30.40 | WALL-FPS 34.3
[n0i] frames=480 640x480→640x480 (ms median/p95 vs 16.67): trace 5.61/6.17 gather 0.90/1.11 net[wall 13.19/22.60 gpu 4.72/5.47 commit 0.01/0.01 wait 13.17/22.58] demod 0.65/2.70 present 0.10/0.14 TOTAL 20.55/29.95 | WALL-FPS 34.6
[n0i] frames=540 640x480→640x480 (ms median/p95 vs 16.67): trace 5.62/6.26 gather 0.91/1.18 net[wall 13.26/22.43 gpu 4.75/5.47 commit 0.01/0.01 wait 13.25/22.41] demod 0.66/2.70 present 0.10/0.15 TOTAL 20.65/29.95 | WALL-FPS 34.4
[n0i] frames=600 640x480→640x480 (ms median/p95 vs 16.67): trace 5.62/6.26 gather 0.91/1.15 net[wall 13.24/22.15 gpu 4.75/5.45 commit 0.01/0.01 wait 13.23/22.13] demod 0.66/2.57 present 0.10/0.15 TOTAL 20.60/29.88 | WALL-FPS 34.5
[n0i] frames=660 640x480→640x480 (ms median/p95 vs 16.67): trace 5.61/6.21 gather 0.90/1.17 net[wall 13.24/21.80 gpu 4.75/5.44 commit 0.01/0.01 wait 13.23/21.79] demod 0.66/2.32 present 0.10/0.15 TOTAL 20.57/29.70 | WALL-FPS 34.7
[n0i] frames=720 640x480→640x480 (ms median/p95 vs 16.67): trace 5.61/6.27 gather 0.90/1.18 net[wall 13.24/21.67 gpu 4.76/5.42 commit 0.01/0.01 wait 13.23/21.66] demod 0.66/1.42 present 0.10/0.14 TOTAL 20.56/29.17 | WALL-FPS 34.8
[n0i] frames=780 640x480→640x480 (ms median/p95 vs 16.67): trace 5.61/6.27 gather 0.90/1.18 net[wall 13.22/21.24 gpu 4.75/5.40 commit 0.01/0.01 wait 13.21/21.23] demod 0.66/1.41 present 0.10/0.14 TOTAL 20.56/28.79 | WALL-FPS 34.9
[n0i] frames=840 640x480→640x480 (ms median/p95 vs 16.67): trace 5.62/6.27 gather 0.90/1.17 net[wall 13.22/20.70 gpu 4.75/5.37 commit 0.01/0.01 wait 13.21/20.68] demod 0.66/1.42 present 0.10/0.15 TOTAL 20.58/28.61 | WALL-FPS 34.9
[n0i] frames=900 640x480→640x480 (ms median/p95 vs 16.67): trace 5.62/6.28 gather 0.91/1.19 net[wall 13.20/20.50 gpu 4.75/5.37 commit 0.01/0.01 wait 13.19/20.49] demod 0.66/1.42 present 0.10/0.15 TOTAL 20.56/28.30 | WALL-FPS 34.9
[n0i] frames=960 640x480→640x480 (ms median/p95 vs 16.67): trace 5.61/6.27 gather 0.90/1.18 net[wall 13.18/16.64 gpu 4.74/5.36 commit 0.01/0.01 wait 13.17/16.62] demod 0.66/1.41 present 0.10/0.15 TOTAL 20.53/27.71 | WALL-FPS 35.0
[n0i] frames=1020 640x480→640x480 (ms median/p95 vs 16.67): trace 5.61/6.29 gather 0.91/1.19 net[wall 13.20/15.75 gpu 4.75/5.39 commit 0.01/0.01 wait 13.19/15.74] demod 0.66/1.41 present 0.10/0.15 TOTAL 20.56/25.71 | WALL-FPS 35.0
[n0i] frames=1080 640x480→640x480 (ms median/p95 vs 16.67): trace 5.62/6.30 gather 0.91/1.19 net[wall 13.24/15.34 gpu 4.76/5.40 commit 0.01/0.01 wait 13.23/15.33] demod 0.67/1.40 present 0.10/0.15 TOTAL 20.60/25.14 | WALL-FPS 34.9
[n0i] frames=1140 640x480→640x480 (ms median/p95 vs 16.67): trace 5.61/6.29 gather 0.91/1.19 net[wall 13.22/15.22 gpu 4.75/5.38 commit 0.01/0.01 wait 13.21/15.21] demod 0.66/1.33 present 0.10/0.15 TOTAL 20.57/24.57 | WALL-FPS 35.0
[n0i] frames=1200 640x480→640x480 (ms median/p95 vs 16.67): trace 5.60/6.27 gather 0.90/1.18 net[wall 13.19/15.08 gpu 4.74/5.36 commit 0.01/0.01 wait 13.18/15.03] demod 0.66/1.26 present 0.10/0.15 TOTAL 20.51/24.39 | WALL-FPS 35.1
[n0i] frames=1260 640x480→640x480 (ms median/p95 vs 16.67): trace 5.59/6.27 gather 0.90/1.20 net[wall 13.17/15.01 gpu 4.73/5.35 commit 0.01/0.01 wait 13.16/15.00] demod 0.66/1.26 present 0.10/0.15 TOTAL 20.50/24.17 | WALL-FPS 35.1
[n0i] frames=1320 640x480→640x480 (ms median/p95 vs 16.67): trace 5.59/6.26 gather 0.90/1.20 net[wall 13.16/14.86 gpu 4.72/5.34 commit 0.01/0.01 wait 13.14/14.84] demod 0.66/1.26 present 0.10/0.15 TOTAL 20.48/24.17 | WALL-FPS 35.2
[n0i] frames=1380 640x480→640x480 (ms median/p95 vs 16.67): trace 5.58/6.23 gather 0.89/1.18 net[wall 13.14/14.86 gpu 4.72/5.31 commit 0.01/0.01 wait 13.13/14.84] demod 0.66/1.26 present 0.10/0.15 TOTAL 20.45/24.17 | WALL-FPS 35.2
[n0i] frames=1440 640x480→640x480 (ms median/p95 vs 16.67): trace 5.57/6.21 gather 0.89/1.17 net[wall 13.12/14.79 gpu 4.71/5.31 commit 0.01/0.01 wait 13.11/14.77] demod 0.65/1.24 present 0.10/0.14 TOTAL 20.41/24.02 | WALL-FPS 35.3
[n0i] frames=1500 640x480→640x480 (ms median/p95 vs 16.67): trace 5.57/6.19 gather 0.89/1.16 net[wall 13.10/14.76 gpu 4.70/5.30 commit 0.01/0.01 wait 13.09/14.75] demod 0.65/1.20 present 0.10/0.14 TOTAL 20.37/24.01 | WALL-FPS 35.3
[n0i] frames=1560 640x480→640x480 (ms median/p95 vs 16.67): trace 5.57/6.18 gather 0.88/1.15 net[wall 13.08/14.66 gpu 4.69/5.30 commit 0.00/0.01 wait 13.07/14.65] demod 0.65/1.18 present 0.10/0.14 TOTAL 20.35/23.72 | WALL-FPS 35.4
[n0i] frames=1620 640x480→640x480 (ms median/p95 vs 16.67): trace 5.56/6.17 gather 0.88/1.15 net[wall 13.07/14.60 gpu 4.68/5.30 commit 0.00/0.01 wait 13.06/14.59] demod 0.65/1.17 present 0.10/0.14 TOTAL 20.32/23.60 | WALL-FPS 35.4
[n0i] frames=1680 640x480→640x480 (ms median/p95 vs 16.67): trace 5.57/6.17 gather 0.88/1.15 net[wall 13.07/14.60 gpu 4.68/5.28 commit 0.00/0.01 wait 13.06/14.58] demod 0.65/1.16 present 0.10/0.14 TOTAL 20.32/23.59 | WALL-FPS 35.4
[n0i] frames=1740 640x480→640x480 (ms median/p95 vs 16.67): trace 5.57/6.16 gather 0.88/1.15 net[wall 13.07/14.52 gpu 4.68/5.26 commit 0.00/0.01 wait 13.06/14.50] demod 0.65/1.15 present 0.10/0.14 TOTAL 20.34/23.44 | WALL-FPS 35.4
[n0i] frames=1800 640x480→640x480 (ms median/p95 vs 16.67): trace 5.58/6.17 gather 0.88/1.15 net[wall 13.07/14.49 gpu 4.68/5.26 commit 0.00/0.01 wait 13.05/14.48] demod 0.65/1.13 present 0.10/0.14 TOTAL 20.36/23.31 | WALL-FPS 35.4
[n0i] frames=1860 640x480→640x480 (ms median/p95 vs 16.67): trace 5.58/6.17 gather 0.88/1.15 net[wall 13.07/14.40 gpu 4.68/5.24 commit 0.00/0.01 wait 13.05/14.39] demod 0.65/1.13 present 0.10/0.14 TOTAL 20.36/23.30 | WALL-FPS 35.4
[n0i] frames=1920 640x480→640x480 (ms median/p95 vs 16.67): trace 5.58/6.16 gather 0.88/1.14 net[wall 13.07/14.39 gpu 4.68/5.24 commit 0.01/0.01 wait 13.05/14.38] demod 0.65/1.11 present 0.10/0.14 TOTAL 20.35/23.23 | WALL-FPS 35.5
[n0i] frames=1980 640x480→640x480 (ms median/p95 vs 16.67): trace 5.57/6.15 gather 0.89/1.14 net[wall 13.07/14.49 gpu 4.68/5.26 commit 0.01/0.01 wait 13.06/14.48] demod 0.65/1.13 present 0.10/0.14 TOTAL 20.36/23.28 | WALL-FPS 35.4
[n0i] frames=2040 640x480→640x480 (ms median/p95 vs 16.67): trace 5.57/6.14 gather 0.89/1.14 net[wall 13.06/14.60 gpu 4.68/5.24 commit 0.01/0.01 wait 13.05/14.59] demod 0.65/1.17 present 0.10/0.14 TOTAL 20.35/23.48 | WALL-FPS 35.4
[n0i] frames=2100 640x480→640x480 (ms median/p95 vs 16.67): trace 5.56/6.13 gather 0.89/1.14 net[wall 13.07/14.56 gpu 4.69/5.24 commit 0.01/0.01 wait 13.06/14.54] demod 0.65/1.16 present 0.10/0.14 TOTAL 20.35/23.44 | WALL-FPS 35.4
[n0i] frames=2160 640x480→640x480 (ms median/p95 vs 16.67): trace 5.56/6.12 gather 0.89/1.14 net[wall 13.08/14.53 gpu 4.69/5.24 commit 0.01/0.01 wait 13.07/14.52] demod 0.65/1.16 present 0.10/0.14 TOTAL 20.36/23.31 | WALL-FPS 35.4
[n0i] frames=2220 640x480→640x480 (ms median/p95 vs 16.67): trace 5.56/6.12 gather 0.89/1.13 net[wall 13.07/14.49 gpu 4.68/5.23 commit 0.01/0.01 wait 13.06/14.48] demod 0.65/1.14 present 0.10/0.14 TOTAL 20.34/23.28 | WALL-FPS 35.4
[n0i] frames=2280 640x480→640x480 (ms median/p95 vs 16.67): trace 5.56/6.11 gather 0.88/1.13 net[wall 13.06/14.42 gpu 4.67/5.22 commit 0.00/0.01 wait 13.04/14.40] demod 0.65/1.13 present 0.10/0.14 TOTAL 20.32/23.18 | WALL-FPS 35.5
[n0i] frames=2340 640x480→640x480 (ms median/p95 vs 16.67): trace 5.55/6.10 gather 0.88/1.12 net[wall 13.05/14.40 gpu 4.66/5.22 commit 0.00/0.01 wait 13.03/14.39] demod 0.65/1.11 present 0.10/0.14 TOTAL 20.31/23.16 | WALL-FPS 35.5
[n0i] frames=2400 640x480→640x480 (ms median/p95 vs 16.67): trace 5.55/6.10 gather 0.88/1.12 net[wall 13.03/14.39 gpu 4.65/5.20 commit 0.00/0.01 wait 13.02/14.38] demod 0.64/1.09 present 0.10/0.14 TOTAL 20.28/23.16 | WALL-FPS 35.5
[n0i] frames=2460 640x480→640x480 (ms median/p95 vs 16.67): trace 5.55/6.09 gather 0.88/1.11 net[wall 13.01/14.39 gpu 4.65/5.20 commit 0.00/0.01 wait 13.00/14.37] demod 0.64/1.08 present 0.10/0.14 TOTAL 20.26/23.11 | WALL-FPS 35.6
[n0i] frames=2520 640x480→640x480 (ms median/p95 vs 16.67): trace 5.55/6.09 gather 0.88/1.11 net[wall 13.00/14.39 gpu 4.64/5.19 commit 0.00/0.01 wait 12.99/14.37] demod 0.64/1.08 present 0.10/0.14 TOTAL 20.25/23.11 | WALL-FPS 35.6
[n0i] frames=2580 640x480→640x480 (ms median/p95 vs 16.67): trace 5.54/6.08 gather 0.87/1.11 net[wall 12.99/14.39 gpu 4.64/5.19 commit 0.00/0.01 wait 12.97/14.37] demod 0.64/1.08 present 0.10/0.14 TOTAL 20.24/23.15 | WALL-FPS 35.6
[n0i] frames=2640 640x480→640x480 (ms median/p95 vs 16.67): trace 5.55/6.08 gather 0.88/1.11 net[wall 13.00/14.39 gpu 4.64/5.19 commit 0.00/0.01 wait 12.98/14.37] demod 0.64/1.08 present 0.10/0.14 TOTAL 20.25/23.15 | WALL-FPS 35.5
[n0i] frames=2700 640x480→640x480 (ms median/p95 vs 16.67): trace 5.55/6.08 gather 0.88/1.11 net[wall 13.01/14.38 gpu 4.65/5.19 commit 0.00/0.01 wait 13.00/14.37] demod 0.64/1.06 present 0.10/0.14 TOTAL 20.27/23.06 | WALL-FPS 35.5
[n0i] frames=2760 640x480→640x480 (ms median/p95 vs 16.67): trace 5.55/6.08 gather 0.88/1.11 net[wall 13.00/14.38 gpu 4.64/5.18 commit 0.00/0.01 wait 12.99/14.37] demod 0.64/1.06 present 0.10/0.14 TOTAL 20.26/23.11 | WALL-FPS 35.5
[n0i] frames=2820 640x480→640x480 (ms median/p95 vs 16.67): trace 5.54/6.08 gather 0.88/1.11 net[wall 12.99/14.36 gpu 4.64/5.17 commit 0.00/0.01 wait 12.98/14.35] demod 0.64/1.05 present 0.10/0.14 TOTAL 20.24/23.02 | WALL-FPS 35.6
[n0i] frames=2880 640x480→640x480 (ms median/p95 vs 16.67): trace 5.54/6.08 gather 0.87/1.11 net[wall 12.98/14.35 gpu 4.63/5.17 commit 0.00/0.01 wait 12.97/14.34] demod 0.64/1.06 present 0.10/0.14 TOTAL 20.24/23.01 | WALL-FPS 35.6
[n0i] frames=2940 640x480→640x480 (ms median/p95 vs 16.67): trace 5.54/6.08 gather 0.87/1.11 net[wall 12.97/14.33 gpu 4.63/5.17 commit 0.00/0.01 wait 12.95/14.32] demod 0.64/1.05 present 0.10/0.14 TOTAL 20.22/22.94 | WALL-FPS 35.6
[n0i] frames=3000 640x480→640x480 (ms median/p95 vs 16.67): trace 5.54/6.08 gather 0.87/1.11 net[wall 12.96/14.32 gpu 4.63/5.17 commit 0.00/0.01 wait 12.95/14.30] demod 0.64/1.04 present 0.10/0.14 TOTAL 20.22/22.92 | WALL-FPS 35.6
[n0i] frames=3060 640x480→640x480 (ms median/p95 vs 16.67): trace 5.54/6.08 gather 0.87/1.11 net[wall 12.96/14.30 gpu 4.63/5.17 commit 0.00/0.01 wait 12.95/14.29] demod 0.64/1.04 present 0.10/0.14 TOTAL 20.22/22.94 | WALL-FPS 35.6
[n0i] frames=3120 640x480→640x480 (ms median/p95 vs 16.67): trace 5.54/6.08 gather 0.87/1.11 net[wall 12.96/14.29 gpu 4.63/5.16 commit 0.00/0.01 wait 12.94/14.27] demod 0.64/1.03 present 0.10/0.14 TOTAL 20.22/22.92 | WALL-FPS 35.6
[n0i] frames=3180 640x480→640x480 (ms median/p95 vs 16.67): trace 5.55/6.12 gather 0.88/1.12 net[wall 12.97/14.31 gpu 4.63/5.17 commit 0.00/0.01 wait 12.95/14.29] demod 0.64/1.05 present 0.10/0.14 TOTAL 20.24/23.02 | WALL-FPS 35.5
[n0i] frames=3240 640x480→640x480 (ms median/p95 vs 16.67): trace 5.55/6.12 gather 0.88/1.12 net[wall 12.98/14.29 gpu 4.64/5.17 commit 0.00/0.01 wait 12.97/14.27] demod 0.64/1.05 present 0.10/0.14 TOTAL 20.25/23.02 | WALL-FPS 35.5
[n0i] frames=3300 640x480→640x480 (ms median/p95 vs 16.67): trace 5.55/6.12 gather 0.88/1.11 net[wall 12.98/14.28 gpu 4.64/5.17 commit 0.00/0.01 wait 12.97/14.27] demod 0.65/1.04 present 0.10/0.14 TOTAL 20.24/22.99 | WALL-FPS 35.5
[n0i] frames=3360 640x480→640x480 (ms median/p95 vs 16.67): trace 5.54/6.10 gather 0.88/1.11 net[wall 12.98/14.27 gpu 4.64/5.17 commit 0.00/0.01 wait 12.96/14.26] demod 0.65/1.03 present 0.10/0.14 TOTAL 20.24/22.92 | WALL-FPS 35.5
[n0i] frames=3420 640x480→640x480 (ms median/p95 vs 16.67): trace 5.54/6.10 gather 0.88/1.11 net[wall 12.97/14.26 gpu 4.64/5.17 commit 0.00/0.01 wait 12.96/14.25] demod 0.65/1.01 present 0.10/0.14 TOTAL 20.23/22.88 | WALL-FPS 35.5
[n0i] frames=3480 640x480→640x480 (ms median/p95 vs 16.67): trace 5.54/6.09 gather 0.88/1.11 net[wall 12.97/14.25 gpu 4.64/5.17 commit 0.00/0.01 wait 12.95/14.24] demod 0.65/0.99 present 0.10/0.14 TOTAL 20.22/22.82 | WALL-FPS 35.5
[n0i] frames=3540 640x480→640x480 (ms median/p95 vs 16.67): trace 5.54/6.09 gather 0.88/1.11 net[wall 12.97/14.25 gpu 4.64/5.16 commit 0.00/0.01 wait 12.95/14.23] demod 0.65/0.98 present 0.10/0.14 TOTAL 20.21/22.79 | WALL-FPS 35.5
[n0i] frames=3600 640x480→640x480 (ms median/p95 vs 16.67): trace 5.54/6.08 gather 0.88/1.10 net[wall 12.96/14.23 gpu 4.63/5.16 commit 0.00/0.01 wait 12.94/14.22] demod 0.65/0.97 present 0.10/0.14 TOTAL 20.21/22.75 | WALL-FPS 35.5
[n0i] frames=3660 640x480→640x480 (ms median/p95 vs 16.67): trace 5.54/6.08 gather 0.88/1.10 net[wall 12.95/14.23 gpu 4.63/5.15 commit 0.00/0.01 wait 12.94/14.21] demod 0.65/0.97 present 0.10/0.14 TOTAL 20.20/22.74 | WALL-FPS 35.5
[n0i] frames=3720 640x480→640x480 (ms median/p95 vs 16.67): trace 5.54/6.09 gather 0.88/1.11 net[wall 12.97/14.23 gpu 4.63/5.16 commit 0.00/0.01 wait 12.95/14.21] demod 0.65/0.98 present 0.10/0.14 TOTAL 20.21/22.76 | WALL-FPS 35.4
[n0i] frames=3780 640x480→640x480 (ms median/p95 vs 16.67): trace 5.54/6.08 gather 0.88/1.11 net[wall 12.97/14.22 gpu 4.64/5.15 commit 0.00/0.01 wait 12.95/14.21] demod 0.65/0.98 present 0.10/0.14 TOTAL 20.22/22.75 | WALL-FPS 35.4
