[package] scrying-glass v0.1.0 registered
[world] /Users/pascaldisse/projects/magic-crystal-neural-live/packages/scrying-glass/../../worlds/naruko scene(s)=["main"] entities=45 chains=23 clusters=913 transmute=71.5ms
[embodiment] spawn eye=Vec3(0.0, 7.0, 44.0) yaw=0 floor_triangles=10464 tick_dt=0.016666668
[pleroma] BVH nodes=15487 triangles=23192 (static 12368 + dynamic 10824) build=12.9ms; 22 dynamic entit(ies) — living layer
[pleroma] traced integrator spp=2 bounces=4 rr_start=2 — first_light is dead
[wgpu] traced 640x480 → upscale → surface 960x640 (bilinear); Bgra8UnormSrgb
[frame] trace 640x480 → offscreen 960x640: median 7.31ms mean 7.54ms/frame (spp=2, 60-frame sample)
[scry] GET http://127.0.0.1:8438/scry (alias: /screenshot; optional pos/yaw/pitch/fov/w/h)
[embodiment] GET http://127.0.0.1:8438/pose · POST http://127.0.0.1:8438/walk {keys,yaw?,pitch?,ticks?}
[offscreen] GAIA_NATIVE_OFFSCREEN=true: NO NSWindow — rendering to offscreen 960x640; /scry (?eye=belief|presented), /budget, /state on http://127.0.0.1:8438
[n0c] net-present rig pooled (God's res): trace 640x480 → net 640x480 → nearest blit → surface 960x640 (307200 px)
[n0i] frames=60 640x480→640x480 (ms median/p95 vs 16.67): trace 6.47/13.35 gather 0.97/2.75 net[wall 0.02/29.33 gpu 5.11/8.51 commit 0.01/0.01 wait 0.00/29.32] demod 0.67/9.57 present 0.09/0.21 TOTAL 14.76/47.00 | WALL-FPS 38.7
[n0i] frames=120 640x480→640x480 (ms median/p95 vs 16.67): trace 6.30/13.35 gather 0.92/1.69 net[wall 0.01/25.59 gpu 4.93/8.34 commit 0.00/0.01 wait 0.00/25.57] demod 0.65/9.70 present 0.09/0.15 TOTAL 12.41/37.43 | WALL-FPS 42.3
[n0i] frames=180 640x480→640x480 (ms median/p95 vs 16.67): trace 6.20/13.03 gather 0.84/1.69 net[wall 0.01/16.39 gpu 4.82/7.40 commit 0.00/0.01 wait 0.00/16.38] demod 0.63/9.86 present 0.08/0.13 TOTAL 12.18/28.47 | WALL-FPS 44.3
[n0i] frames=240 640x480→640x480 (ms median/p95 vs 16.67): trace 6.15/12.99 gather 0.83/1.53 net[wall 0.01/13.99 gpu 4.80/6.74 commit 0.00/0.01 wait 0.00/13.97] demod 0.63/10.04 present 0.09/0.13 TOTAL 12.18/26.78 | WALL-FPS 45.5
[n0i] frames=300 640x480→640x480 (ms median/p95 vs 16.67): trace 6.20/13.21 gather 0.85/1.69 net[wall 0.01/15.05 gpu 4.85/6.94 commit 0.00/0.01 wait 0.00/15.03] demod 0.70/10.25 present 0.09/0.13 TOTAL 12.35/27.38 | WALL-FPS 44.6
[n0i] frames=360 640x480→640x480 (ms median/p95 vs 16.67): trace 6.26/13.35 gather 0.87/1.69 net[wall 0.01/12.67 gpu 4.88/6.87 commit 0.01/0.01 wait 0.00/12.66] demod 0.68/10.15 present 0.09/0.13 TOTAL 12.35/26.45 | WALL-FPS 45.1
[n0i] frames=420 640x480→640x480 (ms median/p95 vs 16.67): trace 6.30/13.21 gather 0.88/1.92 net[wall 0.01/13.99 gpu 4.90/7.71 commit 0.01/0.01 wait 0.00/13.97] demod 0.72/10.15 present 0.09/0.13 TOTAL 12.54/27.41 | WALL-FPS 44.5
[n0i] frames=480 640x480→640x480 (ms median/p95 vs 16.67): trace 6.23/13.03 gather 0.87/1.88 net[wall 0.01/12.67 gpu 4.87/7.54 commit 0.01/0.01 wait 0.00/12.66] demod 0.71/10.08 present 0.09/0.13 TOTAL 12.35/26.78 | WALL-FPS 45.1
[n0i] frames=540 640x480→640x480 (ms median/p95 vs 16.67): trace 6.17/12.96 gather 0.85/1.81 net[wall 0.01/10.92 gpu 4.82/7.40 commit 0.01/0.01 wait 0.00/10.91] demod 0.71/10.07 present 0.09/0.13 TOTAL 12.22/25.95 | WALL-FPS 45.6
[n0i] frames=600 640x480→640x480 (ms median/p95 vs 16.67): trace 6.19/12.88 gather 0.86/1.86 net[wall 0.01/12.06 gpu 4.84/7.50 commit 0.01/0.01 wait 0.00/12.04] demod 0.73/10.07 present 0.09/0.13 TOTAL 12.22/26.78 | WALL-FPS 45.3
[n0i] frames=660 640x480→640x480 (ms median/p95 vs 16.67): trace 6.22/13.03 gather 0.88/2.20 net[wall 0.01/11.06 gpu 4.91/7.72 commit 0.01/0.01 wait 0.00/11.03] demod 0.75/10.08 present 0.09/0.14 TOTAL 12.27/26.84 | WALL-FPS 45.0
[n0i] frames=720 640x480→640x480 (ms median/p95 vs 16.67): trace 6.26/13.03 gather 0.91/2.26 net[wall 0.01/12.06 gpu 4.94/7.76 commit 0.01/0.01 wait 0.00/12.04] demod 0.78/10.08 present 0.09/0.15 TOTAL 12.30/27.49 | WALL-FPS 44.7
[n0i] frames=780 640x480→640x480 (ms median/p95 vs 16.67): trace 6.26/13.31 gather 0.90/2.20 net[wall 0.01/11.51 gpu 4.93/7.71 commit 0.01/0.01 wait 0.00/11.50] demod 0.75/10.04 present 0.09/0.15 TOTAL 12.30/27.41 | WALL-FPS 44.8
