[package] scrying-glass v0.1.0 registered
[world] /Users/pascaldisse/projects/magic-crystal-neural-live/packages/scrying-glass/../../worlds/naruko scene(s)=["main"] entities=45 chains=23 clusters=913 transmute=74.4ms
[embodiment] spawn eye=Vec3(0.0, 7.0, 44.0) yaw=0 floor_triangles=10464 tick_dt=0.016666668
[pleroma] BVH nodes=15487 triangles=23192 (static 12368 + dynamic 10824) build=13.2ms; 22 dynamic entit(ies) — living layer
[pleroma] traced integrator spp=2 bounces=4 rr_start=2 — first_light is dead
[wgpu] traced 640x480 → upscale → surface 960x640 (bilinear); Bgra8UnormSrgb
[frame] trace 640x480 → offscreen 960x640: median 7.66ms mean 7.90ms/frame (spp=2, 60-frame sample)
[scry] GET http://127.0.0.1:8439/scry (alias: /screenshot; optional pos/yaw/pitch/fov/w/h)
[embodiment] GET http://127.0.0.1:8439/pose · POST http://127.0.0.1:8439/walk {keys,yaw?,pitch?,ticks?}
[offscreen] GAIA_NATIVE_OFFSCREEN=true: NO NSWindow — rendering to offscreen 960x640; /scry (?eye=belief|presented), /budget, /state on http://127.0.0.1:8439
[n0c] net-present rig pooled (God's res): trace 640x480 → net 640x480 → nearest blit → surface 960x640 (307200 px)
[n0i] frames=60 640x480→640x480 (ms median/p95 vs 16.67): trace 6.56/16.16 gather 1.00/1.76 net[wall 0.01/12.55 gpu 5.24/6.73 commit 0.01/0.01 wait 0.00/12.53] demod 0.70/10.19 present 0.12/0.19 TOTAL 14.49/24.69 | WALL-FPS 46.3
[n0i] frames=120 640x480→640x480 (ms median/p95 vs 16.67): trace 5.87/14.07 gather 0.86/1.36 net[wall 0.01/3.26 gpu 4.89/6.44 commit 0.01/0.01 wait 0.00/3.25] demod 0.70/10.02 present 0.11/0.17 TOTAL 11.47/21.15 | WALL-FPS 48.7
[n0i] frames=180 640x480→640x480 (ms median/p95 vs 16.67): trace 5.87/13.38 gather 0.84/1.36 net[wall 0.01/4.27 gpu 4.88/6.44 commit 0.00/0.01 wait 0.00/4.26] demod 0.70/9.98 present 0.11/0.17 TOTAL 11.00/21.82 | WALL-FPS 48.5
[n0i] frames=240 640x480→640x480 (ms median/p95 vs 16.67): trace 5.72/11.18 gather 0.84/1.27 net[wall 0.01/3.07 gpu 4.82/6.37 commit 0.00/0.01 wait 0.00/3.06] demod 0.70/10.07 present 0.11/0.15 TOTAL 11.00/21.15 | WALL-FPS 48.6
[n0i] frames=300 640x480→640x480 (ms median/p95 vs 16.67): trace 5.71/9.09 gather 0.83/1.20 net[wall 0.01/2.76 gpu 4.79/6.17 commit 0.00/0.01 wait 0.00/2.73] demod 0.70/10.04 present 0.11/0.16 TOTAL 11.00/19.56 | WALL-FPS 48.9
[n0i] frames=360 640x480→640x480 (ms median/p95 vs 16.67): trace 5.77/11.18 gather 0.83/1.20 net[wall 0.01/2.97 gpu 4.80/6.11 commit 0.00/0.01 wait 0.00/2.96] demod 0.64/10.01 present 0.11/0.16 TOTAL 10.85/21.03 | WALL-FPS 48.6
[n0i] frames=420 640x480→640x480 (ms median/p95 vs 16.67): trace 5.78/11.47 gather 0.83/1.20 net[wall 0.01/3.26 gpu 4.81/6.16 commit 0.00/0.01 wait 0.00/3.25] demod 0.64/9.98 present 0.11/0.16 TOTAL 10.26/21.52 | WALL-FPS 48.5
[n0i] frames=480 640x480→640x480 (ms median/p95 vs 16.67): trace 5.72/10.59 gather 0.83/1.17 net[wall 0.01/2.97 gpu 4.79/5.99 commit 0.00/0.01 wait 0.00/2.96] demod 0.66/9.97 present 0.11/0.15 TOTAL 10.26/20.55 | WALL-FPS 48.7
[n0i] frames=540 640x480→640x480 (ms median/p95 vs 16.67): trace 5.71/10.14 gather 0.83/1.14 net[wall 0.01/2.89 gpu 4.79/5.94 commit 0.00/0.01 wait 0.00/2.88] demod 0.64/10.01 present 0.11/0.15 TOTAL 10.20/19.98 | WALL-FPS 48.6
[n0i] frames=600 640x480→640x480 (ms median/p95 vs 16.67): trace 5.71/9.88 gather 0.83/1.12 net[wall 0.01/2.76 gpu 4.79/5.91 commit 0.00/0.01 wait 0.00/2.73] demod 0.64/10.02 present 0.11/0.15 TOTAL 10.20/19.35 | WALL-FPS 48.7
[n0i] frames=660 640x480→640x480 (ms median/p95 vs 16.67): trace 5.69/9.23 gather 0.83/1.12 net[wall 0.01/2.76 gpu 4.79/5.86 commit 0.00/0.01 wait 0.00/2.73] demod 0.64/10.04 present 0.11/0.15 TOTAL 9.89/19.35 | WALL-FPS 48.7
[n0i] frames=720 640x480→640x480 (ms median/p95 vs 16.67): trace 5.71/9.23 gather 0.84/1.15 net[wall 0.01/2.76 gpu 4.80/5.91 commit 0.00/0.01 wait 0.00/2.73] demod 0.67/10.06 present 0.11/0.15 TOTAL 10.20/19.35 | WALL-FPS 48.6
[n0i] frames=780 640x480→640x480 (ms median/p95 vs 16.67): trace 5.75/9.23 gather 0.84/1.20 net[wall 0.01/2.76 gpu 4.81/5.86 commit 0.00/0.01 wait 0.00/2.73] demod 0.70/10.12 present 0.11/0.16 TOTAL 10.20/19.35 | WALL-FPS 48.5
[n0i] frames=840 640x480→640x480 (ms median/p95 vs 16.67): trace 5.75/9.09 gather 0.84/1.21 net[wall 0.01/2.71 gpu 4.81/5.81 commit 0.00/0.01 wait 0.00/2.68] demod 0.70/10.17 present 0.11/0.16 TOTAL 10.20/19.25 | WALL-FPS 48.4
[n0i] frames=900 640x480→640x480 (ms median/p95 vs 16.67): trace 5.74/8.86 gather 0.84/1.20 net[wall 0.01/2.58 gpu 4.81/5.77 commit 0.00/0.01 wait 0.00/2.57] demod 0.70/10.18 present 0.11/0.16 TOTAL 10.20/19.05 | WALL-FPS 48.5
[n0i] frames=960 640x480→640x480 (ms median/p95 vs 16.67): trace 5.72/8.53 gather 0.84/1.16 net[wall 0.01/2.45 gpu 4.80/5.66 commit 0.00/0.01 wait 0.00/2.43] demod 0.70/10.17 present 0.11/0.16 TOTAL 10.20/18.89 | WALL-FPS 48.6
[n0i] frames=1020 640x480→640x480 (ms median/p95 vs 16.67): trace 5.72/8.43 gather 0.83/1.14 net[wall 0.01/2.51 gpu 4.80/5.67 commit 0.00/0.01 wait 0.00/2.50] demod 0.70/10.17 present 0.11/0.15 TOTAL 10.26/18.89 | WALL-FPS 48.6
