[package] scrying-glass v0.1.0 registered
[world] /Users/pascaldisse/projects/magic-crystal-neural-live/packages/scrying-glass/../../worlds/naruko scene(s)=["main"] entities=45 chains=23 clusters=913 transmute=74.0ms
[embodiment] spawn eye=Vec3(0.0, 7.0, 44.0) yaw=0 floor_triangles=10464 tick_dt=0.016666668
[pleroma] BVH nodes=15487 triangles=23192 (static 12368 + dynamic 10824) build=13.2ms; 22 dynamic entit(ies) — living layer
[pleroma] traced integrator spp=2 bounces=4 rr_start=2 — first_light is dead
[wgpu] traced 640x480 → upscale → surface 960x640 (bilinear); Bgra8UnormSrgb
[frame] trace 640x480 → offscreen 960x640: median 7.44ms mean 7.68ms/frame (spp=2, 60-frame sample)
[scry] GET http://127.0.0.1:8438/scry (alias: /screenshot; optional pos/yaw/pitch/fov/w/h)
[embodiment] GET http://127.0.0.1:8438/pose · POST http://127.0.0.1:8438/walk {keys,yaw?,pitch?,ticks?}
[offscreen] GAIA_NATIVE_OFFSCREEN=true: NO NSWindow — rendering to offscreen 960x640; /scry (?eye=belief|presented), /budget, /state on http://127.0.0.1:8438
[n0c] net-present rig pooled (God's res): trace 640x480 → net 640x480 → nearest blit → surface 960x640 (307200 px)
[n0i] frames=60 640x480→640x480 (ms median/p95 vs 16.67): trace 6.39/15.13 gather 0.89/1.88 net[wall 0.01/24.51 gpu 4.87/6.56 commit 0.00/0.01 wait 0.00/24.50] demod 0.57/9.75 present 0.08/0.11 TOTAL 11.80/37.00 | WALL-FPS 41.8
[n0i] frames=120 640x480→640x480 (ms median/p95 vs 16.67): trace 6.16/14.22 gather 0.86/1.53 net[wall 0.01/13.28 gpu 4.77/6.45 commit 0.00/0.01 wait 0.00/13.21] demod 0.57/9.75 present 0.07/0.10 TOTAL 11.66/25.63 | WALL-FPS 45.6
[n0i] frames=180 640x480→640x480 (ms median/p95 vs 16.67): trace 6.12/14.09 gather 0.86/1.31 net[wall 0.01/3.42 gpu 4.76/6.25 commit 0.00/0.01 wait 0.00/3.41] demod 0.57/9.91 present 0.07/0.11 TOTAL 11.40/22.22 | WALL-FPS 46.9
[n0i] frames=240 640x480→640x480 (ms median/p95 vs 16.67): trace 6.09/13.39 gather 0.85/1.13 net[wall 0.01/3.25 gpu 4.73/6.05 commit 0.00/0.01 wait 0.00/3.24] demod 0.57/10.05 present 0.07/0.10 TOTAL 11.40/21.76 | WALL-FPS 47.7
[n0i] frames=300 640x480→640x480 (ms median/p95 vs 16.67): trace 6.08/11.23 gather 0.84/1.12 net[wall 0.01/3.00 gpu 4.73/5.69 commit 0.00/0.01 wait 0.00/2.99] demod 0.58/10.05 present 0.07/0.10 TOTAL 11.40/19.42 | WALL-FPS 48.2
[n0i] frames=360 640x480→640x480 (ms median/p95 vs 16.67): trace 6.09/11.15 gather 0.84/1.09 net[wall 0.01/2.89 gpu 4.73/5.67 commit 0.00/0.01 wait 0.00/2.87] demod 0.58/10.03 present 0.07/0.10 TOTAL 11.40/19.10 | WALL-FPS 48.5
[n0i] frames=420 640x480→640x480 (ms median/p95 vs 16.67): trace 6.10/11.23 gather 0.84/1.09 net[wall 0.01/2.62 gpu 4.73/5.69 commit 0.00/0.01 wait 0.00/2.61] demod 0.57/10.01 present 0.07/0.10 TOTAL 11.38/19.10 | WALL-FPS 48.7
[n0i] frames=480 640x480→640x480 (ms median/p95 vs 16.67): trace 6.06/10.33 gather 0.84/1.07 net[wall 0.01/2.51 gpu 4.72/5.65 commit 0.00/0.01 wait 0.00/2.50] demod 0.59/10.03 present 0.07/0.10 TOTAL 11.38/18.76 | WALL-FPS 49.0
[n0i] frames=540 640x480→640x480 (ms median/p95 vs 16.67): trace 6.04/10.33 gather 0.84/1.06 net[wall 0.01/2.53 gpu 4.72/5.63 commit 0.00/0.01 wait 0.00/2.52] demod 0.59/10.01 present 0.07/0.10 TOTAL 11.03/18.99 | WALL-FPS 49.1
[n0i] frames=600 640x480→640x480 (ms median/p95 vs 16.67): trace 6.03/10.11 gather 0.84/1.06 net[wall 0.01/2.53 gpu 4.72/5.63 commit 0.00/0.01 wait 0.00/2.52] demod 0.59/10.01 present 0.07/0.10 TOTAL 10.78/18.99 | WALL-FPS 49.1
[n0i] frames=660 640x480→640x480 (ms median/p95 vs 16.67): trace 6.00/9.46 gather 0.84/1.05 net[wall 0.01/2.49 gpu 4.72/5.55 commit 0.00/0.01 wait 0.00/2.48] demod 0.59/10.01 present 0.07/0.10 TOTAL 10.78/18.41 | WALL-FPS 49.3
[n0i] frames=720 640x480→640x480 (ms median/p95 vs 16.67): trace 6.00/9.75 gather 0.84/1.07 net[wall 0.01/2.49 gpu 4.72/5.58 commit 0.00/0.01 wait 0.00/2.48] demod 0.60/10.03 present 0.07/0.10 TOTAL 10.78/18.99 | WALL-FPS 49.1
[n0i] frames=780 640x480→640x480 (ms median/p95 vs 16.67): trace 6.03/10.65 gather 0.84/1.16 net[wall 0.01/2.56 gpu 4.73/5.81 commit 0.00/0.01 wait 0.00/2.54] demod 0.61/10.03 present 0.07/0.10 TOTAL 11.24/19.09 | WALL-FPS 48.8
[n0i] frames=840 640x480→640x480 (ms median/p95 vs 16.67): trace 6.04/10.11 gather 0.84/1.14 net[wall 0.01/2.53 gpu 4.73/5.76 commit 0.00/0.01 wait 0.00/2.52] demod 0.61/10.03 present 0.07/0.10 TOTAL 11.19/18.99 | WALL-FPS 48.9
[n0i] frames=900 640x480→640x480 (ms median/p95 vs 16.67): trace 6.03/9.75 gather 0.84/1.13 net[wall 0.01/2.53 gpu 4.73/5.81 commit 0.00/0.01 wait 0.00/2.52] demod 0.62/10.03 present 0.07/0.10 TOTAL 10.86/18.76 | WALL-FPS 49.0
[n0i] frames=960 640x480→640x480 (ms median/p95 vs 16.67): trace 6.00/9.30 gather 0.84/1.10 net[wall 0.01/2.50 gpu 4.73/5.69 commit 0.00/0.01 wait 0.00/2.49] demod 0.62/10.03 present 0.07/0.10 TOTAL 10.86/18.72 | WALL-FPS 49.0
[n0i] frames=1020 640x480→640x480 (ms median/p95 vs 16.67): trace 6.00/8.77 gather 0.84/1.09 net[wall 0.01/2.42 gpu 4.72/5.67 commit 0.00/0.01 wait 0.00/2.41] demod 0.62/10.03 present 0.07/0.10 TOTAL 10.86/18.59 | WALL-FPS 49.1
[n0i] frames=1080 640x480→640x480 (ms median/p95 vs 16.67): trace 6.00/8.75 gather 0.84/1.08 net[wall 0.01/2.41 gpu 4.72/5.63 commit 0.00/0.01 wait 0.00/2.39] demod 0.61/10.03 present 0.07/0.10 TOTAL 10.86/18.44 | WALL-FPS 49.1
[n0i] frames=1140 640x480→640x480 (ms median/p95 vs 16.67): trace 5.98/8.61 gather 0.84/1.07 net[wall 0.01/2.38 gpu 4.72/5.58 commit 0.00/0.01 wait 0.00/2.36] demod 0.62/10.04 present 0.07/0.10 TOTAL 10.78/18.23 | WALL-FPS 49.1
[n0i] frames=1200 640x480→640x480 (ms median/p95 vs 16.67): trace 5.95/8.55 gather 0.84/1.07 net[wall 0.01/2.10 gpu 4.72/5.57 commit 0.00/0.01 wait 0.00/2.10] demod 0.62/10.03 present 0.07/0.10 TOTAL 10.53/18.16 | WALL-FPS 49.2
[n0i] frames=1260 640x480→640x480 (ms median/p95 vs 16.67): trace 5.94/8.59 gather 0.84/1.09 net[wall 0.01/2.41 gpu 4.72/5.65 commit 0.00/0.01 wait 0.00/2.39] demod 0.62/10.03 present 0.07/0.10 TOTAL 10.45/18.44 | WALL-FPS 49.0
[n0i] frames=1320 640x480→640x480 (ms median/p95 vs 16.67): trace 5.95/8.64 gather 0.84/1.13 net[wall 0.01/2.41 gpu 4.73/5.67 commit 0.00/0.01 wait 0.00/2.39] demod 0.62/10.06 present 0.07/0.11 TOTAL 10.45/18.62 | WALL-FPS 48.9
[n0i] frames=1380 640x480→640x480 (ms median/p95 vs 16.67): trace 5.96/9.41 gather 0.85/1.20 net[wall 0.01/2.51 gpu 4.74/5.76 commit 0.00/0.01 wait 0.00/2.50] demod 0.64/10.09 present 0.07/0.11 TOTAL 10.53/18.99 | WALL-FPS 48.7
[n0i] frames=1440 640x480→640x480 (ms median/p95 vs 16.67): trace 5.95/9.41 gather 0.85/1.20 net[wall 0.01/2.51 gpu 4.74/5.74 commit 0.00/0.01 wait 0.00/2.50] demod 0.65/10.09 present 0.07/0.11 TOTAL 10.53/18.96 | WALL-FPS 48.7
[n0i] frames=1500 640x480→640x480 (ms median/p95 vs 16.67): trace 5.94/9.41 gather 0.85/1.20 net[wall 0.01/2.51 gpu 4.74/5.74 commit 0.00/0.01 wait 0.00/2.50] demod 0.65/10.09 present 0.07/0.11 TOTAL 10.53/18.99 | WALL-FPS 48.6
[n0i] frames=1560 640x480→640x480 (ms median/p95 vs 16.67): trace 5.94/9.49 gather 0.85/1.19 net[wall 0.01/2.51 gpu 4.74/5.79 commit 0.00/0.01 wait 0.00/2.50] demod 0.64/10.09 present 0.07/0.11 TOTAL 10.43/18.99 | WALL-FPS 48.6
[n0i] frames=1620 640x480→640x480 (ms median/p95 vs 16.67): trace 5.94/9.46 gather 0.85/1.18 net[wall 0.01/2.50 gpu 4.74/5.77 commit 0.00/0.01 wait 0.00/2.48] demod 0.64/10.07 present 0.07/0.11 TOTAL 10.43/18.89 | WALL-FPS 48.7
[n0i] frames=1680 640x480→640x480 (ms median/p95 vs 16.67): trace 5.94/9.30 gather 0.85/1.17 net[wall 0.01/2.42 gpu 4.74/5.74 commit 0.00/0.01 wait 0.00/2.39] demod 0.64/10.06 present 0.07/0.11 TOTAL 10.43/18.80 | WALL-FPS 48.7
[n0i] frames=1740 640x480→640x480 (ms median/p95 vs 16.67): trace 5.94/9.05 gather 0.85/1.16 net[wall 0.01/2.38 gpu 4.73/5.72 commit 0.00/0.01 wait 0.00/2.37] demod 0.65/10.05 present 0.08/0.11 TOTAL 10.45/18.76 | WALL-FPS 48.7
[n0i] frames=1800 640x480→640x480 (ms median/p95 vs 16.67): trace 5.94/8.99 gather 0.85/1.16 net[wall 0.01/2.33 gpu 4.73/5.69 commit 0.00/0.01 wait 0.00/2.32] demod 0.64/10.04 present 0.08/0.11 TOTAL 10.45/18.72 | WALL-FPS 48.7
[n0i] frames=1860 640x480→640x480 (ms median/p95 vs 16.67): trace 5.94/9.20 gather 0.85/1.16 net[wall 0.01/2.36 gpu 4.73/5.70 commit 0.00/0.01 wait 0.00/2.34] demod 0.64/10.04 present 0.08/0.11 TOTAL 10.43/18.76 | WALL-FPS 48.7
[n0i] frames=1920 640x480→640x480 (ms median/p95 vs 16.67): trace 5.92/9.01 gather 0.85/1.16 net[wall 0.01/2.30 gpu 4.73/5.69 commit 0.00/0.01 wait 0.00/2.29] demod 0.65/10.03 present 0.08/0.11 TOTAL 10.43/18.72 | WALL-FPS 48.7
[n0i] frames=1980 640x480→640x480 (ms median/p95 vs 16.67): trace 5.93/9.41 gather 0.85/1.16 net[wall 0.01/2.41 gpu 4.73/5.74 commit 0.00/0.01 wait 0.00/2.39] demod 0.65/10.04 present 0.08/0.11 TOTAL 10.45/18.85 | WALL-FPS 48.6
[n0i] frames=2040 640x480→640x480 (ms median/p95 vs 16.67): trace 5.94/9.55 gather 0.85/1.20 net[wall 0.01/2.50 gpu 4.74/5.77 commit 0.00/0.01 wait 0.00/2.48] demod 0.66/10.05 present 0.08/0.11 TOTAL 10.45/18.99 | WALL-FPS 48.6
[n0i] frames=2100 640x480→640x480 (ms median/p95 vs 16.67): trace 5.94/9.84 gather 0.85/1.20 net[wall 0.01/2.53 gpu 4.74/5.78 commit 0.00/0.01 wait 0.00/2.51] demod 0.67/10.06 present 0.08/0.11 TOTAL 10.45/18.99 | WALL-FPS 48.5
[n0i] frames=2160 640x480→640x480 (ms median/p95 vs 16.67): trace 5.93/9.57 gather 0.85/1.20 net[wall 0.01/2.50 gpu 4.74/5.76 commit 0.00/0.01 wait 0.00/2.49] demod 0.67/10.06 present 0.08/0.11 TOTAL 10.45/18.96 | WALL-FPS 48.6
[n0i] frames=2220 640x480→640x480 (ms median/p95 vs 16.67): trace 5.93/9.49 gather 0.85/1.20 net[wall 0.01/2.42 gpu 4.74/5.75 commit 0.00/0.01 wait 0.00/2.41] demod 0.67/10.05 present 0.08/0.11 TOTAL 10.45/18.94 | WALL-FPS 48.6
[n0i] frames=2280 640x480→640x480 (ms median/p95 vs 16.67): trace 5.93/9.46 gather 0.85/1.19 net[wall 0.01/2.42 gpu 4.74/5.74 commit 0.00/0.01 wait 0.00/2.39] demod 0.66/10.05 present 0.08/0.11 TOTAL 10.45/18.89 | WALL-FPS 48.6
[n0i] frames=2340 640x480→640x480 (ms median/p95 vs 16.67): trace 5.92/9.41 gather 0.85/1.18 net[wall 0.01/2.38 gpu 4.74/5.72 commit 0.00/0.01 wait 0.00/2.37] demod 0.66/10.04 present 0.08/0.11 TOTAL 10.45/18.84 | WALL-FPS 48.6
[n0i] frames=2400 640x480→640x480 (ms median/p95 vs 16.67): trace 5.92/9.17 gather 0.85/1.18 net[wall 0.01/2.33 gpu 4.74/5.70 commit 0.00/0.01 wait 0.00/2.32] demod 0.66/10.04 present 0.08/0.11 TOTAL 10.45/18.79 | WALL-FPS 48.6
[n0i] frames=2460 640x480→640x480 (ms median/p95 vs 16.67): trace 5.92/9.01 gather 0.85/1.17 net[wall 0.01/2.30 gpu 4.74/5.69 commit 0.00/0.01 wait 0.00/2.29] demod 0.67/10.04 present 0.08/0.11 TOTAL 10.45/18.76 | WALL-FPS 48.6
[n0i] frames=2520 640x480→640x480 (ms median/p95 vs 16.67): trace 5.92/9.04 gather 0.85/1.16 net[wall 0.01/2.29 gpu 4.74/5.69 commit 0.00/0.01 wait 0.00/2.27] demod 0.66/10.04 present 0.08/0.11 TOTAL 10.43/18.76 | WALL-FPS 48.6
[n0i] frames=2580 640x480→640x480 (ms median/p95 vs 16.67): trace 5.91/8.94 gather 0.85/1.16 net[wall 0.01/2.17 gpu 4.74/5.67 commit 0.00/0.01 wait 0.00/2.16] demod 0.66/10.04 present 0.08/0.12 TOTAL 10.29/18.72 | WALL-FPS 48.6
[n0i] frames=2640 640x480→640x480 (ms median/p95 vs 16.67): trace 5.91/8.76 gather 0.85/1.16 net[wall 0.01/2.10 gpu 4.74/5.67 commit 0.00/0.01 wait 0.00/2.10] demod 0.67/10.04 present 0.08/0.12 TOTAL 10.29/18.66 | WALL-FPS 48.6
[n0i] frames=2700 640x480→640x480 (ms median/p95 vs 16.67): trace 5.91/8.76 gather 0.85/1.16 net[wall 0.01/2.17 gpu 4.74/5.67 commit 0.00/0.01 wait 0.00/2.16] demod 0.67/10.04 present 0.08/0.11 TOTAL 10.29/18.72 | WALL-FPS 48.4
[n0i] frames=2760 640x480→640x480 (ms median/p95 vs 16.67): trace 5.92/8.94 gather 0.85/1.19 net[wall 0.01/2.30 gpu 4.74/5.69 commit 0.00/0.01 wait 0.00/2.29] demod 0.68/10.05 present 0.08/0.12 TOTAL 10.29/18.79 | WALL-FPS 48.4
[n0i] frames=2820 640x480→640x480 (ms median/p95 vs 16.67): trace 5.92/8.99 gather 0.86/1.19 net[wall 0.01/2.29 gpu 4.74/5.69 commit 0.00/0.01 wait 0.00/2.27] demod 0.68/10.06 present 0.08/0.12 TOTAL 10.29/18.79 | WALL-FPS 48.4
[n0i] frames=2880 640x480→640x480 (ms median/p95 vs 16.67): trace 5.90/8.93 gather 0.86/1.19 net[wall 0.01/2.24 gpu 4.74/5.67 commit 0.00/0.01 wait 0.00/2.22] demod 0.68/10.06 present 0.08/0.12 TOTAL 10.18/18.79 | WALL-FPS 48.4
[n0i] frames=2940 640x480→640x480 (ms median/p95 vs 16.67): trace 5.90/8.75 gather 0.85/1.19 net[wall 0.01/2.13 gpu 4.74/5.67 commit 0.00/0.01 wait 0.00/2.12] demod 0.68/10.06 present 0.08/0.11 TOTAL 10.18/18.76 | WALL-FPS 48.4
[n0i] frames=3000 640x480→640x480 (ms median/p95 vs 16.67): trace 5.89/8.61 gather 0.85/1.18 net[wall 0.01/2.10 gpu 4.74/5.65 commit 0.00/0.01 wait 0.00/2.09] demod 0.68/10.05 present 0.08/0.11 TOTAL 10.18/18.73 | WALL-FPS 48.4
[n0i] frames=3060 640x480→640x480 (ms median/p95 vs 16.67): trace 5.89/8.59 gather 0.85/1.18 net[wall 0.01/2.05 gpu 4.74/5.64 commit 0.00/0.01 wait 0.00/2.03] demod 0.68/10.04 present 0.08/0.11 TOTAL 10.18/18.70 | WALL-FPS 48.4
[n0i] frames=3120 640x480→640x480 (ms median/p95 vs 16.67): trace 5.89/8.59 gather 0.85/1.18 net[wall 0.01/2.06 gpu 4.74/5.63 commit 0.00/0.01 wait 0.00/2.04] demod 0.68/10.05 present 0.08/0.11 TOTAL 10.18/18.70 | WALL-FPS 48.4
[n0i] frames=3180 640x480→640x480 (ms median/p95 vs 16.67): trace 5.90/8.64 gather 0.85/1.18 net[wall 0.01/2.06 gpu 4.74/5.63 commit 0.00/0.01 wait 0.00/2.04] demod 0.67/10.05 present 0.08/0.11 TOTAL 10.18/18.70 | WALL-FPS 48.4
[n0i] frames=3240 640x480→640x480 (ms median/p95 vs 16.67): trace 5.90/8.64 gather 0.85/1.17 net[wall 0.01/2.06 gpu 4.74/5.63 commit 0.00/0.01 wait 0.00/2.04] demod 0.67/10.05 present 0.08/0.11 TOTAL 10.18/18.70 | WALL-FPS 48.3
[n0i] frames=3300 640x480→640x480 (ms median/p95 vs 16.67): trace 5.90/8.59 gather 0.85/1.16 net[wall 0.01/2.03 gpu 4.74/5.62 commit 0.00/0.01 wait 0.00/2.02] demod 0.67/10.05 present 0.08/0.11 TOTAL 10.18/18.62 | WALL-FPS 48.3
[n0i] frames=3360 640x480→640x480 (ms median/p95 vs 16.67): trace 5.90/8.72 gather 0.85/1.17 net[wall 0.01/2.05 gpu 4.74/5.62 commit 0.00/0.01 wait 0.00/2.03] demod 0.67/10.05 present 0.08/0.12 TOTAL 10.29/18.66 | WALL-FPS 48.3
