[package] scrying-glass v0.1.0 registered
[world] /Users/pascaldisse/projects/magic-crystal-neural-live/worlds/naruko scene(s)=["main"] entities=45 chains=23 clusters=913 transmute=76.5ms
[embodiment] spawn eye=Vec3(0.0, 7.0, 44.0) yaw=0 floor_triangles=10464 tick_dt=0.016666668
[pleroma] BVH nodes=15487 triangles=23192 (static 12368 + dynamic 10824) build=13.9ms; 22 dynamic entit(ies) — living layer
[pleroma] traced integrator spp=2 bounces=4 rr_start=2 — first_light is dead
[wgpu] traced 640x480 → upscale → surface 960x640 (bilinear); Bgra8UnormSrgb
[frame] trace 640x480 → offscreen 960x640: median 7.76ms mean 7.95ms/frame (spp=2, 60-frame sample)
[scry] GET http://127.0.0.1:8455/scry (alias: /screenshot; optional pos/yaw/pitch/fov/w/h)
[embodiment] GET http://127.0.0.1:8455/pose · POST http://127.0.0.1:8455/walk {keys,yaw?,pitch?,ticks?}
[offscreen] GAIA_NATIVE_OFFSCREEN=true: NO NSWindow — rendering to offscreen 960x640; /scry (?eye=belief|presented), /budget, /state on http://127.0.0.1:8455
[n0c] net-present rig pooled (God's res): trace 640x480 → net 640x480 → nearest blit → surface 960x640 (307200 px)
[n0i] frames=60 640x480→640x480 (ms median/p95 vs 16.67): trace 7.09/11.79 gather 1.01/1.76 net[wall 0.01/5.95 gpu 5.06/7.85 commit 0.01/0.01 wait 0.00/5.93] demod 1.14/10.17 present 0.08/0.11 TOTAL 14.56/23.33 | WALL-FPS 41.2
[n0i] frames=120 640x480→640x480 (ms median/p95 vs 16.67): trace 7.97/13.18 gather 1.05/1.94 net[wall 0.02/27.87 gpu 5.20/14.15 commit 0.01/0.01 wait 0.00/27.86] demod 1.13/10.51 present 0.08/0.12 TOTAL 16.57/44.80 | WALL-FPS 38.2
[n0i] frames=180 640x480→640x480 (ms median/p95 vs 16.67): trace 8.53/17.75 gather 1.07/1.96 net[wall 0.02/34.16 gpu 5.41/18.40 commit 0.01/0.01 wait 0.00/34.15] demod 0.92/10.64 present 0.08/0.12 TOTAL 17.87/49.17 | WALL-FPS 36.2
[n0i] frames=240 640x480→640x480 (ms median/p95 vs 16.67): trace 7.85/16.83 gather 1.07/1.92 net[wall 0.02/30.17 gpu 5.12/15.19 commit 0.01/0.01 wait 0.00/30.16] demod 0.92/10.61 present 0.09/0.13 TOTAL 16.80/47.09 | WALL-FPS 38.3
[n0i] frames=300 640x480→640x480 (ms median/p95 vs 16.67): trace 7.41/16.48 gather 1.04/1.83 net[wall 0.01/27.18 gpu 5.05/14.01 commit 0.01/0.01 wait 0.00/27.17] demod 0.92/10.51 present 0.09/0.13 TOTAL 14.76/43.78 | WALL-FPS 40.1
[n0i] frames=360 640x480→640x480 (ms median/p95 vs 16.67): trace 6.92/14.89 gather 1.01/1.76 net[wall 0.01/24.13 gpu 5.03/12.76 commit 0.01/0.01 wait 0.00/24.11] demod 0.92/10.51 present 0.09/0.13 TOTAL 14.01/39.98 | WALL-FPS 41.5
[n0i] frames=420 640x480→640x480 (ms median/p95 vs 16.67): trace 6.34/14.58 gather 0.99/1.72 net[wall 0.01/14.49 gpu 5.02/12.28 commit 0.01/0.01 wait 0.00/14.48] demod 0.92/10.51 present 0.09/0.12 TOTAL 12.93/34.14 | WALL-FPS 42.6
[n0i] frames=480 640x480→640x480 (ms median/p95 vs 16.67): trace 6.08/13.01 gather 0.98/1.65 net[wall 0.01/10.22 gpu 5.02/11.75 commit 0.01/0.01 wait 0.00/10.20] demod 0.98/10.58 present 0.09/0.12 TOTAL 12.35/32.37 | WALL-FPS 43.5
[n0i] frames=540 640x480→640x480 (ms median/p95 vs 16.67): trace 5.98/12.69 gather 0.99/1.76 net[wall 0.01/20.41 gpu 5.03/12.28 commit 0.01/0.01 wait 0.00/20.40] demod 1.03/10.64 present 0.09/0.12 TOTAL 12.68/39.32 | WALL-FPS 42.5
[n0i] frames=600 640x480→640x480 (ms median/p95 vs 16.67): trace 5.81/12.42 gather 1.00/1.76 net[wall 0.01/19.50 gpu 5.04/12.28 commit 0.01/0.01 wait 0.00/19.48] demod 1.03/10.64 present 0.09/0.13 TOTAL 12.37/38.96 | WALL-FPS 42.8
[n0i] frames=660 640x480→640x480 (ms median/p95 vs 16.67): trace 5.71/11.83 gather 1.00/1.73 net[wall 0.01/15.56 gpu 5.04/11.75 commit 0.01/0.01 wait 0.00/15.53] demod 1.03/10.64 present 0.09/0.13 TOTAL 11.86/34.89 | WALL-FPS 43.4
[n0i] frames=720 640x480→640x480 (ms median/p95 vs 16.67): trace 5.52/11.52 gather 0.98/1.69 net[wall 0.01/14.04 gpu 5.03/11.49 commit 0.01/0.01 wait 0.00/14.02] demod 1.03/10.64 present 0.09/0.13 TOTAL 11.53/34.08 | WALL-FPS 44.0
[n0i] frames=780 640x480→640x480 (ms median/p95 vs 16.67): trace 5.36/11.08 gather 0.97/1.64 net[wall 0.01/12.88 gpu 5.03/11.32 commit 0.01/0.01 wait 0.00/12.86] demod 1.03/10.60 present 0.09/0.13 TOTAL 11.45/32.37 | WALL-FPS 44.4
[n0i] frames=840 640x480→640x480 (ms median/p95 vs 16.67): trace 5.26/11.04 gather 0.96/1.62 net[wall 0.01/10.22 gpu 5.02/11.06 commit 0.01/0.01 wait 0.00/10.20] demod 1.03/10.59 present 0.09/0.13 TOTAL 11.34/28.98 | WALL-FPS 44.8
[n0i] frames=900 640x480→640x480 (ms median/p95 vs 16.67): trace 5.16/10.58 gather 0.96/1.61 net[wall 0.01/6.91 gpu 5.01/10.34 commit 0.01/0.01 wait 0.00/6.89] demod 1.03/10.55 present 0.09/0.13 TOTAL 11.14/27.16 | WALL-FPS 45.2
=== /budget (dirty-off) ===
{"frames":958,"wall_ms":16.67,"wall_fps":45.44,"path":"mpsgraph","canvas":[640,480],"stages":{"trace":[5.047,10.462],"gather":[0.955,1.604],"net_wall":[0.014,5.950],"net_gpu":[5.003,9.853],"net_commit":[0.006,0.010],"net_wait":[0.001,5.934],"demod":[1.049,10.542],"present":[0.088,0.133],"total":[11.036,25.327]},"outside":{"world":[7.375,8.432],"readback":[0.000,0.000],"http":[0.357,0.748],"loop_total":[19.239,35.784]},"world_stages":{"skin":[6.295,7.091],"command":[0.578,0.726],"tick":[5.705,6.469],"kami":[0.033,0.044],"apply":[0.011,0.016],"physics":[5.631,6.382],"rederive":[0.021,0.029],"solver_step":[5.593,6.341],"poll":[0.033,0.045],"gather":[0.070,0.103],"splice":[0.166,0.229],"upload":[0.476,0.651]}}
=== wall-fps tail (dirty-off) ===
