[package] scrying-glass v0.1.0 registered
[world] /Users/pascaldisse/projects/magic-crystal-neural-live/worlds/naruko scene(s)=["main"] entities=45 chains=23 clusters=913 transmute=72.9ms
[embodiment] spawn eye=Vec3(0.0, 7.0, 44.0) yaw=0 floor_triangles=10464 tick_dt=0.016666668
[pleroma] BVH nodes=15487 triangles=23192 (static 12368 + dynamic 10824) build=12.8ms; 22 dynamic entit(ies) — living layer
[pleroma] traced integrator spp=2 bounces=4 rr_start=2 — first_light is dead
[wgpu] traced 640x480 → upscale → surface 960x640 (bilinear); Bgra8UnormSrgb
[frame] trace 640x480 → offscreen 960x640: median 7.58ms mean 7.79ms/frame (spp=2, 60-frame sample)
[scry] GET http://127.0.0.1:8451/scry (alias: /screenshot; optional pos/yaw/pitch/fov/w/h)
[embodiment] GET http://127.0.0.1:8451/pose · POST http://127.0.0.1:8451/walk {keys,yaw?,pitch?,ticks?}
[offscreen] GAIA_NATIVE_OFFSCREEN=true: NO NSWindow — rendering to offscreen 960x640; /scry (?eye=belief|presented), /budget, /state on http://127.0.0.1:8451
[n0c] net-present rig pooled (God's res): trace 640x480 → net 640x480 → nearest blit → surface 960x640 (307200 px)
[n0i] frames=60 640x480→640x480 (ms median/p95 vs 16.67): trace 6.84/8.18 gather 0.88/1.64 net[wall 0.01/16.64 gpu 4.73/6.65 commit 0.00/0.02 wait 0.00/16.61] demod 1.11/9.85 present 0.09/0.14 TOTAL 12.96/30.81 | WALL-FPS 43.8
[n0i] frames=120 640x480→640x480 (ms median/p95 vs 16.67): trace 7.53/9.45 gather 0.93/1.54 net[wall 0.01/3.52 gpu 4.82/6.08 commit 0.01/0.01 wait 0.00/3.51] demod 1.25/10.21 present 0.09/0.13 TOTAL 12.96/23.48 | WALL-FPS 44.8
[n0i] frames=180 640x480→640x480 (ms median/p95 vs 16.67): trace 7.92/9.99 gather 0.94/1.46 net[wall 0.01/3.46 gpu 4.87/6.08 commit 0.01/0.01 wait 0.00/3.45] demod 1.25/10.36 present 0.09/0.13 TOTAL 12.96/23.79 | WALL-FPS 44.8
[n0i] frames=240 640x480→640x480 (ms median/p95 vs 16.67): trace 8.26/10.46 gather 0.94/1.44 net[wall 0.01/3.40 gpu 4.89/6.16 commit 0.01/0.01 wait 0.00/3.39] demod 1.38/10.21 present 0.09/0.13 TOTAL 12.96/23.79 | WALL-FPS 44.3
[n0i] frames=300 640x480→640x480 (ms median/p95 vs 16.67): trace 7.83/10.38 gather 0.93/1.44 net[wall 0.01/3.31 gpu 4.82/6.06 commit 0.01/0.01 wait 0.00/3.30] demod 1.38/10.21 present 0.09/0.13 TOTAL 12.96/22.91 | WALL-FPS 45.0
[n0i] frames=360 640x480→640x480 (ms median/p95 vs 16.67): trace 7.56/10.34 gather 0.92/1.38 net[wall 0.01/3.12 gpu 4.80/6.05 commit 0.01/0.01 wait 0.00/3.11] demod 1.38/10.19 present 0.09/0.13 TOTAL 10.98/22.83 | WALL-FPS 46.0
[n0i] frames=420 640x480→640x480 (ms median/p95 vs 16.67): trace 7.26/10.28 gather 0.90/1.38 net[wall 0.01/2.96 gpu 4.78/6.01 commit 0.01/0.01 wait 0.00/2.95] demod 1.38/10.04 present 0.09/0.13 TOTAL 10.98/22.69 | WALL-FPS 46.6
[n0i] frames=480 640x480→640x480 (ms median/p95 vs 16.67): trace 6.91/10.26 gather 0.89/1.34 net[wall 0.01/2.72 gpu 4.76/5.99 commit 0.01/0.01 wait 0.00/2.71] demod 1.25/10.04 present 0.09/0.13 TOTAL 10.88/22.51 | WALL-FPS 47.2
[n0i] frames=540 640x480→640x480 (ms median/p95 vs 16.67): trace 6.30/10.22 gather 0.88/1.31 net[wall 0.01/2.66 gpu 4.76/5.94 commit 0.01/0.01 wait 0.00/2.65] demod 1.31/9.99 present 0.09/0.13 TOTAL 10.73/22.18 | WALL-FPS 47.7
[n0i] frames=600 640x480→640x480 (ms median/p95 vs 16.67): trace 5.96/10.03 gather 0.88/1.29 net[wall 0.01/2.54 gpu 4.76/5.79 commit 0.01/0.01 wait 0.00/2.53] demod 1.25/10.10 present 0.09/0.13 TOTAL 10.67/22.09 | WALL-FPS 48.1
[n0i] frames=660 640x480→640x480 (ms median/p95 vs 16.67): trace 5.60/9.91 gather 0.87/1.28 net[wall 0.01/2.53 gpu 4.75/5.76 commit 0.01/0.01 wait 0.00/2.51] demod 1.31/10.10 present 0.09/0.13 TOTAL 10.65/21.89 | WALL-FPS 48.4
[n0i] frames=720 640x480→640x480 (ms median/p95 vs 16.67): trace 5.22/9.72 gather 0.87/1.25 net[wall 0.01/2.50 gpu 4.73/5.73 commit 0.01/0.01 wait 0.00/2.48] demod 1.31/10.15 present 0.09/0.13 TOTAL 10.54/21.78 | WALL-FPS 48.7
[n0i] frames=780 640x480→640x480 (ms median/p95 vs 16.67): trace 5.01/9.67 gather 0.87/1.23 net[wall 0.01/2.42 gpu 4.73/5.70 commit 0.01/0.01 wait 0.00/2.41] demod 1.25/10.07 present 0.09/0.13 TOTAL 10.46/21.70 | WALL-FPS 48.9
[n0i] frames=840 640x480→640x480 (ms median/p95 vs 16.67): trace 4.85/9.59 gather 0.86/1.22 net[wall 0.01/2.31 gpu 4.73/5.69 commit 0.01/0.01 wait 0.00/2.30] demod 1.25/10.11 present 0.09/0.13 TOTAL 10.41/21.18 | WALL-FPS 49.1
[n0i] frames=900 640x480→640x480 (ms median/p95 vs 16.67): trace 4.70/9.52 gather 0.86/1.20 net[wall 0.01/2.28 gpu 4.73/5.64 commit 0.01/0.01 wait 0.00/2.26] demod 1.25/10.11 present 0.09/0.13 TOTAL 10.38/20.91 | WALL-FPS 49.3
[n0i] frames=960 640x480→640x480 (ms median/p95 vs 16.67): trace 4.60/9.45 gather 0.85/1.20 net[wall 0.01/2.21 gpu 4.73/5.62 commit 0.01/0.01 wait 0.00/2.19] demod 1.25/10.21 present 0.09/0.13 TOTAL 10.36/20.81 | WALL-FPS 49.5
[n0i] frames=1020 640x480→640x480 (ms median/p95 vs 16.67): trace 4.53/9.41 gather 0.85/1.19 net[wall 0.01/2.04 gpu 4.72/5.61 commit 0.01/0.01 wait 0.00/2.03] demod 1.25/10.21 present 0.08/0.13 TOTAL 10.32/20.51 | WALL-FPS 49.6
=== /budget (instrument) ===
{"frames":1062,"wall_ms":16.67,"wall_fps":49.75,"path":"mpsgraph","canvas":[640,480],"stages":{"trace":[4.459,9.353],"gather":[0.849,1.183],"net_wall":[0.012,1.988],"net_gpu":[4.723,5.595],"net_commit":[0.005,0.009],"net_wait":[0.001,1.972],"demod":[1.247,10.188],"present":[0.085,0.125],"total":[10.278,20.392]},"outside":{"world":[7.042,7.354],"readback":[0.000,0.000],"http":[0.273,0.515],"loop_total":[17.602,27.746]},"world_stages":{"skin":[6.031,6.216],"gather":[0.065,0.089],"splice":[0.158,0.188],"upload":[0.447,0.566]}}
=== wall-fps tail (instrument) ===
