[package] scrying-glass v0.1.0 registered
[world] /Users/pascaldisse/projects/magic-crystal-neural-live/worlds/naruko scene(s)=["main"] entities=45 chains=23 clusters=913 transmute=71.9ms
[embodiment] spawn eye=Vec3(0.0, 7.0, 44.0) yaw=0 floor_triangles=10464 tick_dt=0.016666668
[pleroma] BVH nodes=15487 triangles=23192 (static 12368 + dynamic 10824) build=13.0ms; 22 dynamic entit(ies) — living layer
[pleroma] traced integrator spp=2 bounces=4 rr_start=2 — first_light is dead
[wgpu] traced 640x480 → upscale → surface 960x640 (bilinear); Bgra8UnormSrgb
[frame] trace 640x480 → offscreen 960x640: median 7.55ms mean 7.72ms/frame (spp=2, 60-frame sample)
[scry] GET http://127.0.0.1:8465/scry (alias: /screenshot; optional pos/yaw/pitch/fov/w/h)
[embodiment] GET http://127.0.0.1:8465/pose · POST http://127.0.0.1:8465/walk {keys,yaw?,pitch?,ticks?}
[offscreen] GAIA_NATIVE_OFFSCREEN=true: NO NSWindow — rendering to offscreen 960x640; /scry (?eye=belief|presented), /budget, /state on http://127.0.0.1:8465
[n0c] net-present rig pooled (God's res): trace 640x480 → net 640x480 → nearest blit → surface 960x640 (307200 px)
[n0i] frames=60 640x480→640x480 (ms median/p95 vs 16.67): trace 9.46/14.88 gather 1.01/1.40 net[wall 0.04/13.64 gpu 5.55/9.90 commit 0.01/0.01 wait 0.00/13.62] demod 0.07/0.12 present 0.10/0.16 TOTAL 14.81/22.52 | WALL-FPS 51.2
[n0i] frames=120 640x480→640x480 (ms median/p95 vs 16.67): trace 9.64/17.98 gather 1.05/1.93 net[wall 0.07/17.03 gpu 6.64/12.06 commit 0.01/0.01 wait 0.01/16.97] demod 0.07/0.14 present 0.10/0.14 TOTAL 16.20/26.73 | WALL-FPS 48.3
[n0i] frames=180 640x480→640x480 (ms median/p95 vs 16.67): trace 10.40/18.81 gather 1.07/3.58 net[wall 0.10/15.76 gpu 7.33/12.62 commit 0.01/0.02 wait 0.05/15.73] demod 0.07/0.14 present 0.10/0.14 TOTAL 17.81/28.22 | WALL-FPS 47.3
[n0i] frames=240 640x480→640x480 (ms median/p95 vs 16.67): trace 10.46/18.43 gather 1.06/2.82 net[wall 0.09/15.38 gpu 7.32/12.61 commit 0.01/0.02 wait 0.02/15.34] demod 0.07/0.13 present 0.10/0.14 TOTAL 17.55/26.73 | WALL-FPS 47.5
[n0i] frames=300 640x480→640x480 (ms median/p95 vs 16.67): trace 10.26/18.04 gather 1.05/2.27 net[wall 0.06/14.72 gpu 7.22/12.29 commit 0.01/0.02 wait 0.01/14.70] demod 0.07/0.12 present 0.09/0.14 TOTAL 16.69/26.35 | WALL-FPS 48.5
[n0i] frames=360 640x480→640x480 (ms median/p95 vs 16.67): trace 9.91/17.61 gather 1.04/2.50 net[wall 0.06/14.62 gpu 6.95/12.19 commit 0.01/0.01 wait 0.00/14.60] demod 0.07/0.12 present 0.09/0.14 TOTAL 15.80/26.12 | WALL-FPS 49.6
[n0i] frames=420 640x480→640x480 (ms median/p95 vs 16.67): trace 9.64/17.17 gather 1.03/2.48 net[wall 0.06/14.62 gpu 6.83/12.07 commit 0.01/0.01 wait 0.00/14.60] demod 0.07/0.12 present 0.09/0.14 TOTAL 15.53/25.79 | WALL-FPS 50.3
[n0i] frames=480 640x480→640x480 (ms median/p95 vs 16.67): trace 9.42/16.84 gather 1.03/2.48 net[wall 0.06/14.62 gpu 6.61/11.97 commit 0.01/0.01 wait 0.00/14.60] demod 0.06/0.12 present 0.09/0.14 TOTAL 14.98/25.41 | WALL-FPS 50.8
[n0i] frames=540 640x480→640x480 (ms median/p95 vs 16.67): trace 9.13/16.39 gather 1.02/2.48 net[wall 0.05/14.30 gpu 6.48/11.74 commit 0.01/0.01 wait 0.00/14.27] demod 0.06/0.12 present 0.09/0.14 TOTAL 14.81/25.27 | WALL-FPS 51.3
[n0i] frames=600 640x480→640x480 (ms median/p95 vs 16.67): trace 8.86/16.17 gather 1.02/2.43 net[wall 0.05/14.22 gpu 6.31/11.69 commit 0.01/0.01 wait 0.00/14.17] demod 0.06/0.12 present 0.09/0.14 TOTAL 14.43/25.02 | WALL-FPS 51.8
[n0i] frames=660 640x480→640x480 (ms median/p95 vs 16.67): trace 8.69/15.93 gather 1.02/2.39 net[wall 0.04/14.30 gpu 6.26/11.55 commit 0.01/0.01 wait 0.00/14.27] demod 0.06/0.12 present 0.09/0.14 TOTAL 14.23/24.57 | WALL-FPS 52.1
[n0i] frames=720 640x480→640x480 (ms median/p95 vs 16.67): trace 8.51/15.76 gather 1.02/2.43 net[wall 0.04/14.22 gpu 6.15/11.49 commit 0.01/0.01 wait 0.00/14.17] demod 0.06/0.12 present 0.09/0.14 TOTAL 14.01/24.57 | WALL-FPS 52.3
[n0i] frames=780 640x480→640x480 (ms median/p95 vs 16.67): trace 8.19/15.57 gather 1.01/2.39 net[wall 0.04/14.09 gpu 5.92/11.38 commit 0.01/0.01 wait 0.00/14.07] demod 0.06/0.12 present 0.09/0.14 TOTAL 13.36/24.22 | WALL-FPS 52.7
[n0i] frames=840 640x480→640x480 (ms median/p95 vs 16.67): trace 7.96/15.47 gather 1.00/2.39 net[wall 0.03/14.00 gpu 5.72/11.17 commit 0.01/0.01 wait 0.00/13.98] demod 0.06/0.12 present 0.09/0.14 TOTAL 12.86/24.12 | WALL-FPS 53.1
[n0i] frames=900 640x480→640x480 (ms median/p95 vs 16.67): trace 7.92/15.47 gather 1.01/2.49 net[wall 0.03/14.05 gpu 5.69/11.07 commit 0.01/0.01 wait 0.00/14.03] demod 0.06/0.12 present 0.09/0.14 TOTAL 12.72/23.72 | WALL-FPS 53.1
[n0i] frames=960 640x480→640x480 (ms median/p95 vs 16.67): trace 7.91/15.52 gather 1.01/2.49 net[wall 0.03/14.00 gpu 5.64/10.95 commit 0.01/0.01 wait 0.00/13.98] demod 0.06/0.12 present 0.09/0.14 TOTAL 12.70/23.69 | WALL-FPS 53.2
[n0i] frames=1020 640x480→640x480 (ms median/p95 vs 16.67): trace 7.88/15.52 gather 1.01/2.93 net[wall 0.03/14.05 gpu 5.62/10.94 commit 0.01/0.01 wait 0.00/14.03] demod 0.06/0.12 present 0.09/0.14 TOTAL 12.70/23.72 | WALL-FPS 52.9
[n0i] frames=1080 640x480→640x480 (ms median/p95 vs 16.67): trace 7.75/15.45 gather 1.01/2.75 net[wall 0.03/13.99 gpu 5.56/10.88 commit 0.01/0.01 wait 0.00/13.97] demod 0.06/0.12 present 0.09/0.14 TOTAL 12.38/23.71 | WALL-FPS 53.1
[n0i] frames=1140 640x480→640x480 (ms median/p95 vs 16.67): trace 7.64/15.28 gather 1.00/2.63 net[wall 0.03/13.79 gpu 5.52/10.78 commit 0.01/0.01 wait 0.00/13.77] demod 0.06/0.12 present 0.09/0.14 TOTAL 12.15/23.68 | WALL-FPS 53.3
[n0i] frames=1200 640x480→640x480 (ms median/p95 vs 16.67): trace 7.60/14.98 gather 1.00/2.63 net[wall 0.03/13.71 gpu 5.51/10.65 commit 0.01/0.01 wait 0.00/13.69] demod 0.06/0.12 present 0.09/0.14 TOTAL 11.94/23.33 | WALL-FPS 53.4
[n0i] frames=1260 640x480→640x480 (ms median/p95 vs 16.67): trace 7.59/14.88 gather 0.99/2.51 net[wall 0.03/13.59 gpu 5.48/10.45 commit 0.01/0.01 wait 0.00/13.53] demod 0.06/0.12 present 0.09/0.14 TOTAL 11.90/23.09 | WALL-FPS 53.6
[n0i] frames=1320 640x480→640x480 (ms median/p95 vs 16.67): trace 7.55/14.97 gather 0.99/2.49 net[wall 0.03/13.43 gpu 5.47/10.26 commit 0.01/0.01 wait 0.00/13.41] demod 0.06/0.12 present 0.09/0.14 TOTAL 11.84/22.98 | WALL-FPS 53.7
[n0i] frames=1380 640x480→640x480 (ms median/p95 vs 16.67): trace 7.55/14.88 gather 0.99/2.48 net[wall 0.03/13.42 gpu 5.47/10.26 commit 0.01/0.01 wait 0.00/13.39] demod 0.06/0.12 present 0.09/0.14 TOTAL 11.85/22.97 | WALL-FPS 53.8
[n0i] frames=1440 640x480→640x480 (ms median/p95 vs 16.67): trace 7.54/14.96 gather 0.98/2.39 net[wall 0.03/13.40 gpu 5.47/10.20 commit 0.01/0.01 wait 0.00/13.38] demod 0.06/0.12 present 0.09/0.14 TOTAL 11.88/22.94 | WALL-FPS 53.8
[n0i] frames=1500 640x480→640x480 (ms median/p95 vs 16.67): trace 7.54/14.96 gather 0.98/2.34 net[wall 0.03/13.32 gpu 5.47/10.06 commit 0.01/0.01 wait 0.00/13.29] demod 0.06/0.12 present 0.09/0.13 TOTAL 11.89/22.70 | WALL-FPS 53.9
[n0i] frames=1560 640x480→640x480 (ms median/p95 vs 16.67): trace 7.52/14.90 gather 0.98/2.34 net[wall 0.03/13.23 gpu 5.48/10.02 commit 0.01/0.01 wait 0.00/13.20] demod 0.06/0.12 present 0.09/0.13 TOTAL 11.91/22.57 | WALL-FPS 53.9
[n0i] frames=1620 640x480→640x480 (ms median/p95 vs 16.67): trace 7.52/14.97 gather 0.98/2.32 net[wall 0.03/13.21 gpu 5.48/9.92 commit 0.01/0.01 wait 0.00/13.19] demod 0.05/0.12 present 0.08/0.13 TOTAL 11.91/22.52 | WALL-FPS 53.9
=== /budget (fused-on2) ===
{"frames":1652,"wall_ms":16.67,"wall_fps":53.96,"path":"mpsgraph","canvas":[640,480],"stages":{"trace":[7.529,14.900],"gather":[0.980,2.272],"net_wall":[0.031,13.147],"net_gpu":[5.468,9.885],"net_commit":[0.005,0.012],"net_wait":[0.002,13.106],"demod":[0.055,0.118],"present":[0.085,0.134],"total":[11.896,22.446]},"outside":{"world":[1.714,2.279],"readback":[0.000,0.000],"http":[0.634,1.246],"loop_total":[14.500,24.818]},"world_stages":{"skin":[0.680,1.118],"command":[0.535,0.645],"tick":[0.139,0.642],"kami":[0.032,0.045],"apply":[0.010,0.015],"physics":[0.073,0.574],"rederive":[0.018,0.023],"solver_step":[0.049,0.548],"poll":[0.021,0.029],"gather":[0.060,0.088],"splice":[0.171,0.211],"upload":[0.456,0.580]}}
=== wall-fps tail (fused-on2) ===
