[package] scrying-glass v0.1.0 registered
[world] /Users/pascaldisse/projects/magic-crystal-neural-live/worlds/naruko scene(s)=["main"] entities=45 chains=23 clusters=913 transmute=76.7ms
[embodiment] spawn eye=Vec3(0.0, 7.0, 44.0) yaw=0 floor_triangles=10464 tick_dt=0.016666668
[pleroma] BVH nodes=15487 triangles=23192 (static 12368 + dynamic 10824) build=14.1ms; 22 dynamic entit(ies) — living layer
[pleroma] traced integrator spp=2 bounces=4 rr_start=2 — first_light is dead
[wgpu] traced 640x480 → upscale → surface 960x640 (bilinear); Bgra8UnormSrgb
[frame] trace 640x480 → offscreen 960x640: median 9.56ms mean 9.64ms/frame (spp=2, 60-frame sample)
[scry] GET http://127.0.0.1:8467/scry (alias: /screenshot; optional pos/yaw/pitch/fov/w/h)
[embodiment] GET http://127.0.0.1:8467/pose · POST http://127.0.0.1:8467/walk {keys,yaw?,pitch?,ticks?}
[offscreen] GAIA_NATIVE_OFFSCREEN=true: NO NSWindow — rendering to offscreen 960x640; /scry (?eye=belief|presented), /budget, /state on http://127.0.0.1:8467
[n0c] net-present rig pooled (God's res): trace 640x480 → net 640x480 → nearest blit → surface 960x640 (307200 px)
[n0i] frames=60 640x480→640x480 (ms median/p95 vs 16.67): trace 0.16/0.53 gather 9.39/14.89 net[wall 2.28/20.45 gpu 5.71/11.23 commit 0.01/0.04 wait 2.27/20.43] demod 3.32/11.07 present 0.11/0.34 TOTAL 17.56/34.81 | WALL-FPS 33.8
[n0i] frames=120 640x480→640x480 (ms median/p95 vs 16.67): trace 0.15/0.37 gather 10.31/14.94 net[wall 0.93/17.78 gpu 5.96/11.53 commit 0.01/0.04 wait 0.91/17.72] demod 3.50/10.09 present 0.11/0.25 TOTAL 18.80/37.40 | WALL-FPS 37.2
[n0i] frames=180 640x480→640x480 (ms median/p95 vs 16.67): trace 0.16/0.42 gather 11.14/16.12 net[wall 0.93/17.37 gpu 6.02/12.62 commit 0.01/0.03 wait 0.91/17.35] demod 3.57/10.94 present 0.11/0.21 TOTAL 19.41/37.41 | WALL-FPS 37.8
[n0i] frames=240 640x480→640x480 (ms median/p95 vs 16.67): trace 0.16/0.37 gather 10.59/15.93 net[wall 1.16/17.14 gpu 6.05/11.99 commit 0.01/0.03 wait 1.13/17.12] demod 3.57/10.94 present 0.11/0.21 TOTAL 18.80/36.24 | WALL-FPS 39.2
[n0i] frames=300 640x480→640x480 (ms median/p95 vs 16.67): trace 0.15/0.30 gather 10.21/15.65 net[wall 1.16/17.14 gpu 6.02/11.70 commit 0.01/0.03 wait 1.13/17.12] demod 3.32/10.86 present 0.11/0.20 TOTAL 17.66/35.05 | WALL-FPS 40.7
[n0i] frames=360 640x480→640x480 (ms median/p95 vs 16.67): trace 0.16/0.30 gather 9.70/15.30 net[wall 1.39/16.55 gpu 5.89/11.44 commit 0.01/0.03 wait 1.36/16.54] demod 3.27/10.86 present 0.11/0.20 TOTAL 17.00/34.49 | WALL-FPS 42.0
[n0i] frames=420 640x480→640x480 (ms median/p95 vs 16.67): trace 0.16/0.29 gather 9.25/14.94 net[wall 1.39/16.50 gpu 5.83/11.33 commit 0.01/0.03 wait 1.36/16.48] demod 3.35/10.83 present 0.11/0.20 TOTAL 16.63/34.12 | WALL-FPS 43.0
[n0i] frames=480 640x480→640x480 (ms median/p95 vs 16.67): trace 0.16/0.29 gather 8.92/14.65 net[wall 1.16/16.50 gpu 5.82/11.09 commit 0.01/0.03 wait 1.13/16.48] demod 3.31/10.67 present 0.11/0.19 TOTAL 16.01/33.17 | WALL-FPS 43.8
[n0i] frames=540 640x480→640x480 (ms median/p95 vs 16.67): trace 0.16/0.28 gather 8.60/14.65 net[wall 1.11/16.09 gpu 5.80/10.97 commit 0.01/0.03 wait 1.08/16.07] demod 3.27/10.83 present 0.10/0.19 TOTAL 15.91/32.44 | WALL-FPS 44.4
[n0i] frames=600 640x480→640x480 (ms median/p95 vs 16.67): trace 0.16/0.28 gather 8.40/14.53 net[wall 0.74/16.09 gpu 5.79/10.90 commit 0.01/0.03 wait 0.71/16.07] demod 3.24/10.86 present 0.10/0.19 TOTAL 15.68/32.02 | WALL-FPS 44.7
[n0i] frames=660 640x480→640x480 (ms median/p95 vs 16.67): trace 0.16/0.28 gather 8.15/14.53 net[wall 0.11/16.06 gpu 5.76/10.71 commit 0.01/0.03 wait 0.03/16.04] demod 3.21/10.94 present 0.10/0.18 TOTAL 15.39/31.84 | WALL-FPS 45.1
[n0i] frames=720 640x480→640x480 (ms median/p95 vs 16.67): trace 0.16/0.28 gather 8.01/14.27 net[wall 0.22/16.19 gpu 5.73/10.59 commit 0.01/0.02 wait 0.21/16.15] demod 3.24/10.83 present 0.10/0.18 TOTAL 15.28/31.30 | WALL-FPS 45.5
[n0i] frames=780 640x480→640x480 (ms median/p95 vs 16.67): trace 0.16/0.28 gather 7.93/14.10 net[wall 0.22/16.09 gpu 5.73/10.46 commit 0.01/0.02 wait 0.21/16.07] demod 3.24/10.86 present 0.10/0.18 TOTAL 15.21/31.12 | WALL-FPS 45.7
[n0i] frames=840 640x480→640x480 (ms median/p95 vs 16.67): trace 0.16/0.28 gather 7.81/13.99 net[wall 0.10/16.26 gpu 5.73/10.40 commit 0.01/0.02 wait 0.02/16.22] demod 3.27/10.86 present 0.10/0.18 TOTAL 14.93/31.12 | WALL-FPS 45.9
[n0i] frames=900 640x480→640x480 (ms median/p95 vs 16.67): trace 0.16/0.28 gather 7.78/13.89 net[wall 0.06/16.19 gpu 5.73/10.30 commit 0.01/0.02 wait 0.02/16.15] demod 3.32/10.83 present 0.10/0.18 TOTAL 14.88/30.85 | WALL-FPS 46.1
[n0i] frames=960 640x480→640x480 (ms median/p95 vs 16.67): trace 0.16/0.28 gather 7.77/13.89 net[wall 0.07/16.26 gpu 5.73/10.35 commit 0.01/0.02 wait 0.02/16.22] demod 3.31/10.83 present 0.10/0.17 TOTAL 14.88/30.53 | WALL-FPS 46.2
[n0i] frames=1020 640x480→640x480 (ms median/p95 vs 16.67): trace 0.16/0.28 gather 7.85/13.99 net[wall 0.06/16.09 gpu 5.73/10.35 commit 0.01/0.02 wait 0.02/16.07] demod 3.41/10.86 present 0.10/0.17 TOTAL 14.98/30.53 | WALL-FPS 46.1
[n0i] frames=1080 640x480→640x480 (ms median/p95 vs 16.67): trace 0.16/0.28 gather 8.00/14.05 net[wall 0.06/16.06 gpu 5.73/10.23 commit 0.01/0.02 wait 0.01/16.04] demod 3.49/11.03 present 0.10/0.17 TOTAL 15.05/30.44 | WALL-FPS 46.0
[n0i] frames=1140 640x480→640x480 (ms median/p95 vs 16.67): trace 0.16/0.28 gather 8.07/13.99 net[wall 0.06/16.05 gpu 5.73/10.30 commit 0.01/0.02 wait 0.01/16.02] demod 3.55/11.05 present 0.11/0.17 TOTAL 15.20/30.40 | WALL-FPS 46.0
[n0i] frames=1200 640x480→640x480 (ms median/p95 vs 16.67): trace 0.16/0.28 gather 8.09/13.96 net[wall 0.09/16.05 gpu 5.74/10.35 commit 0.01/0.02 wait 0.02/16.02] demod 3.59/11.03 present 0.11/0.17 TOTAL 15.29/30.27 | WALL-FPS 46.0
[n0i] frames=1260 640x480→640x480 (ms median/p95 vs 16.67): trace 0.16/0.28 gather 8.15/13.96 net[wall 0.07/16.04 gpu 5.74/10.36 commit 0.01/0.02 wait 0.02/16.02] demod 3.59/11.05 present 0.11/0.17 TOTAL 15.36/30.33 | WALL-FPS 46.0
[n0i] frames=1320 640x480→640x480 (ms median/p95 vs 16.67): trace 0.16/0.28 gather 8.21/13.96 net[wall 0.07/16.05 gpu 5.74/10.41 commit 0.01/0.02 wait 0.02/16.02] demod 3.59/11.08 present 0.11/0.18 TOTAL 15.39/30.44 | WALL-FPS 45.8
[n0i] frames=1380 640x480→640x480 (ms median/p95 vs 16.67): trace 0.16/0.28 gather 8.29/13.92 net[wall 0.07/16.05 gpu 5.75/10.47 commit 0.01/0.02 wait 0.02/16.02] demod 3.63/11.04 present 0.11/0.18 TOTAL 15.54/30.53 | WALL-FPS 45.7
=== /budget (async-only) ===
{"frames":1405,"wall_ms":16.67,"wall_fps":45.66,"path":"mpsgraph","canvas":[640,480],"stages":{"trace":[0.157,0.282],"gather":[8.359,13.994],"net_wall":[0.068,16.042],"net_gpu":[5.750,10.463],"net_commit":[0.011,0.023],"net_wait":[0.017,16.020],"demod":[3.618,11.044],"present":[0.105,0.184],"total":[15.568,30.519]},"outside":{"world":[1.832,2.642],"readback":[0.000,0.000],"http":[0.580,1.178],"loop_total":[18.218,33.338]},"world_stages":{"skin":[0.717,1.235],"command":[0.561,0.724],"tick":[0.143,0.699],"kami":[0.034,0.049],"apply":[0.010,0.016],"physics":[0.076,0.608],"rederive":[0.019,0.025],"solver_step":[0.051,0.580],"poll":[0.023,0.034],"gather":[0.065,0.104],"splice":[0.178,0.255],"upload":[0.500,0.716]}}
=== wall-fps tail (async-only) ===
