[package] scrying-glass v0.1.0 registered
[world] /Users/pascaldisse/projects/magic-crystal-neural-live/worlds/naruko scene(s)=["main"] entities=45 chains=23 clusters=913 transmute=72.3ms
[embodiment] spawn eye=Vec3(0.0, 7.0, 44.0) yaw=0 floor_triangles=10464 tick_dt=0.016666668
[pleroma] BVH nodes=15487 triangles=23192 (static 12368 + dynamic 10824) build=13.1ms; 22 dynamic entit(ies) — living layer
[pleroma] traced integrator spp=2 bounces=4 rr_start=2 — first_light is dead
[wgpu] traced 640x480 → upscale → surface 960x640 (bilinear); Bgra8UnormSrgb
[frame] trace 640x480 → offscreen 960x640: median 7.57ms mean 7.74ms/frame (spp=2, 60-frame sample)
[scry] GET http://127.0.0.1:8464/scry (alias: /screenshot; optional pos/yaw/pitch/fov/w/h)
[embodiment] GET http://127.0.0.1:8464/pose · POST http://127.0.0.1:8464/walk {keys,yaw?,pitch?,ticks?}
[offscreen] GAIA_NATIVE_OFFSCREEN=true: NO NSWindow — rendering to offscreen 960x640; /scry (?eye=belief|presented), /budget, /state on http://127.0.0.1:8464
[n0c] net-present rig pooled (God's res): trace 640x480 → net 640x480 → nearest blit → surface 960x640 (307200 px)
[n0i] frames=60 640x480→640x480 (ms median/p95 vs 16.67): trace 7.46/18.65 gather 1.03/1.82 net[wall 0.02/18.87 gpu 5.31/9.77 commit 0.01/0.01 wait 0.00/18.85] demod 0.72/9.31 present 0.09/0.15 TOTAL 15.35/29.01 | WALL-FPS 41.9
[n0i] frames=120 640x480→640x480 (ms median/p95 vs 16.67): trace 8.65/18.73 gather 1.03/3.67 net[wall 0.02/13.09 gpu 5.39/10.55 commit 0.01/0.01 wait 0.00/13.08] demod 0.69/9.76 present 0.09/0.15 TOTAL 15.35/28.75 | WALL-FPS 43.4
[n0i] frames=180 640x480→640x480 (ms median/p95 vs 16.67): trace 9.01/18.65 gather 1.03/3.94 net[wall 0.02/13.86 gpu 5.48/11.75 commit 0.01/0.01 wait 0.00/13.85] demod 0.69/9.25 present 0.08/0.15 TOTAL 16.08/29.45 | WALL-FPS 44.2
[n0i] frames=240 640x480→640x480 (ms median/p95 vs 16.67): trace 9.16/18.72 gather 1.02/3.90 net[wall 0.02/13.09 gpu 5.44/11.63 commit 0.01/0.01 wait 0.00/13.08] demod 0.68/9.11 present 0.09/0.14 TOTAL 16.08/29.37 | WALL-FPS 44.8
[n0i] frames=300 640x480→640x480 (ms median/p95 vs 16.67): trace 8.76/18.30 gather 1.01/3.67 net[wall 0.01/13.53 gpu 5.45/11.20 commit 0.01/0.01 wait 0.00/13.51] demod 0.67/9.11 present 0.08/0.13 TOTAL 15.12/29.20 | WALL-FPS 45.8
[n0i] frames=360 640x480→640x480 (ms median/p95 vs 16.67): trace 8.39/18.01 gather 1.00/2.62 net[wall 0.01/13.09 gpu 5.39/11.04 commit 0.01/0.01 wait 0.00/13.08] demod 0.67/9.47 present 0.08/0.13 TOTAL 14.63/29.01 | WALL-FPS 46.8
[n0i] frames=420 640x480→640x480 (ms median/p95 vs 16.67): trace 7.98/17.73 gather 0.99/2.47 net[wall 0.01/12.77 gpu 5.39/10.60 commit 0.01/0.01 wait 0.00/12.76] demod 0.67/9.47 present 0.08/0.13 TOTAL 14.45/28.69 | WALL-FPS 47.5
[n0i] frames=480 640x480→640x480 (ms median/p95 vs 16.67): trace 7.66/17.37 gather 0.99/2.22 net[wall 0.01/12.90 gpu 5.39/10.50 commit 0.01/0.01 wait 0.00/12.89] demod 0.66/9.25 present 0.08/0.13 TOTAL 14.30/28.30 | WALL-FPS 48.0
[n0i] frames=540 640x480→640x480 (ms median/p95 vs 16.67): trace 7.37/16.86 gather 0.98/2.20 net[wall 0.01/12.84 gpu 5.36/10.29 commit 0.01/0.01 wait 0.00/12.82] demod 0.65/9.36 present 0.08/0.13 TOTAL 13.77/27.93 | WALL-FPS 48.6
[n0i] frames=600 640x480→640x480 (ms median/p95 vs 16.67): trace 7.05/15.95 gather 0.98/2.20 net[wall 0.01/12.84 gpu 5.36/10.03 commit 0.01/0.01 wait 0.00/12.82] demod 0.66/9.60 present 0.08/0.14 TOTAL 13.59/27.57 | WALL-FPS 48.8
[n0i] frames=660 640x480→640x480 (ms median/p95 vs 16.67): trace 6.99/15.61 gather 0.98/2.22 net[wall 0.01/12.77 gpu 5.37/9.88 commit 0.01/0.01 wait 0.00/12.76] demod 0.66/9.36 present 0.08/0.14 TOTAL 13.59/27.32 | WALL-FPS 49.0
[n0i] frames=720 640x480→640x480 (ms median/p95 vs 16.67): trace 6.81/15.24 gather 0.98/2.28 net[wall 0.01/12.65 gpu 5.36/9.77 commit 0.01/0.01 wait 0.00/12.64] demod 0.66/9.60 present 0.08/0.13 TOTAL 13.40/26.95 | WALL-FPS 49.2
[n0i] frames=780 640x480→640x480 (ms median/p95 vs 16.67): trace 6.74/15.10 gather 0.98/2.36 net[wall 0.01/12.58 gpu 5.36/9.74 commit 0.01/0.01 wait 0.00/12.57] demod 0.66/9.36 present 0.08/0.13 TOTAL 13.15/26.83 | WALL-FPS 49.4
[n0i] frames=840 640x480→640x480 (ms median/p95 vs 16.67): trace 6.61/14.40 gather 0.98/2.28 net[wall 0.01/12.58 gpu 5.34/9.70 commit 0.01/0.01 wait 0.00/12.57] demod 0.66/9.47 present 0.08/0.13 TOTAL 12.77/26.77 | WALL-FPS 49.6
[n0i] frames=900 640x480→640x480 (ms median/p95 vs 16.67): trace 6.41/14.25 gather 0.98/2.28 net[wall 0.01/12.65 gpu 5.34/9.62 commit 0.01/0.01 wait 0.00/12.64] demod 0.67/9.60 present 0.08/0.13 TOTAL 12.53/26.63 | WALL-FPS 49.7
[n0i] frames=960 640x480→640x480 (ms median/p95 vs 16.67): trace 6.33/14.34 gather 0.98/2.47 net[wall 0.01/12.76 gpu 5.37/9.48 commit 0.01/0.01 wait 0.00/12.74] demod 0.67/9.47 present 0.08/0.13 TOTAL 12.54/26.56 | WALL-FPS 49.7
[n0i] frames=1020 640x480→640x480 (ms median/p95 vs 16.67): trace 6.22/14.34 gather 0.99/2.62 net[wall 0.01/12.77 gpu 5.37/9.45 commit 0.01/0.01 wait 0.00/12.75] demod 0.68/9.44 present 0.08/0.13 TOTAL 12.54/26.56 | WALL-FPS 49.8
[n0i] frames=1080 640x480→640x480 (ms median/p95 vs 16.67): trace 6.22/14.06 gather 0.99/2.71 net[wall 0.01/12.67 gpu 5.37/9.40 commit 0.01/0.01 wait 0.00/12.65] demod 0.67/9.36 present 0.08/0.13 TOTAL 12.54/26.42 | WALL-FPS 49.8
[n0i] frames=1140 640x480→640x480 (ms median/p95 vs 16.67): trace 6.13/14.20 gather 0.99/2.68 net[wall 0.01/12.67 gpu 5.37/9.40 commit 0.01/0.01 wait 0.00/12.65] demod 0.67/9.36 present 0.08/0.13 TOTAL 12.53/26.21 | WALL-FPS 49.9
[n0i] frames=1200 640x480→640x480 (ms median/p95 vs 16.67): trace 6.15/14.34 gather 0.99/2.62 net[wall 0.01/12.64 gpu 5.37/9.39 commit 0.01/0.01 wait 0.00/12.62] demod 0.67/9.31 present 0.08/0.13 TOTAL 12.44/26.20 | WALL-FPS 49.9
[n0i] frames=1260 640x480→640x480 (ms median/p95 vs 16.67): trace 6.15/14.34 gather 0.98/2.66 net[wall 0.01/12.64 gpu 5.36/9.31 commit 0.01/0.01 wait 0.00/12.60] demod 0.67/9.41 present 0.08/0.13 TOTAL 12.53/26.20 | WALL-FPS 49.8
[n0i] frames=1320 640x480→640x480 (ms median/p95 vs 16.67): trace 6.19/14.40 gather 0.98/2.60 net[wall 0.01/12.61 gpu 5.34/9.21 commit 0.01/0.01 wait 0.00/12.59] demod 0.67/9.57 present 0.08/0.13 TOTAL 12.53/26.09 | WALL-FPS 49.9
[n0i] frames=1380 640x480→640x480 (ms median/p95 vs 16.67): trace 6.27/14.71 gather 0.98/2.47 net[wall 0.01/12.58 gpu 5.34/9.17 commit 0.01/0.01 wait 0.00/12.57] demod 0.66/9.57 present 0.08/0.13 TOTAL 12.54/26.08 | WALL-FPS 49.8
[n0i] frames=1440 640x480→640x480 (ms median/p95 vs 16.67): trace 6.34/14.87 gather 0.98/2.42 net[wall 0.01/12.58 gpu 5.34/9.16 commit 0.01/0.01 wait 0.00/12.57] demod 0.66/9.53 present 0.08/0.13 TOTAL 12.57/26.08 | WALL-FPS 49.8
[n0i] frames=1500 640x480→640x480 (ms median/p95 vs 16.67): trace 6.40/14.89 gather 0.98/2.37 net[wall 0.01/12.51 gpu 5.34/9.16 commit 0.01/0.01 wait 0.00/12.50] demod 0.66/9.53 present 0.08/0.13 TOTAL 12.60/26.08 | WALL-FPS 49.8
=== /budget (baseline-off2) ===
{"frames":1526,"wall_ms":16.67,"wall_fps":49.76,"path":"mpsgraph","canvas":[640,480],"stages":{"trace":[6.431,15.031],"gather":[0.978,2.365],"net_wall":[0.013,12.544],"net_gpu":[5.342,9.165],"net_commit":[0.006,0.012],"net_wait":[0.001,12.526],"demod":[0.663,9.528],"present":[0.083,0.127],"total":[12.605,26.078]},"outside":{"world":[1.707,2.306],"readback":[0.000,0.000],"http":[0.596,1.158],"loop_total":[15.227,28.591]},"world_stages":{"skin":[0.682,1.089],"command":[0.531,0.653],"tick":[0.136,0.640],"kami":[0.032,0.044],"apply":[0.010,0.015],"physics":[0.071,0.570],"rederive":[0.018,0.023],"solver_step":[0.049,0.544],"poll":[0.020,0.028],"gather":[0.061,0.089],"splice":[0.169,0.215],"upload":[0.452,0.579]}}
=== wall-fps tail (baseline-off2) ===
