[package] scrying-glass v0.1.0 registered
[world] /Users/pascaldisse/projects/magic-crystal-neural-live/worlds/naruko scene(s)=["main"] entities=45 chains=23 clusters=913 transmute=73.3ms
[embodiment] spawn eye=Vec3(0.0, 7.0, 44.0) yaw=0 floor_triangles=10464 tick_dt=0.016666668
[pleroma] BVH nodes=15487 triangles=23192 (static 12368 + dynamic 10824) build=13.5ms; 22 dynamic entit(ies) — living layer
[pleroma] traced integrator spp=2 bounces=4 rr_start=2 — first_light is dead
[wgpu] traced 640x480 → upscale → surface 960x640 (bilinear); Bgra8UnormSrgb
[frame] trace 640x480 → offscreen 960x640: median 7.58ms mean 7.82ms/frame (spp=2, 60-frame sample)
[scry] GET http://127.0.0.1:8435/scry (alias: /screenshot; optional pos/yaw/pitch/fov/w/h)
[embodiment] GET http://127.0.0.1:8435/pose · POST http://127.0.0.1:8435/walk {keys,yaw?,pitch?,ticks?}
[offscreen] GAIA_NATIVE_OFFSCREEN=true: NO NSWindow — rendering to offscreen 960x640; /scry (?eye=belief|presented), /budget, /state on http://127.0.0.1:8435
[n0c] net-present rig pooled (God's res): trace 640x480 → net 640x480 → nearest blit → surface 960x640 (307200 px)
[n0i] frames=60 640x480→640x480 (ms median/p95 vs 16.67): trace 18.26/33.44 gather 2.00/3.93 net[wall 0.04/39.86 gpu 7.33/15.70 commit 0.01/0.02 wait 0.00/39.84] demod 0.23/0.52 present 0.08/0.18 TOTAL 27.81/65.32 | WALL-FPS 26.4
[n0i] frames=120 640x480→640x480 (ms median/p95 vs 16.67): trace 22.38/27.22 gather 1.91/3.33 net[wall 0.03/30.84 gpu 6.47/16.83 commit 0.01/0.01 wait 0.00/30.80] demod 0.21/0.37 present 0.08/0.14 TOTAL 27.84/51.73 | WALL-FPS 29.6
[n0i] frames=180 640x480→640x480 (ms median/p95 vs 16.67): trace 21.02/26.94 gather 1.87/3.33 net[wall 0.03/21.43 gpu 6.24/15.91 commit 0.01/0.01 wait 0.00/21.41] demod 0.19/0.35 present 0.08/0.12 TOTAL 26.19/42.32 | WALL-FPS 32.3
[n0i] frames=240 640x480→640x480 (ms median/p95 vs 16.67): trace 18.98/26.76 gather 1.88/3.33 net[wall 0.03/19.44 gpu 6.34/15.69 commit 0.01/0.01 wait 0.00/19.33] demod 0.19/0.35 present 0.08/0.12 TOTAL 24.68/39.74 | WALL-FPS 34.7
[n0i] frames=300 640x480→640x480 (ms median/p95 vs 16.67): trace 17.99/26.62 gather 1.88/3.85 net[wall 0.04/15.65 gpu 6.47/15.05 commit 0.01/0.01 wait 0.00/15.63] demod 0.19/0.34 present 0.08/0.12 TOTAL 23.51/36.64 | WALL-FPS 36.4
[n0i] frames=360 640x480→640x480 (ms median/p95 vs 16.67): trace 16.52/26.39 gather 1.88/3.65 net[wall 0.04/15.40 gpu 6.66/14.18 commit 0.01/0.01 wait 0.00/15.38] demod 0.20/0.34 present 0.08/0.11 TOTAL 23.01/33.97 | WALL-FPS 37.8
[n0i] frames=420 640x480→640x480 (ms median/p95 vs 16.67): trace 15.66/26.22 gather 1.87/3.33 net[wall 0.04/15.21 gpu 6.63/13.63 commit 0.01/0.01 wait 0.00/15.19] demod 0.20/0.33 present 0.08/0.11 TOTAL 22.24/32.51 | WALL-FPS 38.9
[n0i] frames=480 640x480→640x480 (ms median/p95 vs 16.67): trace 14.54/26.10 gather 1.87/3.01 net[wall 0.04/14.37 gpu 6.66/13.48 commit 0.01/0.01 wait 0.00/14.36] demod 0.20/0.32 present 0.08/0.11 TOTAL 21.69/31.92 | WALL-FPS 39.8
[n0i] frames=540 640x480→640x480 (ms median/p95 vs 16.67): trace 13.97/25.89 gather 1.87/2.96 net[wall 0.04/13.95 gpu 6.63/13.22 commit 0.01/0.01 wait 0.00/13.93] demod 0.20/0.32 present 0.07/0.11 TOTAL 21.36/30.71 | WALL-FPS 40.6
[n0i] frames=600 640x480→640x480 (ms median/p95 vs 16.67): trace 13.28/25.72 gather 1.87/2.91 net[wall 0.04/13.64 gpu 6.78/13.05 commit 0.01/0.01 wait 0.00/13.61] demod 0.20/0.32 present 0.07/0.11 TOTAL 21.00/30.50 | WALL-FPS 41.2
[n0i] frames=660 640x480→640x480 (ms median/p95 vs 16.67): trace 13.02/25.60 gather 1.87/2.83 net[wall 0.04/13.84 gpu 6.86/12.97 commit 0.01/0.01 wait 0.00/13.80] demod 0.21/0.31 present 0.07/0.11 TOTAL 20.72/29.60 | WALL-FPS 41.7
[n0i] frames=720 640x480→640x480 (ms median/p95 vs 16.67): trace 12.68/25.44 gather 1.87/2.66 net[wall 0.04/13.64 gpu 6.91/12.77 commit 0.01/0.01 wait 0.00/13.61] demod 0.21/0.31 present 0.07/0.11 TOTAL 20.41/29.22 | WALL-FPS 42.1
[n0i] frames=780 640x480→640x480 (ms median/p95 vs 16.67): trace 12.47/25.07 gather 1.87/2.75 net[wall 0.04/13.64 gpu 6.90/12.68 commit 0.01/0.01 wait 0.00/13.61] demod 0.21/0.31 present 0.07/0.10 TOTAL 20.26/29.22 | WALL-FPS 42.4
[n0i] frames=840 640x480→640x480 (ms median/p95 vs 16.67): trace 12.44/24.76 gather 1.87/2.93 net[wall 0.04/13.64 gpu 6.87/12.65 commit 0.01/0.01 wait 0.00/13.61] demod 0.21/0.31 present 0.07/0.11 TOTAL 20.18/29.15 | WALL-FPS 42.5
[n0i] frames=900 640x480→640x480 (ms median/p95 vs 16.67): trace 12.40/24.09 gather 1.88/2.98 net[wall 0.04/13.85 gpu 6.90/12.65 commit 0.01/0.01 wait 0.00/13.81] demod 0.21/0.31 present 0.07/0.11 TOTAL 20.15/29.22 | WALL-FPS 42.6
[n0i] frames=960 640x480→640x480 (ms median/p95 vs 16.67): trace 12.50/23.97 gather 1.88/3.00 net[wall 0.05/13.81 gpu 6.86/12.64 commit 0.01/0.01 wait 0.00/13.77] demod 0.21/0.31 present 0.07/0.11 TOTAL 20.18/29.15 | WALL-FPS 42.6
[n0i] frames=1020 640x480→640x480 (ms median/p95 vs 16.67): trace 12.76/23.82 gather 1.88/2.96 net[wall 0.04/13.64 gpu 6.85/12.65 commit 0.01/0.01 wait 0.00/13.61] demod 0.21/0.31 present 0.07/0.11 TOTAL 20.29/28.94 | WALL-FPS 42.7
[n0i] frames=1080 640x480→640x480 (ms median/p95 vs 16.67): trace 12.79/23.72 gather 1.87/2.91 net[wall 0.04/13.64 gpu 6.85/12.68 commit 0.01/0.01 wait 0.00/13.61] demod 0.21/0.31 present 0.07/0.11 TOTAL 20.30/28.81 | WALL-FPS 42.8
=== /budget (v7snap) ===
{"frames":1130,"wall_ms":16.67,"wall_fps":42.81,"path":"mpsgraph","canvas":[640,480],"stages":{"trace":[12.821,23.535],"gather":[1.870,2.911],"net_wall":[0.044,13.653],"net_gpu":[6.822,12.685],"net_commit":[0.007,0.014],"net_wait":[0.002,13.621],"demod":[0.209,0.309],"present":[0.074,0.108],"total":[20.342,28.797]},"outside":{"world":[1.728,2.566],"readback":[0.000,0.000],"http":[0.426,0.864],"loop_total":[22.759,31.081]},"world_stages":{"skin":[0.686,1.222],"command":[0.540,0.667],"tick":[0.134,0.788],"kami":[0.032,0.049],"apply":[0.009,0.014],"physics":[0.071,0.709],"rederive":[0.018,0.023],"solver_step":[0.048,0.686],"poll":[0.020,0.030],"gather":[0.067,0.102],"splice":[0.171,0.232],"upload":[0.460,0.597]}}
=== /state (v7snap) ===
{"path":"mpsgraph","canvas":[640,480],"pixels":307200,"frames":1130,"weights":"rdirect-weights-v7","in_features":39,"out_channels":3,"max_pixels":307200}
=== wall-fps tail (v7snap) ===
