[package] scrying-glass v0.1.0 registered
[world] /Users/pascaldisse/projects/magic-crystal-neural-live/worlds/naruko scene(s)=["main"] entities=45 chains=23 clusters=913 transmute=79.8ms
[embodiment] spawn eye=Vec3(0.0, 7.0, 44.0) yaw=0 floor_triangles=10464 tick_dt=0.016666668
[pleroma] BVH nodes=15487 triangles=23192 (static 12368 + dynamic 10824) build=13.0ms; 22 dynamic entit(ies) — living layer
[pleroma] traced integrator spp=2 bounces=4 rr_start=2 — first_light is dead
[wgpu] traced 640x480 → upscale → surface 960x640 (bilinear); Bgra8UnormSrgb
[frame] trace 640x480 → offscreen 960x640: median 7.36ms mean 7.65ms/frame (spp=2, 60-frame sample)
[scry] GET http://127.0.0.1:8436/scry (alias: /screenshot; optional pos/yaw/pitch/fov/w/h)
[embodiment] GET http://127.0.0.1:8436/pose · POST http://127.0.0.1:8436/walk {keys,yaw?,pitch?,ticks?}
[offscreen] GAIA_NATIVE_OFFSCREEN=true: NO NSWindow — rendering to offscreen 960x640; /scry (?eye=belief|presented), /budget, /state on http://127.0.0.1:8436
[n0c] net-present rig pooled (God's res): trace 640x480 → net 640x480 → nearest blit → surface 960x640 (307200 px)
[n0i] frames=60 640x480→640x480 (ms median/p95 vs 16.67): trace 14.77/20.44 gather 1.80/1.94 net[wall 0.04/6.27 gpu 5.21/8.13 commit 0.01/0.01 wait 0.00/6.23] demod 0.21/0.38 present 0.11/0.18 TOTAL 18.51/23.58 | WALL-FPS 41.6
[n0i] frames=120 640x480→640x480 (ms median/p95 vs 16.67): trace 17.61/21.89 gather 1.87/2.19 net[wall 0.04/5.97 gpu 5.08/7.34 commit 0.01/0.01 wait 0.00/5.93] demod 0.27/0.50 present 0.13/0.22 TOTAL 20.49/24.24 | WALL-FPS 38.5
[n0i] frames=180 640x480→640x480 (ms median/p95 vs 16.67): trace 18.90/24.43 gather 1.87/2.19 net[wall 0.04/6.02 gpu 4.89/6.94 commit 0.01/0.01 wait 0.00/5.98] demod 0.28/0.52 present 0.13/0.25 TOTAL 21.91/26.83 | WALL-FPS 37.1
[n0i] frames=240 640x480→640x480 (ms median/p95 vs 16.67): trace 18.18/24.29 gather 1.87/2.18 net[wall 0.04/5.85 gpu 4.80/7.04 commit 0.01/0.01 wait 0.00/5.82] demod 0.30/0.53 present 0.13/0.25 TOTAL 21.05/26.70 | WALL-FPS 37.8
[n0i] frames=300 640x480→640x480 (ms median/p95 vs 16.67): trace 17.43/23.79 gather 1.87/2.09 net[wall 0.04/6.27 gpu 4.90/7.04 commit 0.01/0.01 wait 0.00/6.23] demod 0.30/0.52 present 0.13/0.26 TOTAL 20.42/26.37 | WALL-FPS 39.1
[n0i] frames=360 640x480→640x480 (ms median/p95 vs 16.67): trace 16.09/23.35 gather 1.87/2.10 net[wall 0.04/6.35 gpu 4.94/7.30 commit 0.01/0.01 wait 0.00/6.30] demod 0.29/0.51 present 0.13/0.25 TOTAL 19.71/25.99 | WALL-FPS 40.2
[n0i] frames=420 640x480→640x480 (ms median/p95 vs 16.67): trace 15.19/23.23 gather 1.87/2.10 net[wall 0.04/6.43 gpu 5.08/7.24 commit 0.01/0.02 wait 0.00/6.39] demod 0.28/0.50 present 0.13/0.23 TOTAL 18.81/25.86 | WALL-FPS 41.2
[n0i] frames=480 640x480→640x480 (ms median/p95 vs 16.67): trace 14.69/22.97 gather 1.87/2.09 net[wall 0.04/6.53 gpu 5.09/7.17 commit 0.01/0.02 wait 0.00/6.50] demod 0.28/0.50 present 0.13/0.22 TOTAL 18.01/25.50 | WALL-FPS 42.0
[n0i] frames=540 640x480→640x480 (ms median/p95 vs 16.67): trace 14.35/22.78 gather 1.87/2.09 net[wall 0.04/7.10 gpu 5.10/7.17 commit 0.01/0.02 wait 0.00/7.06] demod 0.28/0.49 present 0.12/0.22 TOTAL 17.44/25.28 | WALL-FPS 42.7
[n0i] frames=600 640x480→640x480 (ms median/p95 vs 16.67): trace 14.14/22.56 gather 1.87/2.08 net[wall 0.04/7.37 gpu 5.11/7.30 commit 0.01/0.02 wait 0.00/7.34] demod 0.28/0.49 present 0.12/0.22 TOTAL 17.26/25.05 | WALL-FPS 43.2
[n0i] frames=660 640x480→640x480 (ms median/p95 vs 16.67): trace 14.04/22.27 gather 1.87/2.08 net[wall 0.04/7.58 gpu 5.12/7.40 commit 0.01/0.02 wait 0.00/7.55] demod 0.27/0.48 present 0.12/0.21 TOTAL 17.11/24.89 | WALL-FPS 43.7
[n0i] frames=720 640x480→640x480 (ms median/p95 vs 16.67): trace 13.82/22.09 gather 1.86/2.08 net[wall 0.04/7.67 gpu 5.13/7.57 commit 0.01/0.01 wait 0.00/7.64] demod 0.27/0.47 present 0.12/0.21 TOTAL 16.97/24.80 | WALL-FPS 44.2
[n0i] frames=780 640x480→640x480 (ms median/p95 vs 16.67): trace 13.66/21.91 gather 1.86/2.08 net[wall 0.04/7.73 gpu 5.13/7.57 commit 0.01/0.01 wait 0.00/7.70] demod 0.27/0.47 present 0.12/0.20 TOTAL 16.89/24.63 | WALL-FPS 44.5
[n0i] frames=840 640x480→640x480 (ms median/p95 vs 16.67): trace 13.56/21.80 gather 1.86/2.08 net[wall 0.04/7.84 gpu 5.14/7.57 commit 0.01/0.01 wait 0.00/7.80] demod 0.27/0.46 present 0.12/0.20 TOTAL 16.77/24.31 | WALL-FPS 44.9
[n0i] frames=900 640x480→640x480 (ms median/p95 vs 16.67): trace 13.38/21.71 gather 1.86/2.07 net[wall 0.04/7.84 gpu 5.15/7.58 commit 0.01/0.01 wait 0.00/7.80] demod 0.27/0.45 present 0.12/0.19 TOTAL 16.66/24.14 | WALL-FPS 45.1
[n0i] frames=960 640x480→640x480 (ms median/p95 vs 16.67): trace 13.29/21.55 gather 1.86/2.07 net[wall 0.04/7.99 gpu 5.16/7.61 commit 0.01/0.01 wait 0.00/7.94] demod 0.26/0.46 present 0.12/0.19 TOTAL 16.63/24.07 | WALL-FPS 45.3
[n0i] frames=1020 640x480→640x480 (ms median/p95 vs 16.67): trace 13.26/21.52 gather 1.86/2.08 net[wall 0.04/8.02 gpu 5.16/7.57 commit 0.01/0.01 wait 0.00/7.99] demod 0.26/0.47 present 0.12/0.19 TOTAL 16.63/23.94 | WALL-FPS 45.4
[n0i] frames=1080 640x480→640x480 (ms median/p95 vs 16.67): trace 13.22/21.32 gather 1.86/2.08 net[wall 0.04/8.02 gpu 5.16/7.57 commit 0.01/0.02 wait 0.00/7.99] demod 0.26/0.48 present 0.12/0.19 TOTAL 16.64/23.82 | WALL-FPS 45.4
[n0i] frames=1140 640x480→640x480 (ms median/p95 vs 16.67): trace 13.14/21.07 gather 1.86/2.08 net[wall 0.04/8.11 gpu 5.16/7.54 commit 0.01/0.01 wait 0.00/8.08] demod 0.27/0.48 present 0.12/0.19 TOTAL 16.66/23.75 | WALL-FPS 45.4
[n0i] frames=1200 640x480→640x480 (ms median/p95 vs 16.67): trace 13.13/20.91 gather 1.86/2.07 net[wall 0.04/8.02 gpu 5.15/7.47 commit 0.01/0.01 wait 0.00/7.98] demod 0.27/0.47 present 0.12/0.19 TOTAL 16.64/23.66 | WALL-FPS 45.4
[n0i] frames=1260 640x480→640x480 (ms median/p95 vs 16.67): trace 13.03/20.85 gather 1.86/2.07 net[wall 0.04/8.02 gpu 5.15/7.46 commit 0.01/0.01 wait 0.00/7.98] demod 0.27/0.47 present 0.12/0.19 TOTAL 16.58/23.58 | WALL-FPS 45.4
=== /budget (v7fpsroom2) ===
{"frames":1272,"wall_ms":16.67,"wall_fps":45.39,"path":"mpsgraph","canvas":[640,480],"stages":{"trace":[13.034,20.840],"gather":[1.861,2.074],"net_wall":[0.044,8.010],"net_gpu":[5.148,7.453],"net_commit":[0.008,0.015],"net_wait":[0.002,7.984],"demod":[0.268,0.474],"present":[0.118,0.193],"total":[16.571,23.509]},"outside":{"world":[3.602,6.596],"readback":[0.000,0.000],"http":[1.072,2.461],"loop_total":[21.638,28.965]},"world_stages":{"skin":[1.368,3.269],"command":[1.072,1.727],"tick":[0.276,2.135],"kami":[0.046,0.076],"apply":[0.021,0.037],"physics":[0.158,2.022],"rederive":[0.038,0.052],"solver_step":[0.102,1.963],"poll":[0.045,0.066],"gather":[0.119,0.179],"splice":[0.384,0.558],"upload":[0.751,1.140]}}
=== /state (v7fpsroom2) ===
{"path":"mpsgraph","canvas":[640,480],"pixels":307200,"frames":1273,"weights":"rdirect-weights-v7","in_features":39,"out_channels":3,"max_pixels":307200}
=== wall-fps tail (v7fpsroom2) ===
