[package] scrying-glass v0.1.0 registered
[world] /Users/pascaldisse/projects/magic-crystal-neural-live/packages/scrying-glass/../../worlds/naruko scene(s)=["main"] entities=45 chains=23 clusters=913 transmute=72.5ms
[worker-window] GAIA_NATIVE_WORKER_WINDOW=true: window built focused=false focusable=false (never-key) title="GAIA — Scrying Glass [worker]"
[embodiment] spawn eye=Vec3(0.0, 7.0, 44.0) yaw=0 floor_triangles=10464 tick_dt=0.016666668
[pleroma] BVH nodes=15487 triangles=23192 (static 12368 + dynamic 10824) build=13.0ms; 22 dynamic entit(ies) — living layer
[pleroma] traced integrator spp=2 bounces=4 rr_start=2 — first_light is dead
[wgpu] traced 640x480 → upscale → surface 960x640 (bilinear); Bgra8UnormSrgb
[bloodbend] 🩸 watching 1 scene file(s) + /Users/pascaldisse/projects/magic-crystal-neural-live/packages/scrying-glass/src/integrator.wgsl @ 500ms poll
[frame] trace 640x480 → surface 480x320: median 7.58ms mean 9.66ms/frame (spp=2, 60-frame sample)
[scry] GET http://127.0.0.1:8437/scry (alias: /screenshot; optional pos/yaw/pitch/fov/w/h)
[embodiment] GET http://127.0.0.1:8437/pose · POST http://127.0.0.1:8437/walk {keys,yaw?,pitch?,ticks?}
[scrying-glass] child webview overlay created; render, capture, PNG, and HTTP run off the main thread
[n0c] net-present rig pooled (God's res): trace 640x480 → net 640x480 → nearest blit → surface 960x640 (307200 px)
[n0e] frames=60 640x480→640x480 (ms median/p95 vs 16.67): trace 6.87/9.42 gather 0.93/1.83 net[wall 20.38/24.07 gpu 6.72/11.05] demod 0.63/0.91 present 0.19/0.26 TOTAL 30.06/33.68
[n0e] frames=120 640x480→640x480 (ms median/p95 vs 16.67): trace 6.58/9.40 gather 0.97/1.66 net[wall 20.52/24.07 gpu 6.65/10.81] demod 0.63/0.99 present 0.19/0.25 TOTAL 30.06/34.13
[n0e] frames=180 640x480→640x480 (ms median/p95 vs 16.67): trace 6.67/9.35 gather 0.98/1.66 net[wall 20.56/24.00 gpu 6.65/10.94] demod 0.63/1.05 present 0.19/0.24 TOTAL 30.08/34.51
[n0e] frames=240 640x480→640x480 (ms median/p95 vs 16.67): trace 6.47/9.22 gather 0.97/1.75 net[wall 20.56/23.99 gpu 6.63/10.88] demod 0.63/1.10 present 0.19/0.24 TOTAL 30.04/34.31
[n0e] frames=300 640x480→640x480 (ms median/p95 vs 16.67): trace 6.48/9.21 gather 0.97/1.78 net[wall 20.69/24.19 gpu 6.65/10.81] demod 0.63/1.10 present 0.19/0.24 TOTAL 30.06/34.39
[n0e] frames=360 640x480→640x480 (ms median/p95 vs 16.67): trace 6.60/9.23 gather 0.98/1.83 net[wall 20.63/24.07 gpu 6.62/10.74] demod 0.63/1.15 present 0.19/0.25 TOTAL 30.06/34.25
[n0e] frames=420 640x480→640x480 (ms median/p95 vs 16.67): trace 6.60/9.24 gather 0.99/1.83 net[wall 20.63/24.03 gpu 6.62/10.70] demod 0.63/1.13 present 0.19/0.25 TOTAL 30.11/34.14
[n0e] frames=480 640x480→640x480 (ms median/p95 vs 16.67): trace 6.58/9.22 gather 0.99/2.06 net[wall 20.63/24.00 gpu 6.64/10.60] demod 0.63/1.16 present 0.19/0.25 TOTAL 30.01/34.01
[n0e] frames=540 640x480→640x480 (ms median/p95 vs 16.67): trace 6.47/9.21 gather 0.99/2.10 net[wall 20.68/24.07 gpu 6.63/10.66] demod 0.63/1.19 present 0.19/0.25 TOTAL 30.05/34.04
[n0e] frames=600 640x480→640x480 (ms median/p95 vs 16.67): trace 6.45/9.21 gather 0.99/2.09 net[wall 20.63/24.07 gpu 6.64/10.51] demod 0.63/1.21 present 0.19/0.25 TOTAL 30.05/34.05
[n0e] frames=660 640x480→640x480 (ms median/p95 vs 16.67): trace 6.46/9.21 gather 0.99/2.06 net[wall 20.63/24.17 gpu 6.65/10.51] demod 0.63/1.22 present 0.19/0.25 TOTAL 30.06/34.05
[n0e] frames=720 640x480→640x480 (ms median/p95 vs 16.67): trace 6.48/9.21 gather 0.99/2.02 net[wall 20.63/24.11 gpu 6.64/10.47] demod 0.64/1.24 present 0.19/0.25 TOTAL 30.08/34.05
[n0e] frames=780 640x480→640x480 (ms median/p95 vs 16.67): trace 6.50/9.22 gather 0.99/2.06 net[wall 20.63/24.19 gpu 6.64/10.47] demod 0.64/1.24 present 0.19/0.25 TOTAL 30.08/34.14
[n0e] frames=840 640x480→640x480 (ms median/p95 vs 16.67): trace 6.52/9.22 gather 1.00/2.11 net[wall 20.63/24.19 gpu 6.64/10.30] demod 0.65/1.24 present 0.19/0.25 TOTAL 30.08/34.14
[n0e] frames=900 640x480→640x480 (ms median/p95 vs 16.67): trace 6.54/9.23 gather 1.00/2.10 net[wall 20.58/24.19 gpu 6.64/10.47] demod 0.65/1.26 present 0.19/0.25 TOTAL 30.04/34.14
[n0e] frames=960 640x480→640x480 (ms median/p95 vs 16.67): trace 6.51/9.22 gather 1.01/2.09 net[wall 20.56/24.22 gpu 6.64/10.47] demod 0.65/1.26 present 0.19/0.25 TOTAL 30.03/34.14
[n0e] frames=1020 640x480→640x480 (ms median/p95 vs 16.67): trace 6.52/9.22 gather 1.01/2.02 net[wall 20.56/24.30 gpu 6.65/10.50] demod 0.65/1.26 present 0.19/0.25 TOTAL 30.04/34.05
[n0e] frames=1080 640x480→640x480 (ms median/p95 vs 16.67): trace 6.54/9.23 gather 1.01/1.99 net[wall 20.53/24.19 gpu 6.65/10.66] demod 0.64/1.27 present 0.19/0.25 TOTAL 30.05/34.05
[n0e] frames=1140 640x480→640x480 (ms median/p95 vs 16.67): trace 6.53/9.22 gather 1.01/1.99 net[wall 20.51/24.19 gpu 6.65/10.60] demod 0.64/1.26 present 0.19/0.25 TOTAL 30.05/34.05
[n0e] frames=1200 640x480→640x480 (ms median/p95 vs 16.67): trace 6.54/9.21 gather 1.01/2.02 net[wall 20.50/24.19 gpu 6.64/10.60] demod 0.65/1.26 present 0.19/0.25 TOTAL 30.06/34.05
[n0e] frames=1260 640x480→640x480 (ms median/p95 vs 16.67): trace 6.49/9.21 gather 1.01/2.10 net[wall 20.49/24.19 gpu 6.64/10.60] demod 0.65/1.26 present 0.19/0.25 TOTAL 30.05/34.04
[n0e] frames=1320 640x480→640x480 (ms median/p95 vs 16.67): trace 6.49/9.21 gather 1.01/2.11 net[wall 20.48/24.19 gpu 6.64/10.60] demod 0.65/1.26 present 0.19/0.26 TOTAL 30.05/34.04
[n0e] frames=1380 640x480→640x480 (ms median/p95 vs 16.67): trace 6.48/9.21 gather 1.01/2.11 net[wall 20.50/24.22 gpu 6.65/10.66] demod 0.65/1.27 present 0.20/0.26 TOTAL 30.06/34.01
[n0e] frames=1440 640x480→640x480 (ms median/p95 vs 16.67): trace 6.48/9.21 gather 1.01/2.15 net[wall 20.50/24.19 gpu 6.65/10.51] demod 0.65/1.27 present 0.20/0.26 TOTAL 30.08/34.01
[n0e] frames=1500 640x480→640x480 (ms median/p95 vs 16.67): trace 6.48/9.22 gather 1.02/2.12 net[wall 20.48/24.19 gpu 6.65/10.51] demod 0.65/1.28 present 0.20/0.26 TOTAL 30.06/33.98
[n0e] frames=1560 640x480→640x480 (ms median/p95 vs 16.67): trace 6.47/9.22 gather 1.01/2.11 net[wall 20.47/24.19 gpu 6.65/10.66] demod 0.65/1.28 present 0.20/0.25 TOTAL 30.06/33.95
[n0e] frames=1620 640x480→640x480 (ms median/p95 vs 16.67): trace 6.48/9.22 gather 1.01/2.12 net[wall 20.47/24.19 gpu 6.65/10.65] demod 0.65/1.28 present 0.20/0.25 TOTAL 30.06/33.98
[n0e] frames=1680 640x480→640x480 (ms median/p95 vs 16.67): trace 6.49/9.21 gather 1.01/2.11 net[wall 20.49/24.19 gpu 6.65/10.60] demod 0.65/1.27 present 0.20/0.25 TOTAL 30.06/34.04
[n0e] frames=1740 640x480→640x480 (ms median/p95 vs 16.67): trace 6.51/9.22 gather 1.01/2.12 net[wall 20.50/24.31 gpu 6.65/10.54] demod 0.65/1.28 present 0.20/0.25 TOTAL 30.10/34.10
[n0e] frames=1800 640x480→640x480 (ms median/p95 vs 16.67): trace 6.51/9.22 gather 1.01/2.11 net[wall 20.52/24.43 gpu 6.65/10.66] demod 0.65/1.28 present 0.19/0.25 TOTAL 30.13/34.25
[n0e] frames=1860 640x480→640x480 (ms median/p95 vs 16.67): trace 6.54/9.21 gather 1.01/2.15 net[wall 20.58/24.66 gpu 6.67/10.67] demod 0.65/1.30 present 0.20/0.25 TOTAL 30.20/34.56
[n0e] frames=1920 640x480→640x480 (ms median/p95 vs 16.67): trace 6.54/9.21 gather 1.02/2.15 net[wall 20.59/24.77 gpu 6.67/10.71] demod 0.65/1.30 present 0.20/0.25 TOTAL 30.23/34.79
