PASS: package:elements

===== package:fracture =====
    Finished `test` profile [unoptimized + debuginfo] target(s) in 0.17s
     Running unittests src/lib.rs (target/debug/deps/fracture-cbe3f72ffe0271c7)

running 3 tests
test tests::fragments_split_the_chain_in_two ... ok
test tests::fragment_dag_round_trips_transmute ... ok
test tests::ordeal_fragment_chains_byte_deterministic ... ok

test result: ok. 3 passed; 0 failed; 0 ignored; 0 measured; 0 filtered out; finished in 0.00s

   Doc-tests fracture

running 0 tests

test result: ok. 0 passed; 0 failed; 0 ignored; 0 measured; 0 filtered out; finished in 0.00s

PASS: package:fracture

===== package:homunculus =====
    Finished `test` profile [unoptimized + debuginfo] target(s) in 0.07s
     Running unittests src/lib.rs (target/debug/deps/homunculus-42c9bcf1dcd4e7e3)

running 0 tests

test result: ok. 0 passed; 0 failed; 0 ignored; 0 measured; 0 filtered out; finished in 0.00s

     Running tests/ordeals.rs (target/debug/deps/ordeals-d6087ebc0b693e58)

running 8 tests
test ordeal_socket_follows_elbow ... ok
test ordeal_generator_counts_and_lengths ... ok
test ordeal_bind_pose_roundtrip ... ok
test ordeal_defaults_preserve_v0 ... ok
test ordeal_socket_bind_derivation ... ok
test ordeal_socket_determinism ... ok
test ordeal_morphology_continuity ... ok
test ordeal_weights_normalized ... ok

test result: ok. 8 passed; 0 failed; 0 ignored; 0 measured; 0 filtered out; finished in 0.01s

   Doc-tests homunculus

running 0 tests

test result: ok. 0 passed; 0 failed; 0 ignored; 0 measured; 0 filtered out; finished in 0.00s

PASS: package:homunculus

===== package:jormungandr =====
    Finished `test` profile [unoptimized + debuginfo] target(s) in 0.08s
     Running unittests src/lib.rs (target/debug/deps/jormungandr-b0ebad620245d273)

running 1 test
test tests::aabb_distance_zero_inside_and_grows_outside ... ok

test result: ok. 1 passed; 0 failed; 0 ignored; 0 measured; 0 filtered out; finished in 0.00s

     Running tests/ordeals.rs (target/debug/deps/ordeals-1c28eefbcaf7d4b0)

running 5 tests
test ordeal_missing_artifact_is_typed_error ... ok
test ordeal_torn_page_is_typed_error_no_panic ... ok
test ordeal_unknown_page_is_typed_error ... ok
test ordeal_eviction_order_honors_distance ... ok
test ordeals_flight ... ok

test result: ok. 5 passed; 0 failed; 0 ignored; 0 measured; 0 filtered out; finished in 8.70s

   Doc-tests jormungandr

running 0 tests

test result: ok. 0 passed; 0 failed; 0 ignored; 0 measured; 0 filtered out; finished in 0.00s

PASS: package:jormungandr

===== package:kami =====
    Finished `test` profile [unoptimized + debuginfo] target(s) in 0.08s
     Running unittests src/lib.rs (target/debug/deps/kami-4ed830bc9293d2eb)

running 0 tests

test result: ok. 0 passed; 0 failed; 0 ignored; 0 measured; 0 filtered out; finished in 0.00s

     Running tests/cat.rs (target/debug/deps/cat-6894b431497cb1ea)

running 3 tests
test cat_walk_is_bounded_and_returns_home ... ok
test cat_loop_visits_sit_then_flick_then_walk ... ok
test cat_drive_stream_is_byte_identical ... ok

test result: ok. 3 passed; 0 failed; 0 ignored; 0 measured; 0 filtered out; finished in 0.00s

     Running tests/ordeals.rs (target/debug/deps/ordeals-2c57896e0ae26eb5)

running 13 tests
test ordeal_flicker_formula_parity ... ok
test ordeal_bob_formula_parity ... ok
test ordeal_orbit_formula_parity ... ok
test ordeal_path_formula_parity ... ok
test ordeal_pulse_formula_parity ... ok
test ordeal_spin_formula_parity ... ok
test ordeal_emissive_is_always_a_color_string ... ok
test ordeal_look_at_yaw_error_goes_to_zero ... ok
test ordeal_patrol_visits_every_waypoint_and_loop_closes ... ok
test ordeal_follow_converges_without_overshoot ... ok
test ordeal_wander_stays_in_bounds_10k_ticks ... ok
test ordeal_decorative_determinism_byte_identical ... ok
test ordeal_determinism_byte_identical_over_1000_ticks ... ok

test result: ok. 13 passed; 0 failed; 0 ignored; 0 measured; 0 filtered out; finished in 0.19s

   Doc-tests kami

running 0 tests

test result: ok. 0 passed; 0 failed; 0 ignored; 0 measured; 0 filtered out; finished in 0.00s

PASS: package:kami

===== package:oracle =====
    Finished `test` profile [unoptimized + debuginfo] target(s) in 0.42s
     Running unittests src/lib.rs (target/debug/deps/oracle-b73bcf1526731ea8)

running 27 tests
test tests::boomtown_loads_once_and_gazes_stay_cheap ... ok
test model::aabb_tests::cylinder_honors_radius_top_and_bottom ... ok
test model::aabb_tests::tube_default_radius_is_three_not_half ... ok
test model::aabb_tests::rotation_rotates_the_world_aabb ... ok
test model::aabb_tests::direct_mesh_is_one_implicit_part ... ok
test model::aabb_tests::visible_false_part_is_excluded ... ok
test model::aabb_tests::tube_bounds_cover_spline_sag_beyond_control_points ... ok
test model::aabb_tests::tube_absent_path_defaults_to_reference_segment ... ok
test model::aabb_tests::tube_short_radii_clamp_last_not_point_five ... ok
test tests::from_core_live_path_constructs_a_world ... ok
test tests::invalid_params_are_typed_errors ... ok
test tests::invalid_tie_eps_is_a_typed_error ... ok
test tests::default_naruko_excludes_ground_from_captions ... ok
test tests::lighthouse_cells_and_depth_are_geometry_truth_at_grid_32 ... ok
test tests::lazy_layers_are_proven_by_the_op_counter ... ok
test tests::look_is_pure_geometry_and_directional ... ok
test tests::horizon_row_tracks_pitch ... ok
test tests::loads_naruko_scene_into_ecs ... ok
test tests::oversized_grid_is_a_typed_error_not_oom ... ok
test tests::live_ecs_mutation_is_reflected_on_next_gaze ... ok
test tests::proprio_reports_pose_and_components ... ok
test tests::spawn_pose_faces_the_lighthouse ... ok
test tests::yaw_west_rejects_the_lighthouse_entirely ... ok
test tests::serialized_channels_are_honest_no_null_no_unrequested_keys ... ok
test tests::deeper_grid_levels_are_just_a_param ... ok
test tests::stamped_cells_are_all_true_ray_hits_no_fabricated_depth ... ok
test tests::byte_budget_is_enforced_before_allocation ... ok

test result: ok. 27 passed; 0 failed; 0 ignored; 0 measured; 0 filtered out; finished in 4.19s

     Running unittests src/bin/oracle_cli.rs (target/debug/deps/oracle_cli-ad202c958b46856b)

running 0 tests

test result: ok. 0 passed; 0 failed; 0 ignored; 0 measured; 0 filtered out; finished in 0.00s

     Running tests/canon.rs (target/debug/deps/canon-7c3d2fbfea960adf)

running 8 tests
test canon_terrain_patch_bounds_and_range_are_derived ... ok
test canon_depth_band_column_16_is_front_face_path_length ... ok
test canon_tower_cells_and_depth_band_at_grid_32 ... ok
test canon_default_glance_frustum_set_is_the_ten_meshed_vessels ... ok
test canon_moved_eye_pier_glance ... ok
test canon_tower_owns_no_grid8_cell ... ok
test canon_glance_serialization_is_deterministic ... ok
test canon_nearest_ordering_and_ranges_are_derived ... ok

test result: ok. 8 passed; 0 failed; 0 ignored; 0 measured; 0 filtered out; finished in 8.32s

     Running tests/rest_pose_canon.rs (target/debug/deps/rest_pose_canon-911837d017db55b8)

running 2 tests
test senses_read_solver_rested_pose ... ok
test rest_is_deterministic ... ok

test result: ok. 2 passed; 0 failed; 0 ignored; 0 measured; 0 filtered out; finished in 16.19s

     Running tests/vi2_fracture_canon.rs (target/debug/deps/vi2_fracture_canon-9c9b31f1544389d5)

running 2 tests
test ordeal_no_orphan_matter_every_fragment_traces_to_its_parent ... ok
test ordeal_oracle_learns_fragments_same_wave ... ok

test result: ok. 2 passed; 0 failed; 0 ignored; 0 measured; 0 filtered out; finished in 0.03s

     Running tests/vii0b_gaze.rs (target/debug/deps/vii0b_gaze-996ca02148aa3de7)

running 2 tests
test gaze_facing_away_from_the_patch_does_not_return_it ... ok
test gaze_facing_the_patch_returns_naruko_first_ground_at_the_derived_range ... ok

test result: ok. 2 passed; 0 failed; 0 ignored; 0 measured; 0 filtered out; finished in 0.00s

   Doc-tests oracle

running 0 tests

test result: ok. 0 passed; 0 failed; 0 ignored; 0 measured; 0 filtered out; finished in 0.00s

PASS: package:oracle

===== package:pleroma =====
    Finished `test` profile [unoptimized + debuginfo] target(s) in 0.08s
     Running unittests src/lib.rs (target/debug/deps/pleroma-acfac95b224a7bf2)

running 19 tests
test color::tests::mid_gray_decodes_below_half ... ok
test color::tests::unknown_is_none ... ok
test color::tests::black_is_zero ... ok
test color::tests::short_hex_expands ... ok
test color::tests::white_is_linear_one ... ok
test geometry::tests::plane_hit_and_parallel ... ok
test geometry::tests::sphere_from_inside_flips_normal ... ok
test geometry::tests::box_face_normal ... ok
test geometry::tests::box_from_inside ... ok
test geometry::tests::sphere_front_hit ... ok
test geometry::tests::box_miss ... ok
test geometry::tests::sphere_miss ... ok
test sampler::tests::distinct_keys_differ ... ok
test sampler::tests::uniform_is_stable_and_in_range ... ok
test vec::tests::dot_cross_hand_values ... ok
test vec::tests::onb_is_orthonormal ... ok
test sampler::tests::cosine_pdf_matches_and_hemisphere_respected ... ok
test sampler::tests::uniform_mean_near_half ... ok
test sampler::tests::cosine_average_is_two_thirds ... ok

test result: ok. 19 passed; 0 failed; 0 ignored; 0 measured; 0 filtered out; finished in 0.04s

     Running tests/medium_ordeals.rs (target/debug/deps/medium_ordeals-82bacabfac147731)

running 2 tests
test ordeal_steam_localized ... ok
test ordeal_equivalent_exchange ... ok

test result: ok. 2 passed; 0 failed; 0 ignored; 0 measured; 0 filtered out; finished in 0.34s

     Running tests/ordeals.rs (target/debug/deps/ordeals-bb8d6105686cf834)

running 8 tests
test radiance_is_public ... ok
test ordeal_mirror_image ... ok
test ordeal_furnace ... ok
test ordeal_energy ... ok
test ordeal_metallic_furnace ... ok
test ordeal_metallic_energy ... ok
test ordeal_determinism ... ok
test ordeal_direct_analytic ... ok

test result: ok. 8 passed; 0 failed; 0 ignored; 0 measured; 0 filtered out; finished in 0.10s

   Doc-tests pleroma

running 1 test
test packages/pleroma/src/lib.rs - (line 18) ... ok

test result: ok. 1 passed; 0 failed; 0 ignored; 0 measured; 0 filtered out; finished in 0.61s

PASS: package:pleroma

===== package:sama =====
    Finished `test` profile [unoptimized + debuginfo] target(s) in 0.06s
     Running unittests src/lib.rs (target/debug/deps/sama-8e106125778aaf17)

running 0 tests

test result: ok. 0 passed; 0 failed; 0 ignored; 0 measured; 0 filtered out; finished in 0.00s

     Running tests/ordeals.rs (target/debug/deps/ordeals-e79c22970279686c)

running 7 tests
test ordeal_look_at_clamps_and_error ... ok
test v0_sama_idle_tick0_is_bind_pose ... ok
test ordeal_state_machine_timing_and_continuity ... ok
test ordeal_walk_parity_with_canon ... ok
test ordeal_gait_walk_determinism ... ok
test ordeal_determinism_byte_identical ... ok
test ordeal_both_morphologies_valid ... ok

test result: ok. 7 passed; 0 failed; 0 ignored; 0 measured; 0 filtered out; finished in 0.01s

   Doc-tests sama

running 0 tests

test result: ok. 0 passed; 0 failed; 0 ignored; 0 measured; 0 filtered out; finished in 0.00s

PASS: package:sama

===== scrying-glass:lib =====
   Compiling scrying-glass v0.1.0 (/Users/pascaldisse/projects/magic-crystal/packages/scrying-glass)
    Finished `test` profile [unoptimized + debuginfo] target(s) in 3.52s
     Running unittests src/lib.rs (target/debug/deps/scrying_glass-f872b66fc6341968)

running 47 tests
test bvh::tests::empty_build_has_one_leaf ... ok
test bvh::tests::ray_hits_and_shadow_occludes ... ok
test bvh::tests::merge_handles_single_leaf_sides ... ok
test bvh::tests::dynamic_splice_default_gate_fires_on_blowup ... ok
test bvh::tests::leaf_indices_cover_every_triangle_once ... ok
test bvh::tests::dynamic_splice_refits_then_rebuilds ... ok
test denoiser::tests::forward_is_pure_and_repeatable ... ok
test bvh::tests::refit_matches_rebuild_geometry ... ok
test denoiser::tests::sha256_matches_nist_test_vector_abc ... ok
test denoiser::tests::sha256_matches_nist_test_vector_empty ... ok
test error_metric::tests::empty_images_are_zero_not_nan ... ok
test error_metric::tests::mae_self_is_exactly_zero ... ok
test bvh::tests::merge_equals_full_rebuild ... ok
test error_metric::tests::rmse_and_mae_discriminate_a_real_difference ... ok
test error_metric::tests::rmse_self_is_exactly_zero ... ok
test horizon::tests::radius_derives_from_budget_and_fits ... ok
test horizon::tests::tiny_budget_is_rejected_not_panicked ... ok
test player::tests::floor_query_ignores_walls_and_finds_top ... ok
test denoiser::tests::weights_roundtrip_through_serialization ... ok
test player::tests::ground_clamp_settles_at_eye_height_and_never_sinks ... ok
test player::tests::jump_arc_apex_matches_v_squared_over_two_g ... ok
test player::tests::walk_covers_speed_times_time_forward ... ok
test player::tests::gravity_integration_is_deterministic ... ok
test bvh::tests::dynamic_splice_default_holds_across_bounded_oscillation ... ok
test scene::tests::from_ecs_derives_world_space_box_vertices_and_spawn_camera ... ok
test scene::tests::emissive_sources_read_the_real_lantern ... ok
test presence::tests::body_transform_tracks_the_pose ... ok
test presence::tests::join_and_reap_track_the_pose_set ... ok
test scene::tests::stall_top_flat_surface_is_derived_from_geometry ... ok
test scene::tests::sun_reads_environment_over_defaults ... ok
test scene::tests::terrain_placement_offset_is_translation_invariant_at_planetary_tile_magnitude ... ok
test presence::tests::motion_drives_the_gait ... ok
test upscaler::tests::bilinear_upsample_is_exact_identity_at_scale_one ... ok
test upscaler::tests::forward_is_pure_and_repeatable ... ok
test upscaler::tests::input_feature_count_is_twentyone ... ok
test denoiser::tests::training_reduces_loss_on_a_trivial_identity_task ... ok
test upscaler::tests::untrained_net_is_exactly_bilinear ... ok
test upscaler::tests::weights_roundtrip_through_serialization ... ok
test presence::tests::splice_byte_deterministic ... ok
test scene::tests::finest_threshold_reproduces_leaf_geometry ... ok
test scene::tests::leaf_triangles_split_albedo_and_emission_by_material ... ok
test scene::tests::naruko_selected_cut_preserves_every_material_band ... ok
test upscaler::tests::training_reduces_residual_loss_on_a_learnable_task ... ok
test scene::tests::naruko_chain_is_deterministic_and_double_builds_byte_identical ... ok
test scene::tests::dynamic_split_leaf_parity_holds ... ok
test scene::tests::bob_matches_kami_through_the_pipeline ... ok
test scene::tests::tick_determinism_byte_identical_model_buffer ... ok

test result: ok. 47 passed; 0 failed; 0 ignored; 0 measured; 0 filtered out; finished in 35.99s

PASS: scrying-glass:lib

===== scrying-glass:test:bloodbend_ordeals =====
   Compiling scrying-glass v0.1.0 (/Users/pascaldisse/projects/magic-crystal/packages/scrying-glass)
    Finished `test` profile [unoptimized + debuginfo] target(s) in 13.48s
     Running tests/bloodbend_ordeals.rs (target/debug/deps/bloodbend_ordeals-ddc91a6adfd8b1df)

running 7 tests
test shader_journal_snapshots_previous_before_swap ... ok
test journal_snapshots_previous_before_apply ... ok
test no_op_bend_skips_journal_and_rebuild ... ok
test broken_json_is_rejected_and_world_hash_unchanged ... ok
test valid_crate_recolor_is_applied_and_reflected ... ok
test toctou_validated_bytes_match_stored_last_good_by_construction ... ok
test bad_wgsl_keeps_old_pipeline_and_valid_swap_works ... ok

test result: ok. 7 passed; 0 failed; 0 ignored; 0 measured; 0 filtered out; finished in 0.91s

PASS: scrying-glass:test:bloodbend_ordeals

===== scrying-glass:test:body_sigil =====
   Compiling scrying-glass v0.1.0 (/Users/pascaldisse/projects/magic-crystal/packages/scrying-glass)
    Finished `test` profile [unoptimized + debuginfo] target(s) in 1.32s
     Running tests/body_sigil.rs (target/debug/deps/body_sigil-9b379017045b9058)

running 4 tests
test f2_both_preset_and_shape_refuses_the_realm ... ok
test f2_unknown_body_field_is_loud ... ok
test f2_shape_body_is_a_rigid_not_a_vessel ... ok
test f2_preset_body_on_meshed_entity_is_vessel_only ... ok

test result: ok. 4 passed; 0 failed; 0 ignored; 0 measured; 0 filtered out; finished in 0.04s

PASS: scrying-glass:test:body_sigil

===== scrying-glass:test:floor_fallthrough =====
   Compiling scrying-glass v0.1.0 (/Users/pascaldisse/projects/magic-crystal/packages/scrying-glass)
    Finished `test` profile [unoptimized + debuginfo] target(s) in 1.09s
     Running tests/floor_fallthrough.rs (target/debug/deps/floor_fallthrough-d3995b84ab0e48be)

running 2 tests
test terra_north_rim_steps_down_onto_sea_plate_grounded ... ok
test walk_the_realm_has_no_interior_fallthrough ... ok

test result: ok. 2 passed; 0 failed; 0 ignored; 0 measured; 0 filtered out; finished in 11.09s

PASS: scrying-glass:test:floor_fallthrough

===== scrying-glass:test:horizon =====
   Compiling scrying-glass v0.1.0 (/Users/pascaldisse/projects/magic-crystal/packages/scrying-glass)
    Finished `test` profile [unoptimized + debuginfo] target(s) in 2.07s
     Running tests/horizon.rs (target/debug/deps/horizon-28fa9068e9e9474d)

running 5 tests
test ordeal4_evicted_tile_leaves_the_collision_world ... ok
test ordeal1_horizon_materializes_ahead_evicts_behind_under_budget ... ok
test ordeal2_render_origin_rebases_pose_trace_continuous ... ok
test ordeal3_planetary_magnitude_walk_holds_the_invariants ... ok
test ordeal2b_sabotaged_rebase_trips_the_continuity_guard has been running for over 60 seconds
test ordeal2b_sabotaged_rebase_trips_the_continuity_guard ... ok

test result: ok. 5 passed; 0 failed; 0 ignored; 0 measured; 0 filtered out; finished in 84.74s

