   Compiling generic-array v0.14.7
   Compiling typenum v1.20.1
   Compiling cpufeatures v0.2.17
   Compiling tokio-macros v2.7.0
   Compiling crypto-common v0.1.7
   Compiling block-buffer v0.10.4
   Compiling tokio v1.52.3
   Compiling digest v0.10.7
   Compiling half v2.7.1
   Compiling naga v30.0.0
   Compiling wgpu-naga-bridge v30.0.0
   Compiling wgpu-hal v30.0.0
   Compiling sha2 v0.10.9
   Compiling tauri-codegen v2.6.3
   Compiling wgpu-core-deps-apple v30.0.0
   Compiling wgpu-core v30.0.0
   Compiling tauri-macros v2.6.3
   Compiling tauri v2.11.5
   Compiling wgpu v30.0.0
   Compiling getrandom v0.2.17
   Compiling rand_core v0.6.4
   Compiling ppv-lite86 v0.2.21
   Compiling httparse v1.10.1
   Compiling scrying-glass v0.1.0 (/Users/pascaldisse/projects/magic-crystal-worldcore/packages/scrying-glass)
   Compiling rand_chacha v0.3.1
   Compiling aether v0.1.0 (/Users/pascaldisse/projects/magic-crystal-worldcore/packages/aether)
   Compiling rand v0.8.7
   Compiling sha1 v0.10.7
   Compiling futures-sink v0.3.32
   Compiling slab v0.4.12
   Compiling futures-core v0.3.32
   Compiling futures-task v0.3.32
   Compiling utf-8 v0.7.6
   Compiling data-encoding v2.11.0
   Compiling tungstenite v0.24.0
   Compiling futures-util v0.3.32
   Compiling pleroma v0.1.0 (/Users/pascaldisse/projects/magic-crystal-worldcore/packages/pleroma)
   Compiling oracle v0.1.0 (/Users/pascaldisse/projects/magic-crystal-worldcore/packages/oracle)
   Compiling tokio-tungstenite v0.24.0
   Compiling char-editor v0.1.0 (/Users/pascaldisse/projects/magic-crystal-worldcore/packages/char-editor)
   Compiling wired v0.1.0 (/Users/pascaldisse/projects/magic-crystal-worldcore/packages/wired)
   Compiling jormungandr v0.1.0 (/Users/pascaldisse/projects/magic-crystal-worldcore/packages/jormungandr)
   Compiling kami v0.1.0 (/Users/pascaldisse/projects/magic-crystal-worldcore/packages/kami)
   Compiling steiner v0.1.0 (/Users/pascaldisse/projects/magic-crystal-worldcore/packages/steiner)
   Compiling seed v0.1.0 (/Users/pascaldisse/projects/magic-crystal-worldcore/packages/seed)
   Compiling vessel v0.1.0 (/Users/pascaldisse/projects/magic-crystal-worldcore/packages/vessel)
   Compiling sama v0.1.0 (/Users/pascaldisse/projects/magic-crystal-worldcore/packages/sama)
   Compiling elements v0.1.0 (/Users/pascaldisse/projects/magic-crystal-worldcore/packages/elements)
   Compiling fracture v0.1.0 (/Users/pascaldisse/projects/magic-crystal-worldcore/packages/fracture)
   Compiling homunculus v0.1.0 (/Users/pascaldisse/projects/magic-crystal-worldcore/packages/homunculus)
   Compiling transmutation v0.1.0 (/Users/pascaldisse/projects/magic-crystal-worldcore/packages/transmute)
   Compiling crystal v0.1.0 (/Users/pascaldisse/projects/magic-crystal-worldcore/crates/crystal)
    Finished `test` profile [unoptimized + debuginfo] target(s) in 1m 19s
     Running unittests src/lib.rs (target/debug/deps/aether-6cc4c7f0edc23b66)

running 0 tests

test result: ok. 0 passed; 0 failed; 0 ignored; 0 measured; 0 filtered out; finished in 0.00s

     Running tests/ordeals.rs (target/debug/deps/ordeals-bcbb8448d943b1cf)

running 5 tests
test ordeal_1_analytic_slab ... ok
test ordeal_5_grid_vs_analytic ... ok
test ordeal_4_determinism ... ok
test ordeal_2_hg_phase_normalized ... ok
test ordeal_3_energy_budget ... ok

test result: ok. 5 passed; 0 failed; 0 ignored; 0 measured; 0 filtered out; finished in 0.06s

     Running unittests src/lib.rs (target/debug/deps/char_editor-9cda73abaf0483fb)

running 0 tests

test result: ok. 0 passed; 0 failed; 0 ignored; 0 measured; 0 filtered out; finished in 0.00s

     Running tests/ordeals.rs (target/debug/deps/ordeals-e6618e2a7c57c58c)

running 5 tests
test out_of_range_params_clamp_and_surface_never_panic ... ok
test parity_nari_byte_identical ... ok
test parity_pink_cat_byte_identical ... ok
test determinism_byte_identical ... ok
test watertight_across_sampled_params ... ok

test result: ok. 5 passed; 0 failed; 0 ignored; 0 measured; 0 filtered out; finished in 6.41s

     Running unittests src/lib.rs (target/debug/deps/crystal-e82dd0a2536f105f)

running 10 tests
test prefab::tests::prefab_name_reads_string_or_link ... ok
test prefab::tests::objects_merge_recursively_arrays_replace ... ok
test package_tests::package_registers_versioned_manifest ... ok
test prefab::tests::diff_keeps_overridden_and_novel_components ... ok
test protocol::tests::parses_the_external_hub_world_when_available ... ok
test prefab::tests::expand_then_diff_is_identity_on_deltas ... ok
test protocol::tests::preserves_unknown_ops_and_messages ... ok
test protocol::tests::typed_boomtown_components_and_model_parts_deserialize ... ok
test protocol::tests::parses_and_roundtrips_the_committed_fixture_world ... ok
test protocol::tests::parses_boomtown_world_when_available ... ok

test result: ok. 10 passed; 0 failed; 0 ignored; 0 measured; 0 filtered out; finished in 0.73s

     Running tests/ecs.rs (target/debug/deps/ecs-faa99e814a10566c)

running 4 tests
test command_buffer_replays_in_record_order_at_explicit_boundary ... ok
test fixed_group_accumulator_clamps_and_preserves_fraction ... ok
test dynamic_component_soa_roundtrip_query_and_gaia_map ... ok
test dotscity_compiled_order_conforms_to_reference_snapshot ... ok

test result: ok. 4 passed; 0 failed; 0 ignored; 0 measured; 0 filtered out; finished in 0.04s

     Running tests/world_loading.rs (target/debug/deps/world_loading-513b743a55fbe64c)

running 3 tests
test world_json_composes_two_scenes_into_one_ecs ... ok
test prefab_instance_deep_merges_under_its_deltas ... ok
test naruko_blank_page_parses_and_populates_expected_entities ... ok

test result: ok. 3 passed; 0 failed; 0 ignored; 0 measured; 0 filtered out; finished in 0.01s

     Running unittests src/lib.rs (target/debug/deps/elements-2c071961db34bb8e)

running 0 tests

test result: ok. 0 passed; 0 failed; 0 ignored; 0 measured; 0 filtered out; finished in 0.00s

     Running tests/adv_chain.rs (target/debug/deps/adv_chain-97019affb17f5fa7)

running 1 test
test adv_chain_three_walls ... ok

test result: ok. 1 passed; 0 failed; 0 ignored; 0 measured; 0 filtered out; finished in 0.00s

     Running tests/adv_margin.rs (target/debug/deps/adv_margin-4be0ab7363625468)

running 2 tests
test adv_two_sided_overshoot ... ok
test adv_grid_boundary_superset ... ok

test result: ok. 2 passed; 0 failed; 0 ignored; 0 measured; 0 filtered out; finished in 0.01s

     Running tests/diag.rs (target/debug/deps/diag-9160f76f81ddff5e)

running 1 test
test diag_incline ... ok

test result: ok. 1 passed; 0 failed; 0 ignored; 0 measured; 0 filtered out; finished in 15.13s

     Running tests/ordeals.rs (target/debug/deps/ordeals-78904511bd19d5cc)

running 16 tests
test ordeal_fracture_weak_link_breaks ... ok
test ordeal_momentum_gate_catches_injected_leak - should panic ... ok
test ordeal_restitution_apex_matches_param ... ok
test ordeal_pendulum_period ... ok
test ordeal_mixed_radius_bodies_rest_at_derived_gap ... ok
test ordeal_stack_topple_momentum_drift_bounded ... ok
test ordeal_energy_behavior_documented ... ok
test ordeal_box_drop_settles_level_and_still ... ok
test ordeal_rigid_invariance_under_tumbling ... ok
test ordeal_chain_length_conservation ... ok
test ordeal_rigid_energy_honest ... ok
test ordeal_determinism_rigid_collision ... ok
test ordeal_determinism_byte_identical ... ok
test ordeal_stack_at_rest_stability_after_topple ... ok
test ordeal_stack_topple_replay_is_byte_identical ... ok
test ordeal_friction_incline_critical_angle ... ok

test result: ok. 16 passed; 0 failed; 0 ignored; 0 measured; 0 filtered out; finished in 2.70s

     Running tests/pscale_broadphase.rs (target/debug/deps/pscale_broadphase-a66ee907d87eb1ff)

running 4 tests
test ordeal_grid_query_is_complete ... ok
test ordeal_broadphase_deterministic ... ok
test ordeal_broadphase_replay_byte_identical ... ok
test ordeal_broadphase_pruned_pairs_never_contact has been running for over 60 seconds
test ordeal_broadphase_pruned_pairs_never_contact ... ok

test result: ok. 4 passed; 0 failed; 0 ignored; 0 measured; 0 filtered out; finished in 92.87s

     Running tests/pscale_ordeals.rs (target/debug/deps/pscale_ordeals-aa991dace00a58e4)

running 5 tests
