[package] scrying-glass v0.1.0 registered
[world] /Users/pascaldisse/projects/magic-crystal-playground/worlds/bloodbend-proof scene(s)=["main"] entities=4 chains=2 clusters=2 transmute=0.4ms
[embodiment] spawn eye=Vec3(0.0, 1.7, 24.0) yaw=0 floor_triangles=8 tick_dt=0.016666668
[pleroma] BVH nodes=17 triangles=24 (static 24 + dynamic 0) build=0.0ms; 0 dynamic entit(ies) — living layer
[pleroma] traced integrator spp=2 bounces=4 rr_start=2 — first_light is dead
[wgpu] traced 640x480 → upscale → surface 1920x1280 (bilinear); Bgra8UnormSrgb
[bloodbend] 🩸 watching 1 scene file(s) + /Users/pascaldisse/projects/magic-crystal-playground/packages/scrying-glass/src/integrator.wgsl @ 300ms poll
[frame] trace 640x480 → surface 960x640: median 3.13ms mean 4.27ms/frame (spp=2, 60-frame sample)
[scry] GET http://127.0.0.1:8431/scry (alias: /screenshot; optional pos/yaw/pitch/fov/w/h)
[embodiment] GET http://127.0.0.1:8431/pose · POST http://127.0.0.1:8431/walk {keys,yaw?,pitch?,ticks?}
[scrying-glass] child webview overlay created; render, capture, PNG, and HTTP run off the main thread
[hud] window.__gaiaHud && window.__gaiaHud(39.8,25.11)
[hud] window.__gaiaHud && window.__gaiaHud(18.1,55.15)
[hud] window.__gaiaHud && window.__gaiaHud(39.8,25.11)
[hud] window.__gaiaHud && window.__gaiaHud(39.8,25.11)
[hud] window.__gaiaHud && window.__gaiaHud(52.1,19.18)
[bloodbend] 📜 journaled previous scene → /Users/pascaldisse/projects/magic-crystal-playground/proof/bloodbend/closure/journal/scene-1784378587529
[bloodbend] ✅ BEND APPLIED · scene · +0 added [] · ~1 changed ["proof_crate"] · -0 removed []
[bloodbend] ⛔ ZAUBERPOLIZEI REJECT · scene · parse /Users/pascaldisse/projects/magic-crystal-playground/worlds/bloodbend-proof/scenes/main.json: expected `:` at line 18 column 17
[bloodbend] 📜 journaled previous scene → /Users/pascaldisse/projects/magic-crystal-playground/proof/bloodbend/closure/journal/scene-1784378626884
[bloodbend] ✅ BEND APPLIED · scene · +0 added [] · ~0 changed [] · -0 removed []
[bloodbend] ✅ BEND APPLIED · shader · /Users/pascaldisse/projects/magic-crystal-playground/packages/scrying-glass/src/integrator.wgsl recompiled
[bloodbend] ⛔ ZAUBERPOLIZEI REJECT · shader · Validation Error

Caused by:
  In Device::create_shader_module, label = 'L1 traced integrator (bent)'
    
Shader 'L1 traced integrator (bent)' parsing error: expected expression, found ";"
    ┌─ wgsl:686:38
    │
686 │   rgb = rgb * THIS_IS_NOT_VALID_WGSL(;
    │                                      ^ expected expression



[bloodbend] ✅ BEND APPLIED · shader · /Users/pascaldisse/projects/magic-crystal-playground/packages/scrying-glass/src/integrator.wgsl recompiled
[wgpu-input] passthrough click x=801.5 y=132.1
